[4.599s] Invoking command in '/home/burger/CS-7785/lab_3/team13_chase_object': PYTHONPATH=/home/burger/CS-7785/lab_3/team13_chase_object/build/team13_chase_object/prefix_override:/home/burger/CS-7785/lab_3/team13_chase_object/install/team13_chase_object/lib/python3.10/site-packages:${PYTHONPATH} /usr/bin/python3 setup.py egg_info --egg-base build/team13_chase_object build --build-base /home/burger/CS-7785/lab_3/team13_chase_object/build/team13_chase_object/build install --record /home/burger/CS-7785/lab_3/team13_chase_object/build/team13_chase_object/install.log --single-version-externally-managed
[6.111s] running egg_info
[6.187s] writing build/team13_chase_object/team13_chase_object.egg-info/PKG-INFO
[6.190s] writing dependency_links to build/team13_chase_object/team13_chase_object.egg-info/dependency_links.txt
[6.191s] writing entry points to build/team13_chase_object/team13_chase_object.egg-info/entry_points.txt
[6.193s] writing requirements to build/team13_chase_object/team13_chase_object.egg-info/requires.txt
[6.193s] writing top-level names to build/team13_chase_object/team13_chase_object.egg-info/top_level.txt
[6.359s] reading manifest file 'build/team13_chase_object/team13_chase_object.egg-info/SOURCES.txt'
[6.367s] writing manifest file 'build/team13_chase_object/team13_chase_object.egg-info/SOURCES.txt'
[6.367s] running build
[6.371s] running build_py
[6.372s] copying team13_chase_object/get_object_range.py -> /home/burger/CS-7785/lab_3/team13_chase_object/build/team13_chase_object/build/lib/team13_chase_object
[6.374s] running install
[6.375s] /usr/local/lib/python3.10/dist-packages/setuptools/_distutils/cmd.py:66: SetuptoolsDeprecationWarning: setup.py install is deprecated.
[6.376s] !!
[6.377s] 
[6.377s]         ********************************************************************************
[6.378s]         Please avoid running ``setup.py`` directly.
[6.387s]         Instead, use pypa/build, pypa/installer or other
[6.393s]         standards-based tools.
[6.393s] 
[6.394s]         See https://blog.ganssle.io/articles/2021/10/setup-py-deprecated.html for details.
[6.394s]         ********************************************************************************
[6.394s] 
[6.395s] !!
[6.395s]   self.initialize_options()
[6.400s] running install_lib
[6.478s] copying /home/burger/CS-7785/lab_3/team13_chase_object/build/team13_chase_object/build/lib/team13_chase_object/get_object_range.py -> /home/burger/CS-7785/lab_3/team13_chase_object/install/team13_chase_object/lib/python3.10/site-packages/team13_chase_object
[6.483s] byte-compiling /home/burger/CS-7785/lab_3/team13_chase_object/install/team13_chase_object/lib/python3.10/site-packages/team13_chase_object/__init__.py to __init__.cpython-310.pyc
[6.490s] byte-compiling /home/burger/CS-7785/lab_3/team13_chase_object/install/team13_chase_object/lib/python3.10/site-packages/team13_chase_object/get_object_range.py to get_object_range.cpython-310.pyc
[6.497s] running install_data
[6.587s] running install_egg_info
[6.674s] removing '/home/burger/CS-7785/lab_3/team13_chase_object/install/team13_chase_object/lib/python3.10/site-packages/team13_chase_object-0.0.0-py3.10.egg-info' (and everything under it)
[6.676s] Copying build/team13_chase_object/team13_chase_object.egg-info to /home/burger/CS-7785/lab_3/team13_chase_object/install/team13_chase_object/lib/python3.10/site-packages/team13_chase_object-0.0.0-py3.10.egg-info
[6.696s] running install_scripts
[7.500s] Installing chase_object script to /home/burger/CS-7785/lab_3/team13_chase_object/install/team13_chase_object/lib/team13_chase_object
[7.502s] Installing detect_object script to /home/burger/CS-7785/lab_3/team13_chase_object/install/team13_chase_object/lib/team13_chase_object
[7.504s] Installing get_object_range script to /home/burger/CS-7785/lab_3/team13_chase_object/install/team13_chase_object/lib/team13_chase_object
[7.508s] writing list of installed files to '/home/burger/CS-7785/lab_3/team13_chase_object/build/team13_chase_object/install.log'
[7.691s] Invoked command in '/home/burger/CS-7785/lab_3/team13_chase_object' returned '0': PYTHONPATH=/home/burger/CS-7785/lab_3/team13_chase_object/build/team13_chase_object/prefix_override:/home/burger/CS-7785/lab_3/team13_chase_object/install/team13_chase_object/lib/python3.10/site-packages:${PYTHONPATH} /usr/bin/python3 setup.py egg_info --egg-base build/team13_chase_object build --build-base /home/burger/CS-7785/lab_3/team13_chase_object/build/team13_chase_object/build install --record /home/burger/CS-7785/lab_3/team13_chase_object/build/team13_chase_object/install.log --single-version-externally-managed
