running egg_info
writing ../build/team13_object_follower/team13_object_follower.egg-info/PKG-INFO
writing dependency_links to ../build/team13_object_follower/team13_object_follower.egg-info/dependency_links.txt
writing entry points to ../build/team13_object_follower/team13_object_follower.egg-info/entry_points.txt
writing requirements to ../build/team13_object_follower/team13_object_follower.egg-info/requires.txt
writing top-level names to ../build/team13_object_follower/team13_object_follower.egg-info/top_level.txt
reading manifest file '../build/team13_object_follower/team13_object_follower.egg-info/SOURCES.txt'
writing manifest file '../build/team13_object_follower/team13_object_follower.egg-info/SOURCES.txt'
running build
running build_py
copying team13_object_follower/find_object.py -> /home/aryan/CS-7785/Lab 2/build/team13_object_follower/build/lib/team13_object_follower
copying team13_object_follower/rotate_robot.py -> /home/aryan/CS-7785/Lab 2/build/team13_object_follower/build/lib/team13_object_follower
copying team13_object_follower/view_image_raw.py -> /home/aryan/CS-7785/Lab 2/build/team13_object_follower/build/lib/team13_object_follower
copying team13_object_follower/view_image_raw2.py -> /home/aryan/CS-7785/Lab 2/build/team13_object_follower/build/lib/team13_object_follower
running install
/usr/lib/python3/dist-packages/setuptools/command/install.py:34: SetuptoolsDeprecationWarning: setup.py install is deprecated. Use build and pip and other standards-based tools.
  warnings.warn(
running install_lib
copying /home/aryan/CS-7785/Lab 2/build/team13_object_follower/build/lib/team13_object_follower/find_object.py -> /home/aryan/CS-7785/Lab 2/install/team13_object_follower/lib/python3.10/site-packages/team13_object_follower
copying /home/aryan/CS-7785/Lab 2/build/team13_object_follower/build/lib/team13_object_follower/rotate_robot.py -> /home/aryan/CS-7785/Lab 2/install/team13_object_follower/lib/python3.10/site-packages/team13_object_follower
copying /home/aryan/CS-7785/Lab 2/build/team13_object_follower/build/lib/team13_object_follower/view_image_raw.py -> /home/aryan/CS-7785/Lab 2/install/team13_object_follower/lib/python3.10/site-packages/team13_object_follower
copying /home/aryan/CS-7785/Lab 2/build/team13_object_follower/build/lib/team13_object_follower/view_image_raw2.py -> /home/aryan/CS-7785/Lab 2/install/team13_object_follower/lib/python3.10/site-packages/team13_object_follower
byte-compiling /home/aryan/CS-7785/Lab 2/install/team13_object_follower/lib/python3.10/site-packages/team13_object_follower/find_object.py to find_object.cpython-310.pyc
byte-compiling /home/aryan/CS-7785/Lab 2/install/team13_object_follower/lib/python3.10/site-packages/team13_object_follower/rotate_robot.py to rotate_robot.cpython-310.pyc
byte-compiling /home/aryan/CS-7785/Lab 2/install/team13_object_follower/lib/python3.10/site-packages/team13_object_follower/view_image_raw.py to view_image_raw.cpython-310.pyc
byte-compiling /home/aryan/CS-7785/Lab 2/install/team13_object_follower/lib/python3.10/site-packages/team13_object_follower/view_image_raw2.py to view_image_raw2.cpython-310.pyc
running install_data
running install_egg_info
removing '/home/aryan/CS-7785/Lab 2/install/team13_object_follower/lib/python3.10/site-packages/team13_object_follower-0.0.0-py3.10.egg-info' (and everything under it)
Copying ../build/team13_object_follower/team13_object_follower.egg-info to /home/aryan/CS-7785/Lab 2/install/team13_object_follower/lib/python3.10/site-packages/team13_object_follower-0.0.0-py3.10.egg-info
running install_scripts
writing list of installed files to '/home/aryan/CS-7785/Lab 2/build/team13_object_follower/install.log'
