[3.534s] Invoking command in '/home/burger/CS-7785/lab_2/team13_object_follower': PYTHONPATH=/home/burger/CS-7785/lab_2/build/team13_object_follower/prefix_override:/home/burger/CS-7785/lab_2/install/team13_object_follower/lib/python3.10/site-packages:${PYTHONPATH} /usr/bin/python3 setup.py egg_info --egg-base ../build/team13_object_follower build --build-base /home/burger/CS-7785/lab_2/build/team13_object_follower/build install --record /home/burger/CS-7785/lab_2/build/team13_object_follower/install.log --single-version-externally-managed
[4.557s] running egg_info
[4.624s] writing ../build/team13_object_follower/team13_object_follower.egg-info/PKG-INFO
[4.625s] writing dependency_links to ../build/team13_object_follower/team13_object_follower.egg-info/dependency_links.txt
[4.626s] writing entry points to ../build/team13_object_follower/team13_object_follower.egg-info/entry_points.txt
[4.627s] writing requirements to ../build/team13_object_follower/team13_object_follower.egg-info/requires.txt
[4.629s] writing top-level names to ../build/team13_object_follower/team13_object_follower.egg-info/top_level.txt
[4.766s] reading manifest file '../build/team13_object_follower/team13_object_follower.egg-info/SOURCES.txt'
[4.767s] writing manifest file '../build/team13_object_follower/team13_object_follower.egg-info/SOURCES.txt'
[4.768s] running build
[4.769s] running build_py
[4.770s] copying team13_object_follower/find_object.py -> /home/burger/CS-7785/lab_2/build/team13_object_follower/build/lib/team13_object_follower
[4.772s] running install
[4.774s] /usr/local/lib/python3.10/dist-packages/setuptools/_distutils/cmd.py:66: SetuptoolsDeprecationWarning: setup.py install is deprecated.
[4.774s] !!
[4.774s] 
[4.775s]         ********************************************************************************
[4.777s]         Please avoid running ``setup.py`` directly.
[4.778s]         Instead, use pypa/build, pypa/installer or other
[4.778s]         standards-based tools.
[4.779s] 
[4.779s]         See https://blog.ganssle.io/articles/2021/10/setup-py-deprecated.html for details.
[4.779s]         ********************************************************************************
[4.780s] 
[4.780s] !!
[4.780s]   self.initialize_options()
[4.800s] running install_lib
[4.862s] copying /home/burger/CS-7785/lab_2/build/team13_object_follower/build/lib/team13_object_follower/find_object.py -> /home/burger/CS-7785/lab_2/install/team13_object_follower/lib/python3.10/site-packages/team13_object_follower
[4.866s] byte-compiling /home/burger/CS-7785/lab_2/install/team13_object_follower/lib/python3.10/site-packages/team13_object_follower/find_object.py to find_object.cpython-310.pyc
[4.872s] running install_data
[4.934s] running install_egg_info
[5.006s] removing '/home/burger/CS-7785/lab_2/install/team13_object_follower/lib/python3.10/site-packages/team13_object_follower-0.0.0-py3.10.egg-info' (and everything under it)
[5.008s] Copying ../build/team13_object_follower/team13_object_follower.egg-info to /home/burger/CS-7785/lab_2/install/team13_object_follower/lib/python3.10/site-packages/team13_object_follower-0.0.0-py3.10.egg-info
[5.015s] running install_scripts
[5.665s] Installing find_object script to /home/burger/CS-7785/lab_2/install/team13_object_follower/lib/team13_object_follower
[5.668s] Installing rotate_robot script to /home/burger/CS-7785/lab_2/install/team13_object_follower/lib/team13_object_follower
[5.671s] writing list of installed files to '/home/burger/CS-7785/lab_2/build/team13_object_follower/install.log'
[5.813s] Invoked command in '/home/burger/CS-7785/lab_2/team13_object_follower' returned '0': PYTHONPATH=/home/burger/CS-7785/lab_2/build/team13_object_follower/prefix_override:/home/burger/CS-7785/lab_2/install/team13_object_follower/lib/python3.10/site-packages:${PYTHONPATH} /usr/bin/python3 setup.py egg_info --egg-base ../build/team13_object_follower build --build-base /home/burger/CS-7785/lab_2/build/team13_object_follower/build install --record /home/burger/CS-7785/lab_2/build/team13_object_follower/install.log --single-version-externally-managed
