[1.543s] DEBUG:colcon:Command line arguments: ['/usr/bin/colcon', 'build']
[1.546s] DEBUG:colcon:Parsed command line arguments: Namespace(log_base=None, log_level=None, verb_name='build', build_base='build', install_base='install', merge_install=False, symlink_install=False, test_result_base=None, continue_on_error=False, executor='parallel', parallel_workers=4, event_handlers=None, ignore_user_meta=False, metas=['./colcon.meta'], base_paths=['.'], packages_ignore=None, packages_ignore_regex=None, paths=None, packages_up_to=None, packages_up_to_regex=None, packages_above=None, packages_above_and_dependencies=None, packages_above_depth=None, packages_select_by_dep=None, packages_skip_by_dep=None, packages_skip_up_to=None, packages_select_build_failed=False, packages_skip_build_finished=False, packages_select_test_failures=False, packages_skip_test_passed=False, packages_select=None, packages_skip=None, packages_select_regex=None, packages_skip_regex=None, packages_start=None, packages_end=None, allow_overriding=[], cmake_args=None, cmake_target=None, cmake_target_skip_unavailable=False, cmake_clean_cache=False, cmake_clean_first=False, cmake_force_configure=False, ament_cmake_args=None, catkin_cmake_args=None, catkin_skip_building_tests=False, verb_parser=<colcon_defaults.argument_parser.defaults.DefaultArgumentsDecorator object at 0xffff8c1140a0>, verb_extension=<colcon_core.verb.build.BuildVerb object at 0xffff8c2cdb40>, main=<bound method BuildVerb.main of <colcon_core.verb.build.BuildVerb object at 0xffff8c2cdb40>>)
[1.730s] Level 1:colcon.colcon_core.package_discovery:discover_packages(colcon_meta) check parameters
[1.731s] Level 1:colcon.colcon_core.package_discovery:discover_packages(recursive) check parameters
[1.732s] Level 1:colcon.colcon_core.package_discovery:discover_packages(ignore) check parameters
[1.733s] Level 1:colcon.colcon_core.package_discovery:discover_packages(path) check parameters
[1.733s] Level 1:colcon.colcon_core.package_discovery:discover_packages(colcon_meta) discover
[1.734s] Level 1:colcon.colcon_core.package_discovery:discover_packages(recursive) discover
[1.735s] INFO:colcon.colcon_core.package_discovery:Crawling recursively for packages in '/home/burger/CS-7785/lab_3/team13_chase_object'
[1.736s] Level 1:colcon.colcon_core.package_identification:_identify(.) by extensions ['ignore', 'ignore_ament_install']
[1.737s] Level 1:colcon.colcon_core.package_identification:_identify(.) by extension 'ignore'
[1.737s] Level 1:colcon.colcon_core.package_identification:_identify(.) by extension 'ignore_ament_install'
[1.738s] Level 1:colcon.colcon_core.package_identification:_identify(.) by extensions ['colcon_pkg']
[1.739s] Level 1:colcon.colcon_core.package_identification:_identify(.) by extension 'colcon_pkg'
[1.739s] Level 1:colcon.colcon_core.package_identification:_identify(.) by extensions ['colcon_meta']
[1.740s] Level 1:colcon.colcon_core.package_identification:_identify(.) by extension 'colcon_meta'
[1.740s] Level 1:colcon.colcon_core.package_identification:_identify(.) by extensions ['ros']
[1.741s] Level 1:colcon.colcon_core.package_identification:_identify(.) by extension 'ros'
[1.826s] DEBUG:colcon.colcon_core.package_identification:Package '.' with type 'ros.ament_python' and name 'team13_chase_object'
[1.827s] Level 1:colcon.colcon_core.package_discovery:discover_packages(recursive) using defaults
[1.830s] Level 1:colcon.colcon_core.package_discovery:discover_packages(ignore) discover
[1.830s] Level 1:colcon.colcon_core.package_discovery:discover_packages(ignore) using defaults
[1.830s] Level 1:colcon.colcon_core.package_discovery:discover_packages(path) discover
[1.830s] Level 1:colcon.colcon_core.package_discovery:discover_packages(path) using defaults
[1.968s] Level 1:colcon.colcon_core.package_discovery:discover_packages(prefix_path) check parameters
[1.969s] Level 1:colcon.colcon_core.package_discovery:discover_packages(prefix_path) discover
[1.987s] DEBUG:colcon.colcon_installed_package_information.package_discovery:Found 1 installed packages in /home/burger/CS-7785/lab_3/team13_chase_object/install
[1.993s] DEBUG:colcon.colcon_installed_package_information.package_discovery:Found 8 installed packages in /home/burger/turtlebot3_ws/install
[1.998s] DEBUG:colcon.colcon_installed_package_information.package_discovery:Found 1 installed packages in /home/burger/CS-7785/lab_3/install
[2.009s] DEBUG:colcon.colcon_installed_package_information.package_discovery:Found 206 installed packages in /opt/ros/humble
[2.015s] Level 1:colcon.colcon_core.package_discovery:discover_packages(prefix_path) using defaults
[2.219s] Level 5:colcon.colcon_core.verb:set package 'team13_chase_object' build argument 'cmake_args' from command line to 'None'
[2.220s] Level 5:colcon.colcon_core.verb:set package 'team13_chase_object' build argument 'cmake_target' from command line to 'None'
[2.220s] Level 5:colcon.colcon_core.verb:set package 'team13_chase_object' build argument 'cmake_target_skip_unavailable' from command line to 'False'
[2.220s] Level 5:colcon.colcon_core.verb:set package 'team13_chase_object' build argument 'cmake_clean_cache' from command line to 'False'
[2.220s] Level 5:colcon.colcon_core.verb:set package 'team13_chase_object' build argument 'cmake_clean_first' from command line to 'False'
[2.220s] Level 5:colcon.colcon_core.verb:set package 'team13_chase_object' build argument 'cmake_force_configure' from command line to 'False'
[2.220s] Level 5:colcon.colcon_core.verb:set package 'team13_chase_object' build argument 'ament_cmake_args' from command line to 'None'
[2.220s] Level 5:colcon.colcon_core.verb:set package 'team13_chase_object' build argument 'catkin_cmake_args' from command line to 'None'
[2.221s] Level 5:colcon.colcon_core.verb:set package 'team13_chase_object' build argument 'catkin_skip_building_tests' from command line to 'False'
[2.221s] DEBUG:colcon.colcon_core.verb:Building package 'team13_chase_object' with the following arguments: {'ament_cmake_args': None, 'build_base': '/home/burger/CS-7785/lab_3/team13_chase_object/build/team13_chase_object', 'catkin_cmake_args': None, 'catkin_skip_building_tests': False, 'cmake_args': None, 'cmake_clean_cache': False, 'cmake_clean_first': False, 'cmake_force_configure': False, 'cmake_target': None, 'cmake_target_skip_unavailable': False, 'install_base': '/home/burger/CS-7785/lab_3/team13_chase_object/install/team13_chase_object', 'merge_install': False, 'path': '/home/burger/CS-7785/lab_3/team13_chase_object', 'symlink_install': False, 'test_result_base': None}
[2.224s] INFO:colcon.colcon_core.executor:Executing jobs using 'parallel' executor
[2.238s] DEBUG:colcon.colcon_parallel_executor.executor.parallel:run_until_complete
[2.239s] INFO:colcon.colcon_ros.task.ament_python.build:Building ROS package in '/home/burger/CS-7785/lab_3/team13_chase_object' with build type 'ament_python'
[2.240s] Level 1:colcon.colcon_core.shell:create_environment_hook('team13_chase_object', 'ament_prefix_path')
[2.265s] INFO:colcon.colcon_core.plugin_system:Skipping extension 'colcon_core.shell.bat': Not used on non-Windows systems
[2.266s] INFO:colcon.colcon_core.shell:Creating environment hook '/home/burger/CS-7785/lab_3/team13_chase_object/install/team13_chase_object/share/team13_chase_object/hook/ament_prefix_path.ps1'
[2.269s] INFO:colcon.colcon_core.shell:Creating environment descriptor '/home/burger/CS-7785/lab_3/team13_chase_object/install/team13_chase_object/share/team13_chase_object/hook/ament_prefix_path.dsv'
[2.272s] INFO:colcon.colcon_core.shell:Creating environment hook '/home/burger/CS-7785/lab_3/team13_chase_object/install/team13_chase_object/share/team13_chase_object/hook/ament_prefix_path.sh'
[2.284s] INFO:colcon.colcon_core.shell:Skip shell extension 'powershell' for command environment: Not usable outside of PowerShell
[2.284s] DEBUG:colcon.colcon_core.shell:Skip shell extension 'dsv' for command environment
[3.549s] INFO:colcon.colcon_core.task.python.build:Building Python package in '/home/burger/CS-7785/lab_3/team13_chase_object'
[3.555s] INFO:colcon.colcon_core.shell:Skip shell extension 'powershell' for command environment: Not usable outside of PowerShell
[3.556s] DEBUG:colcon.colcon_core.shell:Skip shell extension 'dsv' for command environment
[6.707s] DEBUG:colcon.colcon_core.event_handler.log_command:Invoking command in '/home/burger/CS-7785/lab_3/team13_chase_object': PYTHONPATH=/home/burger/CS-7785/lab_3/team13_chase_object/build/team13_chase_object/prefix_override:/home/burger/CS-7785/lab_3/team13_chase_object/install/team13_chase_object/lib/python3.10/site-packages:${PYTHONPATH} /usr/bin/python3 setup.py egg_info --egg-base build/team13_chase_object build --build-base /home/burger/CS-7785/lab_3/team13_chase_object/build/team13_chase_object/build install --record /home/burger/CS-7785/lab_3/team13_chase_object/build/team13_chase_object/install.log --single-version-externally-managed
[9.768s] DEBUG:colcon.colcon_core.event_handler.log_command:Invoked command in '/home/burger/CS-7785/lab_3/team13_chase_object' returned '0': PYTHONPATH=/home/burger/CS-7785/lab_3/team13_chase_object/build/team13_chase_object/prefix_override:/home/burger/CS-7785/lab_3/team13_chase_object/install/team13_chase_object/lib/python3.10/site-packages:${PYTHONPATH} /usr/bin/python3 setup.py egg_info --egg-base build/team13_chase_object build --build-base /home/burger/CS-7785/lab_3/team13_chase_object/build/team13_chase_object/build install --record /home/burger/CS-7785/lab_3/team13_chase_object/build/team13_chase_object/install.log --single-version-externally-managed
[9.779s] Level 1:colcon.colcon_core.environment:checking '/home/burger/CS-7785/lab_3/team13_chase_object/install/team13_chase_object' for CMake module files
[9.782s] Level 1:colcon.colcon_core.environment:checking '/home/burger/CS-7785/lab_3/team13_chase_object/install/team13_chase_object' for CMake config files
[9.789s] Level 1:colcon.colcon_core.environment:checking '/home/burger/CS-7785/lab_3/team13_chase_object/install/team13_chase_object/lib'
[9.791s] Level 1:colcon.colcon_core.environment:checking '/home/burger/CS-7785/lab_3/team13_chase_object/install/team13_chase_object/bin'
[9.792s] Level 1:colcon.colcon_core.environment:checking '/home/burger/CS-7785/lab_3/team13_chase_object/install/team13_chase_object/lib/pkgconfig/team13_chase_object.pc'
[9.793s] Level 1:colcon.colcon_core.environment:checking '/home/burger/CS-7785/lab_3/team13_chase_object/install/team13_chase_object/lib/python3.10/site-packages'
[9.794s] Level 1:colcon.colcon_core.shell:create_environment_hook('team13_chase_object', 'pythonpath')
[9.800s] INFO:colcon.colcon_core.shell:Creating environment hook '/home/burger/CS-7785/lab_3/team13_chase_object/install/team13_chase_object/share/team13_chase_object/hook/pythonpath.ps1'
[9.803s] INFO:colcon.colcon_core.shell:Creating environment descriptor '/home/burger/CS-7785/lab_3/team13_chase_object/install/team13_chase_object/share/team13_chase_object/hook/pythonpath.dsv'
[9.805s] INFO:colcon.colcon_core.shell:Creating environment hook '/home/burger/CS-7785/lab_3/team13_chase_object/install/team13_chase_object/share/team13_chase_object/hook/pythonpath.sh'
[9.809s] Level 1:colcon.colcon_core.environment:checking '/home/burger/CS-7785/lab_3/team13_chase_object/install/team13_chase_object/bin'
[9.810s] Level 1:colcon.colcon_core.environment:create_environment_scripts_only(team13_chase_object)
[9.817s] INFO:colcon.colcon_core.shell:Creating package script '/home/burger/CS-7785/lab_3/team13_chase_object/install/team13_chase_object/share/team13_chase_object/package.ps1'
[9.823s] INFO:colcon.colcon_core.shell:Creating package descriptor '/home/burger/CS-7785/lab_3/team13_chase_object/install/team13_chase_object/share/team13_chase_object/package.dsv'
[9.826s] INFO:colcon.colcon_core.shell:Creating package script '/home/burger/CS-7785/lab_3/team13_chase_object/install/team13_chase_object/share/team13_chase_object/package.sh'
[9.830s] INFO:colcon.colcon_core.shell:Creating package script '/home/burger/CS-7785/lab_3/team13_chase_object/install/team13_chase_object/share/team13_chase_object/package.bash'
[9.834s] INFO:colcon.colcon_core.shell:Creating package script '/home/burger/CS-7785/lab_3/team13_chase_object/install/team13_chase_object/share/team13_chase_object/package.zsh'
[9.837s] Level 1:colcon.colcon_core.environment:create_file_with_runtime_dependencies(/home/burger/CS-7785/lab_3/team13_chase_object/install/team13_chase_object/share/colcon-core/packages/team13_chase_object)
[9.839s] DEBUG:colcon.colcon_parallel_executor.executor.parallel:closing loop
[9.844s] DEBUG:colcon.colcon_parallel_executor.executor.parallel:loop closed
[9.844s] DEBUG:colcon.colcon_parallel_executor.executor.parallel:run_until_complete finished with '0'
[9.845s] DEBUG:colcon.colcon_core.event_reactor:joining thread
[9.889s] INFO:colcon.colcon_core.plugin_system:Skipping extension 'colcon_notification.desktop_notification.notify_send': Could not find 'notify-send'
[9.890s] INFO:colcon.colcon_core.plugin_system:Skipping extension 'colcon_notification.desktop_notification.terminal_notifier': Not used on non-Darwin systems
[9.891s] INFO:colcon.colcon_core.plugin_system:Skipping extension 'colcon_notification.desktop_notification.win32': Not used on non-Windows systems
[9.893s] INFO:colcon.colcon_notification.desktop_notification:Sending desktop notification using 'notify2'
[9.900s] DEBUG:colcon.colcon_notification.desktop_notification.notify2:Failed to initialize notify2: org.freedesktop.DBus.Error.ServiceUnknown: The name org.freedesktop.Notifications was not provided by any .service files
[9.903s] DEBUG:colcon.colcon_core.event_reactor:joined thread
[9.911s] INFO:colcon.colcon_core.shell:Creating prefix script '/home/burger/CS-7785/lab_3/team13_chase_object/install/local_setup.ps1'
[9.917s] INFO:colcon.colcon_core.shell:Creating prefix util module '/home/burger/CS-7785/lab_3/team13_chase_object/install/_local_setup_util_ps1.py'
[9.924s] INFO:colcon.colcon_core.shell:Creating prefix chain script '/home/burger/CS-7785/lab_3/team13_chase_object/install/setup.ps1'
[9.935s] INFO:colcon.colcon_core.shell:Creating prefix script '/home/burger/CS-7785/lab_3/team13_chase_object/install/local_setup.sh'
[9.939s] INFO:colcon.colcon_core.shell:Creating prefix util module '/home/burger/CS-7785/lab_3/team13_chase_object/install/_local_setup_util_sh.py'
[9.945s] INFO:colcon.colcon_core.shell:Creating prefix chain script '/home/burger/CS-7785/lab_3/team13_chase_object/install/setup.sh'
[9.956s] INFO:colcon.colcon_core.shell:Creating prefix script '/home/burger/CS-7785/lab_3/team13_chase_object/install/local_setup.bash'
[9.958s] INFO:colcon.colcon_core.shell:Creating prefix chain script '/home/burger/CS-7785/lab_3/team13_chase_object/install/setup.bash'
[9.970s] INFO:colcon.colcon_core.shell:Creating prefix script '/home/burger/CS-7785/lab_3/team13_chase_object/install/local_setup.zsh'
[9.973s] INFO:colcon.colcon_core.shell:Creating prefix chain script '/home/burger/CS-7785/lab_3/team13_chase_object/install/setup.zsh'
