[3.457s] Invoking command in '/home/burger/CS-7785/lab_3/team13_chase_object': PYTHONPATH=/home/burger/CS-7785/lab_3/build/team13_chase_object/prefix_override:/home/burger/CS-7785/lab_3/install/team13_chase_object/lib/python3.10/site-packages:${PYTHONPATH} /usr/bin/python3 setup.py egg_info --egg-base ../build/team13_chase_object build --build-base /home/burger/CS-7785/lab_3/build/team13_chase_object/build install --record /home/burger/CS-7785/lab_3/build/team13_chase_object/install.log --single-version-externally-managed
[4.460s] running egg_info
[4.521s] writing ../build/team13_chase_object/team13_chase_object.egg-info/PKG-INFO
[4.526s] writing dependency_links to ../build/team13_chase_object/team13_chase_object.egg-info/dependency_links.txt
[4.529s] writing entry points to ../build/team13_chase_object/team13_chase_object.egg-info/entry_points.txt
[4.530s] writing requirements to ../build/team13_chase_object/team13_chase_object.egg-info/requires.txt
[4.530s] writing top-level names to ../build/team13_chase_object/team13_chase_object.egg-info/top_level.txt
[4.668s] reading manifest file '../build/team13_chase_object/team13_chase_object.egg-info/SOURCES.txt'
[4.673s] writing manifest file '../build/team13_chase_object/team13_chase_object.egg-info/SOURCES.txt'
[4.674s] running build
[4.675s] running build_py
[4.677s] running install
[4.678s] /usr/local/lib/python3.10/dist-packages/setuptools/_distutils/cmd.py:66: SetuptoolsDeprecationWarning: setup.py install is deprecated.
[4.679s] !!
[4.679s] 
[4.679s]         ********************************************************************************
[4.680s]         Please avoid running ``setup.py`` directly.
[4.681s]         Instead, use pypa/build, pypa/installer or other
[4.681s]         standards-based tools.
[4.682s] 
[4.682s]         See https://blog.ganssle.io/articles/2021/10/setup-py-deprecated.html for details.
[4.682s]         ********************************************************************************
[4.683s] 
[4.683s] !!
[4.684s]   self.initialize_options()
[4.702s] running install_lib
[4.775s] running install_data
[4.843s] running install_egg_info
[4.904s] removing '/home/burger/CS-7785/lab_3/install/team13_chase_object/lib/python3.10/site-packages/team13_chase_object-0.0.0-py3.10.egg-info' (and everything under it)
[4.906s] Copying ../build/team13_chase_object/team13_chase_object.egg-info to /home/burger/CS-7785/lab_3/install/team13_chase_object/lib/python3.10/site-packages/team13_chase_object-0.0.0-py3.10.egg-info
[4.914s] running install_scripts
[5.584s] Installing chase_object script to /home/burger/CS-7785/lab_3/install/team13_chase_object/lib/team13_chase_object
[5.585s] Installing detect_object script to /home/burger/CS-7785/lab_3/install/team13_chase_object/lib/team13_chase_object
[5.586s] Installing get_object_range script to /home/burger/CS-7785/lab_3/install/team13_chase_object/lib/team13_chase_object
[5.588s] writing list of installed files to '/home/burger/CS-7785/lab_3/build/team13_chase_object/install.log'
[5.741s] Invoked command in '/home/burger/CS-7785/lab_3/team13_chase_object' returned '0': PYTHONPATH=/home/burger/CS-7785/lab_3/build/team13_chase_object/prefix_override:/home/burger/CS-7785/lab_3/install/team13_chase_object/lib/python3.10/site-packages:${PYTHONPATH} /usr/bin/python3 setup.py egg_info --egg-base ../build/team13_chase_object build --build-base /home/burger/CS-7785/lab_3/build/team13_chase_object/build install --record /home/burger/CS-7785/lab_3/build/team13_chase_object/install.log --single-version-externally-managed
