[3.869s] Invoking command in '/home/burger/CS-7785/lab_3/team13_chase_object': PYTHONPATH=/home/burger/CS-7785/lab_3/team13_chase_object/build/team13_chase_object/prefix_override:/home/burger/CS-7785/lab_3/team13_chase_object/install/team13_chase_object/lib/python3.10/site-packages:${PYTHONPATH} /usr/bin/python3 setup.py egg_info --egg-base build/team13_chase_object build --build-base /home/burger/CS-7785/lab_3/team13_chase_object/build/team13_chase_object/build install --record /home/burger/CS-7785/lab_3/team13_chase_object/build/team13_chase_object/install.log --single-version-externally-managed
[4.883s] running egg_info
[4.951s] writing build/team13_chase_object/team13_chase_object.egg-info/PKG-INFO
[4.953s] writing dependency_links to build/team13_chase_object/team13_chase_object.egg-info/dependency_links.txt
[4.954s] writing entry points to build/team13_chase_object/team13_chase_object.egg-info/entry_points.txt
[4.956s] writing requirements to build/team13_chase_object/team13_chase_object.egg-info/requires.txt
[4.957s] writing top-level names to build/team13_chase_object/team13_chase_object.egg-info/top_level.txt
[5.084s] reading manifest file 'build/team13_chase_object/team13_chase_object.egg-info/SOURCES.txt'
[5.090s] writing manifest file 'build/team13_chase_object/team13_chase_object.egg-info/SOURCES.txt'
[5.091s] running build
[5.091s] running build_py
[5.094s] copying team13_chase_object/detect_object.py -> /home/burger/CS-7785/lab_3/team13_chase_object/build/team13_chase_object/build/lib/team13_chase_object
[5.095s] copying team13_chase_object/get_object_range.py -> /home/burger/CS-7785/lab_3/team13_chase_object/build/team13_chase_object/build/lib/team13_chase_object
[5.097s] running install
[5.100s] /usr/local/lib/python3.10/dist-packages/setuptools/_distutils/cmd.py:66: SetuptoolsDeprecationWarning: setup.py install is deprecated.
[5.100s] !!
[5.100s] 
[5.101s]         ********************************************************************************
[5.102s]         Please avoid running ``setup.py`` directly.
[5.102s]         Instead, use pypa/build, pypa/installer or other
[5.102s]         standards-based tools.
[5.103s] 
[5.104s]         See https://blog.ganssle.io/articles/2021/10/setup-py-deprecated.html for details.
[5.104s]         ********************************************************************************
[5.105s] 
[5.105s] !!
[5.106s]   self.initialize_options()
[5.123s] running install_lib
[5.184s] copying /home/burger/CS-7785/lab_3/team13_chase_object/build/team13_chase_object/build/lib/team13_chase_object/detect_object.py -> /home/burger/CS-7785/lab_3/team13_chase_object/install/team13_chase_object/lib/python3.10/site-packages/team13_chase_object
[5.186s] copying /home/burger/CS-7785/lab_3/team13_chase_object/build/team13_chase_object/build/lib/team13_chase_object/get_object_range.py -> /home/burger/CS-7785/lab_3/team13_chase_object/install/team13_chase_object/lib/python3.10/site-packages/team13_chase_object
[5.190s] byte-compiling /home/burger/CS-7785/lab_3/team13_chase_object/install/team13_chase_object/lib/python3.10/site-packages/team13_chase_object/detect_object.py to detect_object.cpython-310.pyc
[5.196s] byte-compiling /home/burger/CS-7785/lab_3/team13_chase_object/install/team13_chase_object/lib/python3.10/site-packages/team13_chase_object/__init__.py to __init__.cpython-310.pyc
[5.197s] byte-compiling /home/burger/CS-7785/lab_3/team13_chase_object/install/team13_chase_object/lib/python3.10/site-packages/team13_chase_object/get_object_range.py to get_object_range.cpython-310.pyc
[5.201s] running install_data
[5.263s] running install_egg_info
[5.330s] removing '/home/burger/CS-7785/lab_3/team13_chase_object/install/team13_chase_object/lib/python3.10/site-packages/team13_chase_object-0.0.0-py3.10.egg-info' (and everything under it)
[5.333s] Copying build/team13_chase_object/team13_chase_object.egg-info to /home/burger/CS-7785/lab_3/team13_chase_object/install/team13_chase_object/lib/python3.10/site-packages/team13_chase_object-0.0.0-py3.10.egg-info
[5.339s] running install_scripts
[5.990s] Installing chase_object script to /home/burger/CS-7785/lab_3/team13_chase_object/install/team13_chase_object/lib/team13_chase_object
[5.992s] Installing detect_object script to /home/burger/CS-7785/lab_3/team13_chase_object/install/team13_chase_object/lib/team13_chase_object
[5.994s] Installing get_object_range script to /home/burger/CS-7785/lab_3/team13_chase_object/install/team13_chase_object/lib/team13_chase_object
[5.998s] writing list of installed files to '/home/burger/CS-7785/lab_3/team13_chase_object/build/team13_chase_object/install.log'
[6.144s] Invoked command in '/home/burger/CS-7785/lab_3/team13_chase_object' returned '0': PYTHONPATH=/home/burger/CS-7785/lab_3/team13_chase_object/build/team13_chase_object/prefix_override:/home/burger/CS-7785/lab_3/team13_chase_object/install/team13_chase_object/lib/python3.10/site-packages:${PYTHONPATH} /usr/bin/python3 setup.py egg_info --egg-base build/team13_chase_object build --build-base /home/burger/CS-7785/lab_3/team13_chase_object/build/team13_chase_object/build install --record /home/burger/CS-7785/lab_3/team13_chase_object/build/team13_chase_object/install.log --single-version-externally-managed
