Traceback (most recent call last):
  File "/home/burger/CS-7785/lab_3/team13_chase_object/setup.py", line 1, in <module>
    from setuptools import find_packages, setup
  File "/usr/local/lib/python3.10/dist-packages/setuptools/__init__.py", line 15, in <module>
    import setuptools.version
  File "/usr/local/lib/python3.10/dist-packages/setuptools/version.py", line 1, in <module>
    from ._importlib import metadata
  File "/usr/local/lib/python3.10/dist-packages/setuptools/_importlib.py", line 45, in <module>
    import importlib.metadata as metadata  # noqa: F401
  File "/usr/lib/python3.10/importlib/metadata/__init__.py", line 17, in <module>
    from . import _adapters, _meta
  File "/usr/lib/python3.10/importlib/metadata/_adapters.py", line 3, in <module>
    import email.message
  File "/usr/lib/python3.10/email/message.py", line 15, in <module>
    from email import utils
  File "/usr/lib/python3.10/email/utils.py", line 29, in <module>
    import socket
  File "<frozen importlib._bootstrap>", line 1027, in _find_and_load
  File "<frozen importlib._bootstrap>", line 1002, in _find_and_load_unlocked
  File "<frozen importlib._bootstrap>", line 945, in _find_spec
  File "<frozen importlib._bootstrap_external>", line 1439, in find_spec
  File "<frozen importlib._bootstrap_external>", line 1411, in _get_spec
  File "<frozen importlib._bootstrap_external>", line 1544, in find_spec
  File "<frozen importlib._bootstrap_external>", line 147, in _path_stat
KeyboardInterrupt
