[3.548s] Invoking command in '/home/burger/CS-7785/lab_3/team13_chase_object': PYTHONPATH=/home/burger/CS-7785/lab_3/build/team13_chase_object/prefix_override:/home/burger/CS-7785/lab_3/install/team13_chase_object/lib/python3.10/site-packages:${PYTHONPATH} /usr/bin/python3 setup.py egg_info --egg-base ../build/team13_chase_object build --build-base /home/burger/CS-7785/lab_3/build/team13_chase_object/build install --record /home/burger/CS-7785/lab_3/build/team13_chase_object/install.log --single-version-externally-managed
[3.878s] Traceback (most recent call last):
[3.878s]   File "/home/burger/CS-7785/lab_3/team13_chase_object/setup.py", line 1, in <module>
[3.878s]     from setuptools import find_packages, setup
[3.879s]   File "/usr/local/lib/python3.10/dist-packages/setuptools/__init__.py", line 15, in <module>
[3.879s]     import setuptools.version
[3.880s]   File "/usr/local/lib/python3.10/dist-packages/setuptools/version.py", line 1, in <module>
[3.880s]     from ._importlib import metadata
[3.881s]   File "/usr/local/lib/python3.10/dist-packages/setuptools/_importlib.py", line 45, in <module>
[3.882s]     import importlib.metadata as metadata  # noqa: F401
[3.882s]   File "/usr/lib/python3.10/importlib/metadata/__init__.py", line 17, in <module>
[3.883s]     from . import _adapters, _meta
[3.883s]   File "/usr/lib/python3.10/importlib/metadata/_adapters.py", line 3, in <module>
[3.884s]     import email.message
[3.885s]   File "/usr/lib/python3.10/email/message.py", line 15, in <module>
[3.886s]     from email import utils
[3.887s]   File "/usr/lib/python3.10/email/utils.py", line 29, in <module>
[3.888s]     import socket
[3.888s]   File "<frozen importlib._bootstrap>", line 1027, in _find_and_load
[3.889s]   File "<frozen importlib._bootstrap>", line 1002, in _find_and_load_unlocked
[3.894s]   File "<frozen importlib._bootstrap>", line 945, in _find_spec
[3.898s]   File "<frozen importlib._bootstrap_external>", line 1439, in find_spec
[3.899s]   File "<frozen importlib._bootstrap_external>", line 1411, in _get_spec
[3.901s]   File "<frozen importlib._bootstrap_external>", line 1544, in find_spec
[3.902s]   File "<frozen importlib._bootstrap_external>", line 147, in _path_stat
[3.903s] KeyboardInterrupt
[3.947s] Invoked command in '/home/burger/CS-7785/lab_3/team13_chase_object' returned '-2': PYTHONPATH=/home/burger/CS-7785/lab_3/build/team13_chase_object/prefix_override:/home/burger/CS-7785/lab_3/install/team13_chase_object/lib/python3.10/site-packages:${PYTHONPATH} /usr/bin/python3 setup.py egg_info --egg-base ../build/team13_chase_object build --build-base /home/burger/CS-7785/lab_3/build/team13_chase_object/build install --record /home/burger/CS-7785/lab_3/build/team13_chase_object/install.log --single-version-externally-managed
