[0.691s] Invoking command in '/home/aryan/CS-7785/lab_6/final_lab/build/final_lab': PYTHONPATH=/home/aryan/CS-7785/lab_6/final_lab/build/final_lab/prefix_override:/home/aryan/CS-7785/lab_6/final_lab/install/final_lab/lib/python3.10/site-packages:${PYTHONPATH} /usr/bin/python3 setup.py develop --editable --build-directory /home/aryan/CS-7785/lab_6/final_lab/build/final_lab/build --no-deps install_data
[0.917s] running develop
[0.920s] /usr/lib/python3/dist-packages/setuptools/command/easy_install.py:158: EasyInstallDeprecationWarning: easy_install command is deprecated. Use build and pip and other standards-based tools.
[0.920s]   warnings.warn(
[0.924s] /usr/lib/python3/dist-packages/setuptools/command/install.py:34: SetuptoolsDeprecationWarning: setup.py install is deprecated. Use build and pip and other standards-based tools.
[0.924s]   warnings.warn(
[1.110s] running egg_info
[1.110s] creating final_lab.egg-info
[1.110s] writing final_lab.egg-info/PKG-INFO
[1.110s] writing dependency_links to final_lab.egg-info/dependency_links.txt
[1.110s] writing entry points to final_lab.egg-info/entry_points.txt
[1.110s] writing requirements to final_lab.egg-info/requires.txt
[1.110s] writing top-level names to final_lab.egg-info/top_level.txt
[1.111s] writing manifest file 'final_lab.egg-info/SOURCES.txt'
[1.112s] reading manifest file 'final_lab.egg-info/SOURCES.txt'
[1.113s] writing manifest file 'final_lab.egg-info/SOURCES.txt'
[1.114s] running build_ext
[1.114s] Creating /home/aryan/CS-7785/lab_6/final_lab/install/final_lab/lib/python3.10/site-packages/final-lab.egg-link (link to .)
[1.114s] Installing controller script to /home/aryan/CS-7785/lab_6/final_lab/install/final_lab/lib/final_lab
[1.115s] Installing get_object_range script to /home/aryan/CS-7785/lab_6/final_lab/install/final_lab/lib/final_lab
[1.115s] Installing sign_detector script to /home/aryan/CS-7785/lab_6/final_lab/install/final_lab/lib/final_lab
[1.115s] 
[1.115s] Installed /home/aryan/CS-7785/lab_6/final_lab/build/final_lab
[1.115s] running install_data
[1.115s] creating /home/aryan/CS-7785/lab_6/final_lab/install/final_lab/share/ament_index
[1.115s] creating /home/aryan/CS-7785/lab_6/final_lab/install/final_lab/share/ament_index/resource_index
[1.115s] creating /home/aryan/CS-7785/lab_6/final_lab/install/final_lab/share/ament_index/resource_index/packages
[1.115s] copying resource/final_lab -> /home/aryan/CS-7785/lab_6/final_lab/install/final_lab/share/ament_index/resource_index/packages
[1.115s] copying package.xml -> /home/aryan/CS-7785/lab_6/final_lab/install/final_lab/share/final_lab
[1.135s] Invoked command in '/home/aryan/CS-7785/lab_6/final_lab/build/final_lab' returned '0': PYTHONPATH=/home/aryan/CS-7785/lab_6/final_lab/build/final_lab/prefix_override:/home/aryan/CS-7785/lab_6/final_lab/install/final_lab/lib/python3.10/site-packages:${PYTHONPATH} /usr/bin/python3 setup.py develop --editable --build-directory /home/aryan/CS-7785/lab_6/final_lab/build/final_lab/build --no-deps install_data
