[3.571s] Invoking command in '/home/burger/CS-7785/lab_3/team13_chase_object': PYTHONPATH=/home/burger/CS-7785/lab_3/build/team13_chase_object/prefix_override:/home/burger/CS-7785/lab_3/install/team13_chase_object/lib/python3.10/site-packages:${PYTHONPATH} /usr/bin/python3 setup.py egg_info --egg-base ../build/team13_chase_object build --build-base /home/burger/CS-7785/lab_3/build/team13_chase_object/build install --record /home/burger/CS-7785/lab_3/build/team13_chase_object/install.log --single-version-externally-managed
[4.604s] running egg_info
[4.673s] writing ../build/team13_chase_object/team13_chase_object.egg-info/PKG-INFO
[4.675s] writing dependency_links to ../build/team13_chase_object/team13_chase_object.egg-info/dependency_links.txt
[4.676s] writing entry points to ../build/team13_chase_object/team13_chase_object.egg-info/entry_points.txt
[4.677s] writing requirements to ../build/team13_chase_object/team13_chase_object.egg-info/requires.txt
[4.678s] writing top-level names to ../build/team13_chase_object/team13_chase_object.egg-info/top_level.txt
[4.813s] reading manifest file '../build/team13_chase_object/team13_chase_object.egg-info/SOURCES.txt'
[4.817s] writing manifest file '../build/team13_chase_object/team13_chase_object.egg-info/SOURCES.txt'
[4.817s] running build
[4.817s] running build_py
[4.828s] copying team13_chase_object/chase_object.py -> /home/burger/CS-7785/lab_3/build/team13_chase_object/build/lib/team13_chase_object
[4.828s] running install
[4.829s] /usr/local/lib/python3.10/dist-packages/setuptools/_distutils/cmd.py:66: SetuptoolsDeprecationWarning: setup.py install is deprecated.
[4.829s] !!
[4.830s] 
[4.830s]         ********************************************************************************
[4.830s]         Please avoid running ``setup.py`` directly.
[4.831s]         Instead, use pypa/build, pypa/installer or other
[4.831s]         standards-based tools.
[4.832s] 
[4.832s]         See https://blog.ganssle.io/articles/2021/10/setup-py-deprecated.html for details.
[4.832s]         ********************************************************************************
[4.833s] 
[4.833s] !!
[4.833s]   self.initialize_options()
[4.851s] running install_lib
[4.913s] copying /home/burger/CS-7785/lab_3/build/team13_chase_object/build/lib/team13_chase_object/chase_object.py -> /home/burger/CS-7785/lab_3/install/team13_chase_object/lib/python3.10/site-packages/team13_chase_object
[4.917s] byte-compiling /home/burger/CS-7785/lab_3/install/team13_chase_object/lib/python3.10/site-packages/team13_chase_object/chase_object.py to chase_object.cpython-310.pyc
[4.921s] running install_data
[4.987s] running install_egg_info
[5.058s] removing '/home/burger/CS-7785/lab_3/install/team13_chase_object/lib/python3.10/site-packages/team13_chase_object-0.0.0-py3.10.egg-info' (and everything under it)
[5.060s] Copying ../build/team13_chase_object/team13_chase_object.egg-info to /home/burger/CS-7785/lab_3/install/team13_chase_object/lib/python3.10/site-packages/team13_chase_object-0.0.0-py3.10.egg-info
[5.066s] running install_scripts
[5.749s] Installing chase_object script to /home/burger/CS-7785/lab_3/install/team13_chase_object/lib/team13_chase_object
[5.750s] Installing detect_object script to /home/burger/CS-7785/lab_3/install/team13_chase_object/lib/team13_chase_object
[5.752s] Installing get_object_range script to /home/burger/CS-7785/lab_3/install/team13_chase_object/lib/team13_chase_object
[5.755s] writing list of installed files to '/home/burger/CS-7785/lab_3/build/team13_chase_object/install.log'
[5.909s] Invoked command in '/home/burger/CS-7785/lab_3/team13_chase_object' returned '0': PYTHONPATH=/home/burger/CS-7785/lab_3/build/team13_chase_object/prefix_override:/home/burger/CS-7785/lab_3/install/team13_chase_object/lib/python3.10/site-packages:${PYTHONPATH} /usr/bin/python3 setup.py egg_info --egg-base ../build/team13_chase_object build --build-base /home/burger/CS-7785/lab_3/build/team13_chase_object/build install --record /home/burger/CS-7785/lab_3/build/team13_chase_object/install.log --single-version-externally-managed
