[3.578s] Invoking command in '/home/burger/CS-7785/lab_3/team13_chase_object': PYTHONPATH=/home/burger/CS-7785/lab_3/team13_chase_object/build/team13_chase_object/prefix_override:/home/burger/CS-7785/lab_3/team13_chase_object/install/team13_chase_object/lib/python3.10/site-packages:${PYTHONPATH} /usr/bin/python3 setup.py egg_info --egg-base build/team13_chase_object build --build-base /home/burger/CS-7785/lab_3/team13_chase_object/build/team13_chase_object/build install --record /home/burger/CS-7785/lab_3/team13_chase_object/build/team13_chase_object/install.log --single-version-externally-managed
[4.627s] running egg_info
[4.689s] writing build/team13_chase_object/team13_chase_object.egg-info/PKG-INFO
[4.692s] writing dependency_links to build/team13_chase_object/team13_chase_object.egg-info/dependency_links.txt
[4.693s] writing entry points to build/team13_chase_object/team13_chase_object.egg-info/entry_points.txt
[4.694s] writing requirements to build/team13_chase_object/team13_chase_object.egg-info/requires.txt
[4.697s] writing top-level names to build/team13_chase_object/team13_chase_object.egg-info/top_level.txt
[4.832s] reading manifest file 'build/team13_chase_object/team13_chase_object.egg-info/SOURCES.txt'
[4.838s] writing manifest file 'build/team13_chase_object/team13_chase_object.egg-info/SOURCES.txt'
[4.840s] running build
[4.840s] running build_py
[4.845s] copying team13_chase_object/chase_object.py -> /home/burger/CS-7785/lab_3/team13_chase_object/build/team13_chase_object/build/lib/team13_chase_object
[4.847s] /usr/local/lib/python3.10/dist-packages/setuptools/_distutils/cmd.py:66: SetuptoolsDeprecationWarning: setup.py install is deprecated.
[4.847s] !!
[4.848s] 
[4.854s]         ********************************************************************************
[4.855s]         Please avoid running ``setup.py`` directly.
[4.855s]         Instead, use pypa/build, pypa/installer or other
[4.856s]         standards-based tools.
[4.856s] 
[4.856s]         See https://blog.ganssle.io/articles/2021/10/setup-py-deprecated.html for details.
[4.857s]         ********************************************************************************
[4.857s] 
[4.857s] !!
[4.858s]   self.initialize_options()
[4.858s] running install
[4.871s] running install_lib
[4.939s] copying /home/burger/CS-7785/lab_3/team13_chase_object/build/team13_chase_object/build/lib/team13_chase_object/chase_object.py -> /home/burger/CS-7785/lab_3/team13_chase_object/install/team13_chase_object/lib/python3.10/site-packages/team13_chase_object
[4.943s] byte-compiling /home/burger/CS-7785/lab_3/team13_chase_object/install/team13_chase_object/lib/python3.10/site-packages/team13_chase_object/chase_object.py to chase_object.cpython-310.pyc
[4.947s] byte-compiling /home/burger/CS-7785/lab_3/team13_chase_object/install/team13_chase_object/lib/python3.10/site-packages/team13_chase_object/__init__.py to __init__.cpython-310.pyc
[4.949s] running install_data
[5.014s] running install_egg_info
[5.083s] removing '/home/burger/CS-7785/lab_3/team13_chase_object/install/team13_chase_object/lib/python3.10/site-packages/team13_chase_object-0.0.0-py3.10.egg-info' (and everything under it)
[5.088s] Copying build/team13_chase_object/team13_chase_object.egg-info to /home/burger/CS-7785/lab_3/team13_chase_object/install/team13_chase_object/lib/python3.10/site-packages/team13_chase_object-0.0.0-py3.10.egg-info
[5.094s] running install_scripts
[5.775s] Installing chase_object script to /home/burger/CS-7785/lab_3/team13_chase_object/install/team13_chase_object/lib/team13_chase_object
[5.776s] Installing detect_object script to /home/burger/CS-7785/lab_3/team13_chase_object/install/team13_chase_object/lib/team13_chase_object
[5.777s] Installing get_object_range script to /home/burger/CS-7785/lab_3/team13_chase_object/install/team13_chase_object/lib/team13_chase_object
[5.781s] writing list of installed files to '/home/burger/CS-7785/lab_3/team13_chase_object/build/team13_chase_object/install.log'
[5.935s] Invoked command in '/home/burger/CS-7785/lab_3/team13_chase_object' returned '0': PYTHONPATH=/home/burger/CS-7785/lab_3/team13_chase_object/build/team13_chase_object/prefix_override:/home/burger/CS-7785/lab_3/team13_chase_object/install/team13_chase_object/lib/python3.10/site-packages:${PYTHONPATH} /usr/bin/python3 setup.py egg_info --egg-base build/team13_chase_object build --build-base /home/burger/CS-7785/lab_3/team13_chase_object/build/team13_chase_object/build install --record /home/burger/CS-7785/lab_3/team13_chase_object/build/team13_chase_object/install.log --single-version-externally-managed
