[1.228s] DEBUG:colcon:Command line arguments: ['/usr/bin/colcon', 'build']
[1.229s] DEBUG:colcon:Parsed command line arguments: Namespace(log_base=None, log_level=None, verb_name='build', build_base='build', install_base='install', merge_install=False, symlink_install=False, test_result_base=None, continue_on_error=False, executor='parallel', parallel_workers=4, event_handlers=None, ignore_user_meta=False, metas=['./colcon.meta'], base_paths=['.'], packages_ignore=None, packages_ignore_regex=None, paths=None, packages_up_to=None, packages_up_to_regex=None, packages_above=None, packages_above_and_dependencies=None, packages_above_depth=None, packages_select_by_dep=None, packages_skip_by_dep=None, packages_skip_up_to=None, packages_select_build_failed=False, packages_skip_build_finished=False, packages_select_test_failures=False, packages_skip_test_passed=False, packages_select=None, packages_skip=None, packages_select_regex=None, packages_skip_regex=None, packages_start=None, packages_end=None, allow_overriding=[], cmake_args=None, cmake_target=None, cmake_target_skip_unavailable=False, cmake_clean_cache=False, cmake_clean_first=False, cmake_force_configure=False, ament_cmake_args=None, catkin_cmake_args=None, catkin_skip_building_tests=False, verb_parser=<colcon_defaults.argument_parser.defaults.DefaultArgumentsDecorator object at 0xffff96c0bc40>, verb_extension=<colcon_core.verb.build.BuildVerb object at 0xffff96dfd7e0>, main=<bound method BuildVerb.main of <colcon_core.verb.build.BuildVerb object at 0xffff96dfd7e0>>)
[1.376s] Level 1:colcon.colcon_core.package_discovery:discover_packages(colcon_meta) check parameters
[1.376s] Level 1:colcon.colcon_core.package_discovery:discover_packages(recursive) check parameters
[1.376s] Level 1:colcon.colcon_core.package_discovery:discover_packages(ignore) check parameters
[1.376s] Level 1:colcon.colcon_core.package_discovery:discover_packages(path) check parameters
[1.377s] Level 1:colcon.colcon_core.package_discovery:discover_packages(colcon_meta) discover
[1.377s] Level 1:colcon.colcon_core.package_discovery:discover_packages(recursive) discover
[1.377s] INFO:colcon.colcon_core.package_discovery:Crawling recursively for packages in '/home/burger/CS-7785/lab_3'
[1.378s] Level 1:colcon.colcon_core.package_identification:_identify(.) by extensions ['ignore', 'ignore_ament_install']
[1.378s] Level 1:colcon.colcon_core.package_identification:_identify(.) by extension 'ignore'
[1.379s] Level 1:colcon.colcon_core.package_identification:_identify(.) by extension 'ignore_ament_install'
[1.379s] Level 1:colcon.colcon_core.package_identification:_identify(.) by extensions ['colcon_pkg']
[1.379s] Level 1:colcon.colcon_core.package_identification:_identify(.) by extension 'colcon_pkg'
[1.380s] Level 1:colcon.colcon_core.package_identification:_identify(.) by extensions ['colcon_meta']
[1.380s] Level 1:colcon.colcon_core.package_identification:_identify(.) by extension 'colcon_meta'
[1.380s] Level 1:colcon.colcon_core.package_identification:_identify(.) by extensions ['ros']
[1.380s] Level 1:colcon.colcon_core.package_identification:_identify(.) by extension 'ros'
[1.444s] Level 1:colcon.colcon_core.package_identification:_identify(.) by extensions ['cmake', 'python']
[1.444s] Level 1:colcon.colcon_core.package_identification:_identify(.) by extension 'cmake'
[1.444s] Level 1:colcon.colcon_core.package_identification:_identify(.) by extension 'python'
[1.444s] Level 1:colcon.colcon_core.package_identification:_identify(.) by extensions ['python_setup_py']
[1.445s] Level 1:colcon.colcon_core.package_identification:_identify(.) by extension 'python_setup_py'
[1.445s] Level 1:colcon.colcon_core.package_identification:_identify(build) by extensions ['ignore', 'ignore_ament_install']
[1.446s] Level 1:colcon.colcon_core.package_identification:_identify(build) by extension 'ignore'
[1.446s] Level 1:colcon.colcon_core.package_identification:_identify(build) ignored
[1.447s] Level 1:colcon.colcon_core.package_identification:_identify(install) by extensions ['ignore', 'ignore_ament_install']
[1.447s] Level 1:colcon.colcon_core.package_identification:_identify(install) by extension 'ignore'
[1.447s] Level 1:colcon.colcon_core.package_identification:_identify(install) ignored
[1.448s] Level 1:colcon.colcon_core.package_identification:_identify(log) by extensions ['ignore', 'ignore_ament_install']
[1.448s] Level 1:colcon.colcon_core.package_identification:_identify(log) by extension 'ignore'
[1.449s] Level 1:colcon.colcon_core.package_identification:_identify(log) ignored
[1.449s] Level 1:colcon.colcon_core.package_identification:_identify(team13_chase_object) by extensions ['ignore', 'ignore_ament_install']
[1.450s] Level 1:colcon.colcon_core.package_identification:_identify(team13_chase_object) by extension 'ignore'
[1.450s] Level 1:colcon.colcon_core.package_identification:_identify(team13_chase_object) by extension 'ignore_ament_install'
[1.450s] Level 1:colcon.colcon_core.package_identification:_identify(team13_chase_object) by extensions ['colcon_pkg']
[1.450s] Level 1:colcon.colcon_core.package_identification:_identify(team13_chase_object) by extension 'colcon_pkg'
[1.450s] Level 1:colcon.colcon_core.package_identification:_identify(team13_chase_object) by extensions ['colcon_meta']
[1.450s] Level 1:colcon.colcon_core.package_identification:_identify(team13_chase_object) by extension 'colcon_meta'
[1.451s] Level 1:colcon.colcon_core.package_identification:_identify(team13_chase_object) by extensions ['ros']
[1.451s] Level 1:colcon.colcon_core.package_identification:_identify(team13_chase_object) by extension 'ros'
[1.460s] DEBUG:colcon.colcon_core.package_identification:Package 'team13_chase_object' with type 'ros.ament_python' and name 'team13_chase_object'
[1.461s] Level 1:colcon.colcon_core.package_discovery:discover_packages(recursive) using defaults
[1.461s] Level 1:colcon.colcon_core.package_discovery:discover_packages(ignore) discover
[1.461s] Level 1:colcon.colcon_core.package_discovery:discover_packages(ignore) using defaults
[1.461s] Level 1:colcon.colcon_core.package_discovery:discover_packages(path) discover
[1.461s] Level 1:colcon.colcon_core.package_discovery:discover_packages(path) using defaults
[1.568s] Level 1:colcon.colcon_core.package_discovery:discover_packages(prefix_path) check parameters
[1.569s] Level 1:colcon.colcon_core.package_discovery:discover_packages(prefix_path) discover
[1.583s] DEBUG:colcon.colcon_installed_package_information.package_discovery:Found 1 installed packages in /home/burger/CS-7785/lab_3/install
[1.589s] DEBUG:colcon.colcon_installed_package_information.package_discovery:Found 8 installed packages in /home/burger/turtlebot3_ws/install
[1.599s] DEBUG:colcon.colcon_installed_package_information.package_discovery:Found 206 installed packages in /opt/ros/humble
[1.605s] Level 1:colcon.colcon_core.package_discovery:discover_packages(prefix_path) using defaults
[1.768s] Level 5:colcon.colcon_core.verb:set package 'team13_chase_object' build argument 'cmake_args' from command line to 'None'
[1.768s] Level 5:colcon.colcon_core.verb:set package 'team13_chase_object' build argument 'cmake_target' from command line to 'None'
[1.768s] Level 5:colcon.colcon_core.verb:set package 'team13_chase_object' build argument 'cmake_target_skip_unavailable' from command line to 'False'
[1.768s] Level 5:colcon.colcon_core.verb:set package 'team13_chase_object' build argument 'cmake_clean_cache' from command line to 'False'
[1.768s] Level 5:colcon.colcon_core.verb:set package 'team13_chase_object' build argument 'cmake_clean_first' from command line to 'False'
[1.768s] Level 5:colcon.colcon_core.verb:set package 'team13_chase_object' build argument 'cmake_force_configure' from command line to 'False'
[1.768s] Level 5:colcon.colcon_core.verb:set package 'team13_chase_object' build argument 'ament_cmake_args' from command line to 'None'
[1.769s] Level 5:colcon.colcon_core.verb:set package 'team13_chase_object' build argument 'catkin_cmake_args' from command line to 'None'
[1.769s] Level 5:colcon.colcon_core.verb:set package 'team13_chase_object' build argument 'catkin_skip_building_tests' from command line to 'False'
[1.769s] DEBUG:colcon.colcon_core.verb:Building package 'team13_chase_object' with the following arguments: {'ament_cmake_args': None, 'build_base': '/home/burger/CS-7785/lab_3/build/team13_chase_object', 'catkin_cmake_args': None, 'catkin_skip_building_tests': False, 'cmake_args': None, 'cmake_clean_cache': False, 'cmake_clean_first': False, 'cmake_force_configure': False, 'cmake_target': None, 'cmake_target_skip_unavailable': False, 'install_base': '/home/burger/CS-7785/lab_3/install/team13_chase_object', 'merge_install': False, 'path': '/home/burger/CS-7785/lab_3/team13_chase_object', 'symlink_install': False, 'test_result_base': None}
[1.772s] INFO:colcon.colcon_core.executor:Executing jobs using 'parallel' executor
[1.784s] DEBUG:colcon.colcon_parallel_executor.executor.parallel:run_until_complete
[1.786s] INFO:colcon.colcon_ros.task.ament_python.build:Building ROS package in '/home/burger/CS-7785/lab_3/team13_chase_object' with build type 'ament_python'
[1.787s] Level 1:colcon.colcon_core.shell:create_environment_hook('team13_chase_object', 'ament_prefix_path')
[1.804s] INFO:colcon.colcon_core.plugin_system:Skipping extension 'colcon_core.shell.bat': Not used on non-Windows systems
[1.805s] INFO:colcon.colcon_core.shell:Creating environment hook '/home/burger/CS-7785/lab_3/install/team13_chase_object/share/team13_chase_object/hook/ament_prefix_path.ps1'
[1.807s] INFO:colcon.colcon_core.shell:Creating environment descriptor '/home/burger/CS-7785/lab_3/install/team13_chase_object/share/team13_chase_object/hook/ament_prefix_path.dsv'
[1.810s] INFO:colcon.colcon_core.shell:Creating environment hook '/home/burger/CS-7785/lab_3/install/team13_chase_object/share/team13_chase_object/hook/ament_prefix_path.sh'
[1.817s] INFO:colcon.colcon_core.shell:Skip shell extension 'powershell' for command environment: Not usable outside of PowerShell
[1.818s] DEBUG:colcon.colcon_core.shell:Skip shell extension 'dsv' for command environment
[2.800s] INFO:colcon.colcon_core.task.python.build:Building Python package in '/home/burger/CS-7785/lab_3/team13_chase_object'
[2.805s] INFO:colcon.colcon_core.shell:Skip shell extension 'powershell' for command environment: Not usable outside of PowerShell
[2.805s] DEBUG:colcon.colcon_core.shell:Skip shell extension 'dsv' for command environment
[5.839s] DEBUG:colcon.colcon_core.event_handler.log_command:Invoking command in '/home/burger/CS-7785/lab_3/team13_chase_object': PYTHONPATH=/home/burger/CS-7785/lab_3/build/team13_chase_object/prefix_override:/home/burger/CS-7785/lab_3/install/team13_chase_object/lib/python3.10/site-packages:${PYTHONPATH} /usr/bin/python3 setup.py egg_info --egg-base ../build/team13_chase_object build --build-base /home/burger/CS-7785/lab_3/build/team13_chase_object/build install --record /home/burger/CS-7785/lab_3/build/team13_chase_object/install.log --single-version-externally-managed
[8.336s] DEBUG:colcon.colcon_core.event_handler.log_command:Invoked command in '/home/burger/CS-7785/lab_3/team13_chase_object' returned '0': PYTHONPATH=/home/burger/CS-7785/lab_3/build/team13_chase_object/prefix_override:/home/burger/CS-7785/lab_3/install/team13_chase_object/lib/python3.10/site-packages:${PYTHONPATH} /usr/bin/python3 setup.py egg_info --egg-base ../build/team13_chase_object build --build-base /home/burger/CS-7785/lab_3/build/team13_chase_object/build install --record /home/burger/CS-7785/lab_3/build/team13_chase_object/install.log --single-version-externally-managed
[8.355s] Level 1:colcon.colcon_core.environment:checking '/home/burger/CS-7785/lab_3/install/team13_chase_object' for CMake module files
[8.358s] Level 1:colcon.colcon_core.environment:checking '/home/burger/CS-7785/lab_3/install/team13_chase_object' for CMake config files
[8.364s] Level 1:colcon.colcon_core.environment:checking '/home/burger/CS-7785/lab_3/install/team13_chase_object/lib'
[8.365s] Level 1:colcon.colcon_core.environment:checking '/home/burger/CS-7785/lab_3/install/team13_chase_object/bin'
[8.365s] Level 1:colcon.colcon_core.environment:checking '/home/burger/CS-7785/lab_3/install/team13_chase_object/lib/pkgconfig/team13_chase_object.pc'
[8.366s] Level 1:colcon.colcon_core.environment:checking '/home/burger/CS-7785/lab_3/install/team13_chase_object/lib/python3.10/site-packages'
[8.367s] Level 1:colcon.colcon_core.shell:create_environment_hook('team13_chase_object', 'pythonpath')
[8.372s] INFO:colcon.colcon_core.shell:Creating environment hook '/home/burger/CS-7785/lab_3/install/team13_chase_object/share/team13_chase_object/hook/pythonpath.ps1'
[8.374s] INFO:colcon.colcon_core.shell:Creating environment descriptor '/home/burger/CS-7785/lab_3/install/team13_chase_object/share/team13_chase_object/hook/pythonpath.dsv'
[8.376s] INFO:colcon.colcon_core.shell:Creating environment hook '/home/burger/CS-7785/lab_3/install/team13_chase_object/share/team13_chase_object/hook/pythonpath.sh'
[8.379s] Level 1:colcon.colcon_core.environment:checking '/home/burger/CS-7785/lab_3/install/team13_chase_object/bin'
[8.380s] Level 1:colcon.colcon_core.environment:create_environment_scripts_only(team13_chase_object)
[8.387s] INFO:colcon.colcon_core.shell:Creating package script '/home/burger/CS-7785/lab_3/install/team13_chase_object/share/team13_chase_object/package.ps1'
[8.391s] INFO:colcon.colcon_core.shell:Creating package descriptor '/home/burger/CS-7785/lab_3/install/team13_chase_object/share/team13_chase_object/package.dsv'
[8.396s] INFO:colcon.colcon_core.shell:Creating package script '/home/burger/CS-7785/lab_3/install/team13_chase_object/share/team13_chase_object/package.sh'
[8.400s] INFO:colcon.colcon_core.shell:Creating package script '/home/burger/CS-7785/lab_3/install/team13_chase_object/share/team13_chase_object/package.bash'
[8.403s] INFO:colcon.colcon_core.shell:Creating package script '/home/burger/CS-7785/lab_3/install/team13_chase_object/share/team13_chase_object/package.zsh'
[8.406s] Level 1:colcon.colcon_core.environment:create_file_with_runtime_dependencies(/home/burger/CS-7785/lab_3/install/team13_chase_object/share/colcon-core/packages/team13_chase_object)
[8.407s] DEBUG:colcon.colcon_parallel_executor.executor.parallel:closing loop
[8.409s] DEBUG:colcon.colcon_parallel_executor.executor.parallel:loop closed
[8.409s] DEBUG:colcon.colcon_parallel_executor.executor.parallel:run_until_complete finished with '0'
[8.410s] DEBUG:colcon.colcon_core.event_reactor:joining thread
[8.432s] INFO:colcon.colcon_core.plugin_system:Skipping extension 'colcon_notification.desktop_notification.notify_send': Could not find 'notify-send'
[8.433s] INFO:colcon.colcon_core.plugin_system:Skipping extension 'colcon_notification.desktop_notification.terminal_notifier': Not used on non-Darwin systems
[8.433s] INFO:colcon.colcon_core.plugin_system:Skipping extension 'colcon_notification.desktop_notification.win32': Not used on non-Windows systems
[8.434s] INFO:colcon.colcon_notification.desktop_notification:Sending desktop notification using 'notify2'
[8.437s] DEBUG:colcon.colcon_notification.desktop_notification.notify2:Failed to initialize notify2: org.freedesktop.DBus.Error.ServiceUnknown: The name org.freedesktop.Notifications was not provided by any .service files
[8.438s] DEBUG:colcon.colcon_core.event_reactor:joined thread
[8.443s] INFO:colcon.colcon_core.shell:Creating prefix script '/home/burger/CS-7785/lab_3/install/local_setup.ps1'
[8.447s] INFO:colcon.colcon_core.shell:Creating prefix util module '/home/burger/CS-7785/lab_3/install/_local_setup_util_ps1.py'
[8.452s] INFO:colcon.colcon_core.shell:Creating prefix chain script '/home/burger/CS-7785/lab_3/install/setup.ps1'
[8.460s] INFO:colcon.colcon_core.shell:Creating prefix script '/home/burger/CS-7785/lab_3/install/local_setup.sh'
[8.463s] INFO:colcon.colcon_core.shell:Creating prefix util module '/home/burger/CS-7785/lab_3/install/_local_setup_util_sh.py'
[8.465s] INFO:colcon.colcon_core.shell:Creating prefix chain script '/home/burger/CS-7785/lab_3/install/setup.sh'
[8.474s] INFO:colcon.colcon_core.shell:Creating prefix script '/home/burger/CS-7785/lab_3/install/local_setup.bash'
[8.476s] INFO:colcon.colcon_core.shell:Creating prefix chain script '/home/burger/CS-7785/lab_3/install/setup.bash'
[8.484s] INFO:colcon.colcon_core.shell:Creating prefix script '/home/burger/CS-7785/lab_3/install/local_setup.zsh'
[8.487s] INFO:colcon.colcon_core.shell:Creating prefix chain script '/home/burger/CS-7785/lab_3/install/setup.zsh'
