running egg_info
creating ../build/team13_chase_object/team13_chase_object.egg-info
writing ../build/team13_chase_object/team13_chase_object.egg-info/PKG-INFO
writing dependency_links to ../build/team13_chase_object/team13_chase_object.egg-info/dependency_links.txt
writing entry points to ../build/team13_chase_object/team13_chase_object.egg-info/entry_points.txt
writing requirements to ../build/team13_chase_object/team13_chase_object.egg-info/requires.txt
writing top-level names to ../build/team13_chase_object/team13_chase_object.egg-info/top_level.txt
writing manifest file '../build/team13_chase_object/team13_chase_object.egg-info/SOURCES.txt'
reading manifest file '../build/team13_chase_object/team13_chase_object.egg-info/SOURCES.txt'
writing manifest file '../build/team13_chase_object/team13_chase_object.egg-info/SOURCES.txt'
running build
running build_py
creating /home/aryan/CS-7785/lab_3/build/team13_chase_object/build
creating /home/aryan/CS-7785/lab_3/build/team13_chase_object/build/lib
creating /home/aryan/CS-7785/lab_3/build/team13_chase_object/build/lib/team13_chase_object
copying team13_chase_object/get_object_range.py -> /home/aryan/CS-7785/lab_3/build/team13_chase_object/build/lib/team13_chase_object
copying team13_chase_object/chase_object.py -> /home/aryan/CS-7785/lab_3/build/team13_chase_object/build/lib/team13_chase_object
copying team13_chase_object/detect_object.py -> /home/aryan/CS-7785/lab_3/build/team13_chase_object/build/lib/team13_chase_object
copying team13_chase_object/__init__.py -> /home/aryan/CS-7785/lab_3/build/team13_chase_object/build/lib/team13_chase_object
running install
running install_lib
creating /home/aryan/CS-7785/lab_3/install/team13_chase_object/lib/python3.10/site-packages/team13_chase_object
copying /home/aryan/CS-7785/lab_3/build/team13_chase_object/build/lib/team13_chase_object/get_object_range.py -> /home/aryan/CS-7785/lab_3/install/team13_chase_object/lib/python3.10/site-packages/team13_chase_object
copying /home/aryan/CS-7785/lab_3/build/team13_chase_object/build/lib/team13_chase_object/chase_object.py -> /home/aryan/CS-7785/lab_3/install/team13_chase_object/lib/python3.10/site-packages/team13_chase_object
copying /home/aryan/CS-7785/lab_3/build/team13_chase_object/build/lib/team13_chase_object/detect_object.py -> /home/aryan/CS-7785/lab_3/install/team13_chase_object/lib/python3.10/site-packages/team13_chase_object
copying /home/aryan/CS-7785/lab_3/build/team13_chase_object/build/lib/team13_chase_object/__init__.py -> /home/aryan/CS-7785/lab_3/install/team13_chase_object/lib/python3.10/site-packages/team13_chase_object
byte-compiling /home/aryan/CS-7785/lab_3/install/team13_chase_object/lib/python3.10/site-packages/team13_chase_object/get_object_range.py to get_object_range.cpython-310.pyc
byte-compiling /home/aryan/CS-7785/lab_3/install/team13_chase_object/lib/python3.10/site-packages/team13_chase_object/chase_object.py to chase_object.cpython-310.pyc
byte-compiling /home/aryan/CS-7785/lab_3/install/team13_chase_object/lib/python3.10/site-packages/team13_chase_object/detect_object.py to detect_object.cpython-310.pyc
byte-compiling /home/aryan/CS-7785/lab_3/install/team13_chase_object/lib/python3.10/site-packages/team13_chase_object/__init__.py to __init__.cpython-310.pyc
running install_data
creating /home/aryan/CS-7785/lab_3/install/team13_chase_object/share/ament_index
creating /home/aryan/CS-7785/lab_3/install/team13_chase_object/share/ament_index/resource_index
creating /home/aryan/CS-7785/lab_3/install/team13_chase_object/share/ament_index/resource_index/packages
copying resource/team13_chase_object -> /home/aryan/CS-7785/lab_3/install/team13_chase_object/share/ament_index/resource_index/packages
copying package.xml -> /home/aryan/CS-7785/lab_3/install/team13_chase_object/share/team13_chase_object
running install_egg_info
Copying ../build/team13_chase_object/team13_chase_object.egg-info to /home/aryan/CS-7785/lab_3/install/team13_chase_object/lib/python3.10/site-packages/team13_chase_object-0.0.0-py3.10.egg-info
running install_scripts
writing list of installed files to '/home/aryan/CS-7785/lab_3/build/team13_chase_object/install.log'
