[3.474s] Invoking command in '/home/burger/CS-7785/lab_3/team13_chase_object': PYTHONPATH=/home/burger/CS-7785/lab_3/build/team13_chase_object/prefix_override:/home/burger/CS-7785/lab_3/install/team13_chase_object/lib/python3.10/site-packages:${PYTHONPATH} /usr/bin/python3 setup.py egg_info --egg-base ../build/team13_chase_object build --build-base /home/burger/CS-7785/lab_3/build/team13_chase_object/build install --record /home/burger/CS-7785/lab_3/build/team13_chase_object/install.log --single-version-externally-managed
[4.473s] running egg_info
[4.535s] writing ../build/team13_chase_object/team13_chase_object.egg-info/PKG-INFO
[4.537s] writing dependency_links to ../build/team13_chase_object/team13_chase_object.egg-info/dependency_links.txt
[4.538s] writing entry points to ../build/team13_chase_object/team13_chase_object.egg-info/entry_points.txt
[4.539s] writing requirements to ../build/team13_chase_object/team13_chase_object.egg-info/requires.txt
[4.540s] writing top-level names to ../build/team13_chase_object/team13_chase_object.egg-info/top_level.txt
[4.670s] reading manifest file '../build/team13_chase_object/team13_chase_object.egg-info/SOURCES.txt'
[4.675s] writing manifest file '../build/team13_chase_object/team13_chase_object.egg-info/SOURCES.txt'
[4.676s] running build
[4.676s] running build_py
[4.679s] running install
[4.682s] /usr/local/lib/python3.10/dist-packages/setuptools/_distutils/cmd.py:66: SetuptoolsDeprecationWarning: setup.py install is deprecated.
[4.682s] !!
[4.683s] 
[4.683s]         ********************************************************************************
[4.684s]         Please avoid running ``setup.py`` directly.
[4.684s]         Instead, use pypa/build, pypa/installer or other
[4.685s]         standards-based tools.
[4.685s] 
[4.685s]         See https://blog.ganssle.io/articles/2021/10/setup-py-deprecated.html for details.
[4.686s]         ********************************************************************************
[4.687s] 
[4.687s] !!
[4.687s]   self.initialize_options()
[4.704s] running install_lib
[4.774s] running install_data
[4.833s] running install_egg_info
[4.896s] removing '/home/burger/CS-7785/lab_3/install/team13_chase_object/lib/python3.10/site-packages/team13_chase_object-0.0.0-py3.10.egg-info' (and everything under it)
[4.897s] Copying ../build/team13_chase_object/team13_chase_object.egg-info to /home/burger/CS-7785/lab_3/install/team13_chase_object/lib/python3.10/site-packages/team13_chase_object-0.0.0-py3.10.egg-info
[4.904s] running install_scripts
[5.558s] Installing chase_object script to /home/burger/CS-7785/lab_3/install/team13_chase_object/lib/team13_chase_object
[5.559s] Installing detect_object script to /home/burger/CS-7785/lab_3/install/team13_chase_object/lib/team13_chase_object
[5.560s] Installing get_object_range script to /home/burger/CS-7785/lab_3/install/team13_chase_object/lib/team13_chase_object
[5.562s] writing list of installed files to '/home/burger/CS-7785/lab_3/build/team13_chase_object/install.log'
[5.706s] Invoked command in '/home/burger/CS-7785/lab_3/team13_chase_object' returned '0': PYTHONPATH=/home/burger/CS-7785/lab_3/build/team13_chase_object/prefix_override:/home/burger/CS-7785/lab_3/install/team13_chase_object/lib/python3.10/site-packages:${PYTHONPATH} /usr/bin/python3 setup.py egg_info --egg-base ../build/team13_chase_object build --build-base /home/burger/CS-7785/lab_3/build/team13_chase_object/build install --record /home/burger/CS-7785/lab_3/build/team13_chase_object/install.log --single-version-externally-managed
