[1.187s] DEBUG:colcon:Command line arguments: ['/usr/bin/colcon', 'build']
[1.187s] DEBUG:colcon:Parsed command line arguments: Namespace(log_base=None, log_level=None, verb_name='build', build_base='build', install_base='install', merge_install=False, symlink_install=False, test_result_base=None, continue_on_error=False, executor='parallel', parallel_workers=4, event_handlers=None, ignore_user_meta=False, metas=['./colcon.meta'], base_paths=['.'], packages_ignore=None, packages_ignore_regex=None, paths=None, packages_up_to=None, packages_up_to_regex=None, packages_above=None, packages_above_and_dependencies=None, packages_above_depth=None, packages_select_by_dep=None, packages_skip_by_dep=None, packages_skip_up_to=None, packages_select_build_failed=False, packages_skip_build_finished=False, packages_select_test_failures=False, packages_skip_test_passed=False, packages_select=None, packages_skip=None, packages_select_regex=None, packages_skip_regex=None, packages_start=None, packages_end=None, allow_overriding=[], cmake_args=None, cmake_target=None, cmake_target_skip_unavailable=False, cmake_clean_cache=False, cmake_clean_first=False, cmake_force_configure=False, ament_cmake_args=None, catkin_cmake_args=None, catkin_skip_building_tests=False, verb_parser=<colcon_defaults.argument_parser.defaults.DefaultArgumentsDecorator object at 0xffffb08bbe20>, verb_extension=<colcon_core.verb.build.BuildVerb object at 0xffffb0aad930>, main=<bound method BuildVerb.main of <colcon_core.verb.build.BuildVerb object at 0xffffb0aad930>>)
[1.333s] Level 1:colcon.colcon_core.package_discovery:discover_packages(colcon_meta) check parameters
[1.334s] Level 1:colcon.colcon_core.package_discovery:discover_packages(recursive) check parameters
[1.334s] Level 1:colcon.colcon_core.package_discovery:discover_packages(ignore) check parameters
[1.334s] Level 1:colcon.colcon_core.package_discovery:discover_packages(path) check parameters
[1.334s] Level 1:colcon.colcon_core.package_discovery:discover_packages(colcon_meta) discover
[1.334s] Level 1:colcon.colcon_core.package_discovery:discover_packages(recursive) discover
[1.335s] INFO:colcon.colcon_core.package_discovery:Crawling recursively for packages in '/home/burger/CS-7785/lab_3'
[1.335s] Level 1:colcon.colcon_core.package_identification:_identify(.) by extensions ['ignore', 'ignore_ament_install']
[1.335s] Level 1:colcon.colcon_core.package_identification:_identify(.) by extension 'ignore'
[1.335s] Level 1:colcon.colcon_core.package_identification:_identify(.) by extension 'ignore_ament_install'
[1.336s] Level 1:colcon.colcon_core.package_identification:_identify(.) by extensions ['colcon_pkg']
[1.336s] Level 1:colcon.colcon_core.package_identification:_identify(.) by extension 'colcon_pkg'
[1.336s] Level 1:colcon.colcon_core.package_identification:_identify(.) by extensions ['colcon_meta']
[1.336s] Level 1:colcon.colcon_core.package_identification:_identify(.) by extension 'colcon_meta'
[1.336s] Level 1:colcon.colcon_core.package_identification:_identify(.) by extensions ['ros']
[1.336s] Level 1:colcon.colcon_core.package_identification:_identify(.) by extension 'ros'
[1.396s] Level 1:colcon.colcon_core.package_identification:_identify(.) by extensions ['cmake', 'python']
[1.397s] Level 1:colcon.colcon_core.package_identification:_identify(.) by extension 'cmake'
[1.397s] Level 1:colcon.colcon_core.package_identification:_identify(.) by extension 'python'
[1.397s] Level 1:colcon.colcon_core.package_identification:_identify(.) by extensions ['python_setup_py']
[1.397s] Level 1:colcon.colcon_core.package_identification:_identify(.) by extension 'python_setup_py'
[1.398s] Level 1:colcon.colcon_core.package_identification:_identify(build) by extensions ['ignore', 'ignore_ament_install']
[1.398s] Level 1:colcon.colcon_core.package_identification:_identify(build) by extension 'ignore'
[1.399s] Level 1:colcon.colcon_core.package_identification:_identify(build) ignored
[1.400s] Level 1:colcon.colcon_core.package_identification:_identify(install) by extensions ['ignore', 'ignore_ament_install']
[1.400s] Level 1:colcon.colcon_core.package_identification:_identify(install) by extension 'ignore'
[1.401s] Level 1:colcon.colcon_core.package_identification:_identify(install) ignored
[1.402s] Level 1:colcon.colcon_core.package_identification:_identify(log) by extensions ['ignore', 'ignore_ament_install']
[1.402s] Level 1:colcon.colcon_core.package_identification:_identify(log) by extension 'ignore'
[1.403s] Level 1:colcon.colcon_core.package_identification:_identify(log) ignored
[1.403s] Level 1:colcon.colcon_core.package_identification:_identify(team13_chase_object) by extensions ['ignore', 'ignore_ament_install']
[1.404s] Level 1:colcon.colcon_core.package_identification:_identify(team13_chase_object) by extension 'ignore'
[1.404s] Level 1:colcon.colcon_core.package_identification:_identify(team13_chase_object) by extension 'ignore_ament_install'
[1.405s] Level 1:colcon.colcon_core.package_identification:_identify(team13_chase_object) by extensions ['colcon_pkg']
[1.405s] Level 1:colcon.colcon_core.package_identification:_identify(team13_chase_object) by extension 'colcon_pkg'
[1.405s] Level 1:colcon.colcon_core.package_identification:_identify(team13_chase_object) by extensions ['colcon_meta']
[1.405s] Level 1:colcon.colcon_core.package_identification:_identify(team13_chase_object) by extension 'colcon_meta'
[1.406s] Level 1:colcon.colcon_core.package_identification:_identify(team13_chase_object) by extensions ['ros']
[1.406s] Level 1:colcon.colcon_core.package_identification:_identify(team13_chase_object) by extension 'ros'
[1.414s] DEBUG:colcon.colcon_core.package_identification:Package 'team13_chase_object' with type 'ros.ament_python' and name 'team13_chase_object'
[1.414s] Level 1:colcon.colcon_core.package_discovery:discover_packages(recursive) using defaults
[1.414s] Level 1:colcon.colcon_core.package_discovery:discover_packages(ignore) discover
[1.415s] Level 1:colcon.colcon_core.package_discovery:discover_packages(ignore) using defaults
[1.415s] Level 1:colcon.colcon_core.package_discovery:discover_packages(path) discover
[1.415s] Level 1:colcon.colcon_core.package_discovery:discover_packages(path) using defaults
[1.516s] Level 1:colcon.colcon_core.package_discovery:discover_packages(prefix_path) check parameters
[1.516s] Level 1:colcon.colcon_core.package_discovery:discover_packages(prefix_path) discover
[1.523s] WARNING:colcon.colcon_ros.prefix_path.ament:The path '/home/burger/CS-7785/lab_3/install/team13_chase_object' in the environment variable AMENT_PREFIX_PATH doesn't exist
[1.531s] DEBUG:colcon.colcon_installed_package_information.package_discovery:Found 0 installed packages in /home/burger/CS-7785/lab_3/install
[1.536s] DEBUG:colcon.colcon_installed_package_information.package_discovery:Found 8 installed packages in /home/burger/turtlebot3_ws/install
[1.541s] DEBUG:colcon.colcon_installed_package_information.package_discovery:Found 1 installed packages in /home/burger/CS-7785/lab_2/install
[1.549s] DEBUG:colcon.colcon_installed_package_information.package_discovery:Found 206 installed packages in /opt/ros/humble
[1.554s] Level 1:colcon.colcon_core.package_discovery:discover_packages(prefix_path) using defaults
[1.713s] Level 5:colcon.colcon_core.verb:set package 'team13_chase_object' build argument 'cmake_args' from command line to 'None'
[1.713s] Level 5:colcon.colcon_core.verb:set package 'team13_chase_object' build argument 'cmake_target' from command line to 'None'
[1.713s] Level 5:colcon.colcon_core.verb:set package 'team13_chase_object' build argument 'cmake_target_skip_unavailable' from command line to 'False'
[1.713s] Level 5:colcon.colcon_core.verb:set package 'team13_chase_object' build argument 'cmake_clean_cache' from command line to 'False'
[1.713s] Level 5:colcon.colcon_core.verb:set package 'team13_chase_object' build argument 'cmake_clean_first' from command line to 'False'
[1.713s] Level 5:colcon.colcon_core.verb:set package 'team13_chase_object' build argument 'cmake_force_configure' from command line to 'False'
[1.713s] Level 5:colcon.colcon_core.verb:set package 'team13_chase_object' build argument 'ament_cmake_args' from command line to 'None'
[1.714s] Level 5:colcon.colcon_core.verb:set package 'team13_chase_object' build argument 'catkin_cmake_args' from command line to 'None'
[1.714s] Level 5:colcon.colcon_core.verb:set package 'team13_chase_object' build argument 'catkin_skip_building_tests' from command line to 'False'
[1.714s] DEBUG:colcon.colcon_core.verb:Building package 'team13_chase_object' with the following arguments: {'ament_cmake_args': None, 'build_base': '/home/burger/CS-7785/lab_3/build/team13_chase_object', 'catkin_cmake_args': None, 'catkin_skip_building_tests': False, 'cmake_args': None, 'cmake_clean_cache': False, 'cmake_clean_first': False, 'cmake_force_configure': False, 'cmake_target': None, 'cmake_target_skip_unavailable': False, 'install_base': '/home/burger/CS-7785/lab_3/install/team13_chase_object', 'merge_install': False, 'path': '/home/burger/CS-7785/lab_3/team13_chase_object', 'symlink_install': False, 'test_result_base': None}
[1.717s] INFO:colcon.colcon_core.executor:Executing jobs using 'parallel' executor
[1.729s] DEBUG:colcon.colcon_parallel_executor.executor.parallel:run_until_complete
[1.730s] INFO:colcon.colcon_ros.task.ament_python.build:Building ROS package in '/home/burger/CS-7785/lab_3/team13_chase_object' with build type 'ament_python'
[1.730s] Level 1:colcon.colcon_core.shell:create_environment_hook('team13_chase_object', 'ament_prefix_path')
[1.746s] INFO:colcon.colcon_core.plugin_system:Skipping extension 'colcon_core.shell.bat': Not used on non-Windows systems
[1.747s] INFO:colcon.colcon_core.shell:Creating environment hook '/home/burger/CS-7785/lab_3/install/team13_chase_object/share/team13_chase_object/hook/ament_prefix_path.ps1'
[1.750s] INFO:colcon.colcon_core.shell:Creating environment descriptor '/home/burger/CS-7785/lab_3/install/team13_chase_object/share/team13_chase_object/hook/ament_prefix_path.dsv'
[1.752s] INFO:colcon.colcon_core.shell:Creating environment hook '/home/burger/CS-7785/lab_3/install/team13_chase_object/share/team13_chase_object/hook/ament_prefix_path.sh'
[1.759s] INFO:colcon.colcon_core.shell:Skip shell extension 'powershell' for command environment: Not usable outside of PowerShell
[1.760s] DEBUG:colcon.colcon_core.shell:Skip shell extension 'dsv' for command environment
[2.718s] INFO:colcon.colcon_core.task.python.build:Building Python package in '/home/burger/CS-7785/lab_3/team13_chase_object'
[2.724s] INFO:colcon.colcon_core.shell:Skip shell extension 'powershell' for command environment: Not usable outside of PowerShell
[2.724s] DEBUG:colcon.colcon_core.shell:Skip shell extension 'dsv' for command environment
[5.159s] DEBUG:colcon.colcon_core.event_handler.log_command:Invoking command in '/home/burger/CS-7785/lab_3/team13_chase_object': PYTHONPATH=/home/burger/CS-7785/lab_3/build/team13_chase_object/prefix_override:/home/burger/CS-7785/lab_3/install/team13_chase_object/lib/python3.10/site-packages:${PYTHONPATH} /usr/bin/python3 setup.py egg_info --egg-base ../build/team13_chase_object build --build-base /home/burger/CS-7785/lab_3/build/team13_chase_object/build install --record /home/burger/CS-7785/lab_3/build/team13_chase_object/install.log --single-version-externally-managed
[7.376s] DEBUG:colcon.colcon_core.event_handler.log_command:Invoked command in '/home/burger/CS-7785/lab_3/team13_chase_object' returned '0': PYTHONPATH=/home/burger/CS-7785/lab_3/build/team13_chase_object/prefix_override:/home/burger/CS-7785/lab_3/install/team13_chase_object/lib/python3.10/site-packages:${PYTHONPATH} /usr/bin/python3 setup.py egg_info --egg-base ../build/team13_chase_object build --build-base /home/burger/CS-7785/lab_3/build/team13_chase_object/build install --record /home/burger/CS-7785/lab_3/build/team13_chase_object/install.log --single-version-externally-managed
[7.394s] Level 1:colcon.colcon_core.environment:checking '/home/burger/CS-7785/lab_3/install/team13_chase_object' for CMake module files
[7.396s] Level 1:colcon.colcon_core.environment:checking '/home/burger/CS-7785/lab_3/install/team13_chase_object' for CMake config files
[7.401s] Level 1:colcon.colcon_core.environment:checking '/home/burger/CS-7785/lab_3/install/team13_chase_object/lib'
[7.402s] Level 1:colcon.colcon_core.environment:checking '/home/burger/CS-7785/lab_3/install/team13_chase_object/bin'
[7.402s] Level 1:colcon.colcon_core.environment:checking '/home/burger/CS-7785/lab_3/install/team13_chase_object/lib/pkgconfig/team13_chase_object.pc'
[7.403s] Level 1:colcon.colcon_core.environment:checking '/home/burger/CS-7785/lab_3/install/team13_chase_object/lib/python3.10/site-packages'
[7.403s] Level 1:colcon.colcon_core.shell:create_environment_hook('team13_chase_object', 'pythonpath')
[7.408s] INFO:colcon.colcon_core.shell:Creating environment hook '/home/burger/CS-7785/lab_3/install/team13_chase_object/share/team13_chase_object/hook/pythonpath.ps1'
[7.410s] INFO:colcon.colcon_core.shell:Creating environment descriptor '/home/burger/CS-7785/lab_3/install/team13_chase_object/share/team13_chase_object/hook/pythonpath.dsv'
[7.412s] INFO:colcon.colcon_core.shell:Creating environment hook '/home/burger/CS-7785/lab_3/install/team13_chase_object/share/team13_chase_object/hook/pythonpath.sh'
[7.414s] Level 1:colcon.colcon_core.environment:checking '/home/burger/CS-7785/lab_3/install/team13_chase_object/bin'
[7.414s] Level 1:colcon.colcon_core.environment:create_environment_scripts_only(team13_chase_object)
[7.420s] INFO:colcon.colcon_core.shell:Creating package script '/home/burger/CS-7785/lab_3/install/team13_chase_object/share/team13_chase_object/package.ps1'
[7.423s] INFO:colcon.colcon_core.shell:Creating package descriptor '/home/burger/CS-7785/lab_3/install/team13_chase_object/share/team13_chase_object/package.dsv'
[7.425s] INFO:colcon.colcon_core.shell:Creating package script '/home/burger/CS-7785/lab_3/install/team13_chase_object/share/team13_chase_object/package.sh'
[7.429s] INFO:colcon.colcon_core.shell:Creating package script '/home/burger/CS-7785/lab_3/install/team13_chase_object/share/team13_chase_object/package.bash'
[7.432s] INFO:colcon.colcon_core.shell:Creating package script '/home/burger/CS-7785/lab_3/install/team13_chase_object/share/team13_chase_object/package.zsh'
[7.435s] Level 1:colcon.colcon_core.environment:create_file_with_runtime_dependencies(/home/burger/CS-7785/lab_3/install/team13_chase_object/share/colcon-core/packages/team13_chase_object)
[7.440s] DEBUG:colcon.colcon_parallel_executor.executor.parallel:closing loop
[7.441s] DEBUG:colcon.colcon_parallel_executor.executor.parallel:loop closed
[7.441s] DEBUG:colcon.colcon_parallel_executor.executor.parallel:run_until_complete finished with '0'
[7.441s] DEBUG:colcon.colcon_core.event_reactor:joining thread
[7.466s] INFO:colcon.colcon_core.plugin_system:Skipping extension 'colcon_notification.desktop_notification.notify_send': Could not find 'notify-send'
[7.466s] INFO:colcon.colcon_core.plugin_system:Skipping extension 'colcon_notification.desktop_notification.terminal_notifier': Not used on non-Darwin systems
[7.466s] INFO:colcon.colcon_core.plugin_system:Skipping extension 'colcon_notification.desktop_notification.win32': Not used on non-Windows systems
[7.466s] INFO:colcon.colcon_notification.desktop_notification:Sending desktop notification using 'notify2'
[7.469s] DEBUG:colcon.colcon_notification.desktop_notification.notify2:Failed to initialize notify2: org.freedesktop.DBus.Error.ServiceUnknown: The name org.freedesktop.Notifications was not provided by any .service files
[7.470s] DEBUG:colcon.colcon_core.event_reactor:joined thread
[7.475s] INFO:colcon.colcon_core.shell:Creating prefix script '/home/burger/CS-7785/lab_3/install/local_setup.ps1'
[7.478s] INFO:colcon.colcon_core.shell:Creating prefix util module '/home/burger/CS-7785/lab_3/install/_local_setup_util_ps1.py'
[7.483s] INFO:colcon.colcon_core.shell:Creating prefix chain script '/home/burger/CS-7785/lab_3/install/setup.ps1'
[7.492s] INFO:colcon.colcon_core.shell:Creating prefix script '/home/burger/CS-7785/lab_3/install/local_setup.sh'
[7.494s] INFO:colcon.colcon_core.shell:Creating prefix util module '/home/burger/CS-7785/lab_3/install/_local_setup_util_sh.py'
[7.497s] INFO:colcon.colcon_core.shell:Creating prefix chain script '/home/burger/CS-7785/lab_3/install/setup.sh'
[7.506s] INFO:colcon.colcon_core.shell:Creating prefix script '/home/burger/CS-7785/lab_3/install/local_setup.bash'
[7.508s] INFO:colcon.colcon_core.shell:Creating prefix chain script '/home/burger/CS-7785/lab_3/install/setup.bash'
[7.516s] INFO:colcon.colcon_core.shell:Creating prefix script '/home/burger/CS-7785/lab_3/install/local_setup.zsh'
[7.518s] INFO:colcon.colcon_core.shell:Creating prefix chain script '/home/burger/CS-7785/lab_3/install/setup.zsh'
