[3.418s] Invoking command in '/home/burger/CS-7785/lab_3/team13_chase_object': PYTHONPATH=/home/burger/CS-7785/lab_3/build/team13_chase_object/prefix_override:/home/burger/CS-7785/lab_3/install/team13_chase_object/lib/python3.10/site-packages:${PYTHONPATH} /usr/bin/python3 setup.py egg_info --egg-base ../build/team13_chase_object build --build-base /home/burger/CS-7785/lab_3/build/team13_chase_object/build install --record /home/burger/CS-7785/lab_3/build/team13_chase_object/install.log --single-version-externally-managed
[4.464s] running egg_info
[4.530s] writing ../build/team13_chase_object/team13_chase_object.egg-info/PKG-INFO
[4.534s] writing dependency_links to ../build/team13_chase_object/team13_chase_object.egg-info/dependency_links.txt
[4.535s] writing entry points to ../build/team13_chase_object/team13_chase_object.egg-info/entry_points.txt
[4.540s] writing requirements to ../build/team13_chase_object/team13_chase_object.egg-info/requires.txt
[4.540s] writing top-level names to ../build/team13_chase_object/team13_chase_object.egg-info/top_level.txt
[4.674s] reading manifest file '../build/team13_chase_object/team13_chase_object.egg-info/SOURCES.txt'
[4.680s] writing manifest file '../build/team13_chase_object/team13_chase_object.egg-info/SOURCES.txt'
[4.682s] running build
[4.682s] running build_py
[4.690s] copying team13_chase_object/get_object_range.py -> /home/burger/CS-7785/lab_3/build/team13_chase_object/build/lib/team13_chase_object
[4.690s] running install
[4.690s] /usr/local/lib/python3.10/dist-packages/setuptools/_distutils/cmd.py:66: SetuptoolsDeprecationWarning: setup.py install is deprecated.
[4.691s] !!
[4.691s] 
[4.692s]         ********************************************************************************
[4.692s]         Please avoid running ``setup.py`` directly.
[4.692s]         Instead, use pypa/build, pypa/installer or other
[4.695s]         standards-based tools.
[4.695s] 
[4.695s]         See https://blog.ganssle.io/articles/2021/10/setup-py-deprecated.html for details.
[4.696s]         ********************************************************************************
[4.696s] 
[4.696s] !!
[4.697s]   self.initialize_options()
[4.709s] running install_lib
[4.772s] copying /home/burger/CS-7785/lab_3/build/team13_chase_object/build/lib/team13_chase_object/get_object_range.py -> /home/burger/CS-7785/lab_3/install/team13_chase_object/lib/python3.10/site-packages/team13_chase_object
[4.776s] byte-compiling /home/burger/CS-7785/lab_3/install/team13_chase_object/lib/python3.10/site-packages/team13_chase_object/get_object_range.py to get_object_range.cpython-310.pyc
[4.780s] running install_data
[4.853s] running install_egg_info
[4.914s] removing '/home/burger/CS-7785/lab_3/install/team13_chase_object/lib/python3.10/site-packages/team13_chase_object-0.0.0-py3.10.egg-info' (and everything under it)
[4.916s] Copying ../build/team13_chase_object/team13_chase_object.egg-info to /home/burger/CS-7785/lab_3/install/team13_chase_object/lib/python3.10/site-packages/team13_chase_object-0.0.0-py3.10.egg-info
[4.923s] running install_scripts
[5.570s] Installing chase_object script to /home/burger/CS-7785/lab_3/install/team13_chase_object/lib/team13_chase_object
[5.571s] Installing detect_object script to /home/burger/CS-7785/lab_3/install/team13_chase_object/lib/team13_chase_object
[5.573s] Installing get_object_range script to /home/burger/CS-7785/lab_3/install/team13_chase_object/lib/team13_chase_object
[5.575s] writing list of installed files to '/home/burger/CS-7785/lab_3/build/team13_chase_object/install.log'
[5.720s] Invoked command in '/home/burger/CS-7785/lab_3/team13_chase_object' returned '0': PYTHONPATH=/home/burger/CS-7785/lab_3/build/team13_chase_object/prefix_override:/home/burger/CS-7785/lab_3/install/team13_chase_object/lib/python3.10/site-packages:${PYTHONPATH} /usr/bin/python3 setup.py egg_info --egg-base ../build/team13_chase_object build --build-base /home/burger/CS-7785/lab_3/build/team13_chase_object/build install --record /home/burger/CS-7785/lab_3/build/team13_chase_object/install.log --single-version-externally-managed
