[3.610s] Invoking command in '/home/burger/CS-7785/lab_3/team13_chase_object': PYTHONPATH=/home/burger/CS-7785/lab_3/build/team13_chase_object/prefix_override:/home/burger/CS-7785/lab_3/install/team13_chase_object/lib/python3.10/site-packages:${PYTHONPATH} /usr/bin/python3 setup.py egg_info --egg-base ../build/team13_chase_object build --build-base /home/burger/CS-7785/lab_3/build/team13_chase_object/build install --record /home/burger/CS-7785/lab_3/build/team13_chase_object/install.log --single-version-externally-managed
[4.592s] running egg_info
[4.659s] writing ../build/team13_chase_object/team13_chase_object.egg-info/PKG-INFO
[4.660s] writing dependency_links to ../build/team13_chase_object/team13_chase_object.egg-info/dependency_links.txt
[4.660s] writing entry points to ../build/team13_chase_object/team13_chase_object.egg-info/entry_points.txt
[4.663s] writing requirements to ../build/team13_chase_object/team13_chase_object.egg-info/requires.txt
[4.664s] writing top-level names to ../build/team13_chase_object/team13_chase_object.egg-info/top_level.txt
[4.783s] reading manifest file '../build/team13_chase_object/team13_chase_object.egg-info/SOURCES.txt'
[4.789s] writing manifest file '../build/team13_chase_object/team13_chase_object.egg-info/SOURCES.txt'
[4.789s] running build
[4.790s] running build_py
[4.794s] running install
[4.796s] /usr/local/lib/python3.10/dist-packages/setuptools/_distutils/cmd.py:66: SetuptoolsDeprecationWarning: setup.py install is deprecated.
[4.797s] !!
[4.797s] 
[4.798s]         ********************************************************************************
[4.798s]         Please avoid running ``setup.py`` directly.
[4.798s]         Instead, use pypa/build, pypa/installer or other
[4.798s]         standards-based tools.
[4.799s] 
[4.799s]         See https://blog.ganssle.io/articles/2021/10/setup-py-deprecated.html for details.
[4.804s]         ********************************************************************************
[4.805s] 
[4.805s] !!
[4.805s]   self.initialize_options()
[4.814s] running install_lib
[4.887s] byte-compiling /home/burger/CS-7785/lab_3/install/team13_chase_object/lib/python3.10/site-packages/team13_chase_object/get_object_range.py to get_object_range.cpython-310.pyc
[4.890s]   File "/home/burger/CS-7785/lab_3/install/team13_chase_object/lib/python3.10/site-packages/team13_chase_object/get_object_range.py", line 66
[4.890s]     if count 
[4.891s]              ^
[4.891s] SyntaxError: expected ':'
[4.891s] 
[4.892s] running install_data
[4.951s] running install_egg_info
[5.019s] removing '/home/burger/CS-7785/lab_3/install/team13_chase_object/lib/python3.10/site-packages/team13_chase_object-0.0.0-py3.10.egg-info' (and everything under it)
[5.022s] Copying ../build/team13_chase_object/team13_chase_object.egg-info to /home/burger/CS-7785/lab_3/install/team13_chase_object/lib/python3.10/site-packages/team13_chase_object-0.0.0-py3.10.egg-info
[5.029s] running install_scripts
[5.653s] Installing chase_object script to /home/burger/CS-7785/lab_3/install/team13_chase_object/lib/team13_chase_object
[5.657s] Installing detect_object script to /home/burger/CS-7785/lab_3/install/team13_chase_object/lib/team13_chase_object
[5.658s] Installing get_object_range script to /home/burger/CS-7785/lab_3/install/team13_chase_object/lib/team13_chase_object
[5.658s] writing list of installed files to '/home/burger/CS-7785/lab_3/build/team13_chase_object/install.log'
[7.479s] Invoked command in '/home/burger/CS-7785/lab_3/team13_chase_object' returned '0': PYTHONPATH=/home/burger/CS-7785/lab_3/build/team13_chase_object/prefix_override:/home/burger/CS-7785/lab_3/install/team13_chase_object/lib/python3.10/site-packages:${PYTHONPATH} /usr/bin/python3 setup.py egg_info --egg-base ../build/team13_chase_object build --build-base /home/burger/CS-7785/lab_3/build/team13_chase_object/build install --record /home/burger/CS-7785/lab_3/build/team13_chase_object/install.log --single-version-externally-managed
