running develop
/usr/local/lib/python3.10/dist-packages/setuptools/command/develop.py:40: EasyInstallDeprecationWarning: easy_install command is deprecated.
!!

        ********************************************************************************
        Please avoid running ``setup.py`` and ``easy_install``.
        Instead, use pypa/build, pypa/installer or other
        standards-based tools.

        See https://github.com/pypa/setuptools/issues/917 for details.
        ********************************************************************************

!!
  easy_install.initialize_options(self)
/usr/local/lib/python3.10/dist-packages/setuptools/_distutils/cmd.py:66: SetuptoolsDeprecationWarning: setup.py install is deprecated.
!!

        ********************************************************************************
        Please avoid running ``setup.py`` directly.
        Instead, use pypa/build, pypa/installer or other
        standards-based tools.

        See https://blog.ganssle.io/articles/2021/10/setup-py-deprecated.html for details.
        ********************************************************************************

!!
  self.initialize_options()
running egg_info
creating team13_navigate_to_goal.egg-info
writing team13_navigate_to_goal.egg-info/PKG-INFO
writing dependency_links to team13_navigate_to_goal.egg-info/dependency_links.txt
writing entry points to team13_navigate_to_goal.egg-info/entry_points.txt
writing requirements to team13_navigate_to_goal.egg-info/requires.txt
writing top-level names to team13_navigate_to_goal.egg-info/top_level.txt
writing manifest file 'team13_navigate_to_goal.egg-info/SOURCES.txt'
reading manifest file 'team13_navigate_to_goal.egg-info/SOURCES.txt'
writing manifest file 'team13_navigate_to_goal.egg-info/SOURCES.txt'
running build_ext
Creating /home/burger/CS-7785/lab_4/team13_navigate_to_goal/install/team13_navigate_to_goal/lib/python3.10/site-packages/team13-navigate-to-goal.egg-link (link to .)
Installing getObjectRange script to /home/burger/CS-7785/lab_4/team13_navigate_to_goal/install/team13_navigate_to_goal/lib/team13_navigate_to_goal
Installing goToGoal script to /home/burger/CS-7785/lab_4/team13_navigate_to_goal/install/team13_navigate_to_goal/lib/team13_navigate_to_goal
Installing print_fixed_odometry script to /home/burger/CS-7785/lab_4/team13_navigate_to_goal/install/team13_navigate_to_goal/lib/team13_navigate_to_goal

Installed /home/burger/CS-7785/lab_4/team13_navigate_to_goal/build/team13_navigate_to_goal
running install_data
creating /home/burger/CS-7785/lab_4/team13_navigate_to_goal/install/team13_navigate_to_goal/share/ament_index
creating /home/burger/CS-7785/lab_4/team13_navigate_to_goal/install/team13_navigate_to_goal/share/ament_index/resource_index
creating /home/burger/CS-7785/lab_4/team13_navigate_to_goal/install/team13_navigate_to_goal/share/ament_index/resource_index/packages
copying resource/team13_navigate_to_goal -> /home/burger/CS-7785/lab_4/team13_navigate_to_goal/install/team13_navigate_to_goal/share/ament_index/resource_index/packages
copying package.xml -> /home/burger/CS-7785/lab_4/team13_navigate_to_goal/install/team13_navigate_to_goal/share/team13_navigate_to_goal
