running develop
running egg_info
creating team13_navigate_to_goal.egg-info
writing team13_navigate_to_goal.egg-info/PKG-INFO
writing dependency_links to team13_navigate_to_goal.egg-info/dependency_links.txt
writing entry points to team13_navigate_to_goal.egg-info/entry_points.txt
writing requirements to team13_navigate_to_goal.egg-info/requires.txt
writing top-level names to team13_navigate_to_goal.egg-info/top_level.txt
writing manifest file 'team13_navigate_to_goal.egg-info/SOURCES.txt'
reading manifest file 'team13_navigate_to_goal.egg-info/SOURCES.txt'
writing manifest file 'team13_navigate_to_goal.egg-info/SOURCES.txt'
running build_ext
Creating /home/burger/CS-7785/lab_4/team13_navigate_to_goal/install/team13_navigate_to_goal/lib/python3.10/site-packages/team13-navigate-to-goal.egg-link (link to .)
Installing getObjectRange script to /home/burger/CS-7785/lab_4/team13_navigate_to_goal/install/team13_navigate_to_goal/lib/team13_navigate_to_goal
Installing goToGoal script to /home/burger/CS-7785/lab_4/team13_navigate_to_goal/install/team13_navigate_to_goal/lib/team13_navigate_to_goal
Installing print_fixed_odometry script to /home/burger/CS-7785/lab_4/team13_navigate_to_goal/install/team13_navigate_to_goal/lib/team13_navigate_to_goal

Installed /home/burger/CS-7785/lab_4/team13_navigate_to_goal/build/team13_navigate_to_goal
running install_data
creating /home/burger/CS-7785/lab_4/team13_navigate_to_goal/install/team13_navigate_to_goal/share/ament_index
creating /home/burger/CS-7785/lab_4/team13_navigate_to_goal/install/team13_navigate_to_goal/share/ament_index/resource_index
creating /home/burger/CS-7785/lab_4/team13_navigate_to_goal/install/team13_navigate_to_goal/share/ament_index/resource_index/packages
copying resource/team13_navigate_to_goal -> /home/burger/CS-7785/lab_4/team13_navigate_to_goal/install/team13_navigate_to_goal/share/ament_index/resource_index/packages
copying package.xml -> /home/burger/CS-7785/lab_4/team13_navigate_to_goal/install/team13_navigate_to_goal/share/team13_navigate_to_goal
