[3.456s] Invoking command in '/home/burger/CS-7785/lab_3/team13_chase_object': PYTHONPATH=/home/burger/CS-7785/lab_3/build/team13_chase_object/prefix_override:/home/burger/CS-7785/lab_3/install/team13_chase_object/lib/python3.10/site-packages:${PYTHONPATH} /usr/bin/python3 setup.py egg_info --egg-base ../build/team13_chase_object build --build-base /home/burger/CS-7785/lab_3/build/team13_chase_object/build install --record /home/burger/CS-7785/lab_3/build/team13_chase_object/install.log --single-version-externally-managed
[4.468s] running egg_info
[4.540s] writing ../build/team13_chase_object/team13_chase_object.egg-info/PKG-INFO
[4.542s] writing dependency_links to ../build/team13_chase_object/team13_chase_object.egg-info/dependency_links.txt
[4.543s] writing entry points to ../build/team13_chase_object/team13_chase_object.egg-info/entry_points.txt
[4.545s] writing requirements to ../build/team13_chase_object/team13_chase_object.egg-info/requires.txt
[4.546s] writing top-level names to ../build/team13_chase_object/team13_chase_object.egg-info/top_level.txt
[4.685s] reading manifest file '../build/team13_chase_object/team13_chase_object.egg-info/SOURCES.txt'
[4.689s] writing manifest file '../build/team13_chase_object/team13_chase_object.egg-info/SOURCES.txt'
[4.690s] running build
[4.690s] running build_py
[4.691s] copying team13_chase_object/chase_object.py -> /home/burger/CS-7785/lab_3/build/team13_chase_object/build/lib/team13_chase_object
[4.693s] running install
[4.694s] /usr/local/lib/python3.10/dist-packages/setuptools/_distutils/cmd.py:66: SetuptoolsDeprecationWarning: setup.py install is deprecated.
[4.694s] !!
[4.695s] 
[4.696s]         ********************************************************************************
[4.696s]         Please avoid running ``setup.py`` directly.
[4.697s]         Instead, use pypa/build, pypa/installer or other
[4.698s]         standards-based tools.
[4.698s] 
[4.699s]         See https://blog.ganssle.io/articles/2021/10/setup-py-deprecated.html for details.
[4.699s]         ********************************************************************************
[4.700s] 
[4.700s] !!
[4.700s]   self.initialize_options()
[4.719s] running install_lib
[4.783s] copying /home/burger/CS-7785/lab_3/build/team13_chase_object/build/lib/team13_chase_object/chase_object.py -> /home/burger/CS-7785/lab_3/install/team13_chase_object/lib/python3.10/site-packages/team13_chase_object
[4.787s] byte-compiling /home/burger/CS-7785/lab_3/install/team13_chase_object/lib/python3.10/site-packages/team13_chase_object/chase_object.py to chase_object.cpython-310.pyc
[4.791s] running install_data
[4.854s] running install_egg_info
[4.927s] removing '/home/burger/CS-7785/lab_3/install/team13_chase_object/lib/python3.10/site-packages/team13_chase_object-0.0.0-py3.10.egg-info' (and everything under it)
[4.929s] Copying ../build/team13_chase_object/team13_chase_object.egg-info to /home/burger/CS-7785/lab_3/install/team13_chase_object/lib/python3.10/site-packages/team13_chase_object-0.0.0-py3.10.egg-info
[4.937s] running install_scripts
[5.654s] Installing chase_object script to /home/burger/CS-7785/lab_3/install/team13_chase_object/lib/team13_chase_object
[5.655s] Installing detect_object script to /home/burger/CS-7785/lab_3/install/team13_chase_object/lib/team13_chase_object
[5.655s] Installing get_object_range script to /home/burger/CS-7785/lab_3/install/team13_chase_object/lib/team13_chase_object
[5.657s] writing list of installed files to '/home/burger/CS-7785/lab_3/build/team13_chase_object/install.log'
[5.813s] Invoked command in '/home/burger/CS-7785/lab_3/team13_chase_object' returned '0': PYTHONPATH=/home/burger/CS-7785/lab_3/build/team13_chase_object/prefix_override:/home/burger/CS-7785/lab_3/install/team13_chase_object/lib/python3.10/site-packages:${PYTHONPATH} /usr/bin/python3 setup.py egg_info --egg-base ../build/team13_chase_object build --build-base /home/burger/CS-7785/lab_3/build/team13_chase_object/build install --record /home/burger/CS-7785/lab_3/build/team13_chase_object/install.log --single-version-externally-managed
