[3.627s] Invoking command in '/home/burger/CS-7785/lab_3/team13_chase_object': PYTHONPATH=/home/burger/CS-7785/lab_3/build/team13_chase_object/prefix_override:/home/burger/CS-7785/lab_3/install/team13_chase_object/lib/python3.10/site-packages:${PYTHONPATH} /usr/bin/python3 setup.py egg_info --egg-base ../build/team13_chase_object build --build-base /home/burger/CS-7785/lab_3/build/team13_chase_object/build install --record /home/burger/CS-7785/lab_3/build/team13_chase_object/install.log --single-version-externally-managed
[4.614s] running egg_info
[4.683s] writing ../build/team13_chase_object/team13_chase_object.egg-info/PKG-INFO
[4.685s] writing dependency_links to ../build/team13_chase_object/team13_chase_object.egg-info/dependency_links.txt
[4.687s] writing entry points to ../build/team13_chase_object/team13_chase_object.egg-info/entry_points.txt
[4.688s] writing requirements to ../build/team13_chase_object/team13_chase_object.egg-info/requires.txt
[4.689s] writing top-level names to ../build/team13_chase_object/team13_chase_object.egg-info/top_level.txt
[4.813s] reading manifest file '../build/team13_chase_object/team13_chase_object.egg-info/SOURCES.txt'
[4.817s] writing manifest file '../build/team13_chase_object/team13_chase_object.egg-info/SOURCES.txt'
[4.818s] running build
[4.819s] running build_py
[4.822s] running install
[4.823s] /usr/local/lib/python3.10/dist-packages/setuptools/_distutils/cmd.py:66: SetuptoolsDeprecationWarning: setup.py install is deprecated.
[4.824s] !!
[4.826s] 
[4.827s]         ********************************************************************************
[4.827s]         Please avoid running ``setup.py`` directly.
[4.828s]         Instead, use pypa/build, pypa/installer or other
[4.832s]         standards-based tools.
[4.833s] 
[4.833s]         See https://blog.ganssle.io/articles/2021/10/setup-py-deprecated.html for details.
[4.833s]         ********************************************************************************
[4.834s] 
[4.834s] !!
[4.835s]   self.initialize_options()
[4.851s] running install_lib
[4.921s] byte-compiling /home/burger/CS-7785/lab_3/install/team13_chase_object/lib/python3.10/site-packages/team13_chase_object/get_object_range.py to get_object_range.cpython-310.pyc
[4.924s]   File "/home/burger/CS-7785/lab_3/install/team13_chase_object/lib/python3.10/site-packages/team13_chase_object/get_object_range.py", line 66
[4.924s]     if count 
[4.925s]              ^
[4.925s] SyntaxError: expected ':'
[4.925s] 
[4.926s] running install_data
[4.987s] running install_egg_info
[5.058s] removing '/home/burger/CS-7785/lab_3/install/team13_chase_object/lib/python3.10/site-packages/team13_chase_object-0.0.0-py3.10.egg-info' (and everything under it)
[5.061s] Copying ../build/team13_chase_object/team13_chase_object.egg-info to /home/burger/CS-7785/lab_3/install/team13_chase_object/lib/python3.10/site-packages/team13_chase_object-0.0.0-py3.10.egg-info
[5.068s] running install_scripts
[5.711s] Installing chase_object script to /home/burger/CS-7785/lab_3/install/team13_chase_object/lib/team13_chase_object
[5.712s] Installing detect_object script to /home/burger/CS-7785/lab_3/install/team13_chase_object/lib/team13_chase_object
[5.717s] Installing get_object_range script to /home/burger/CS-7785/lab_3/install/team13_chase_object/lib/team13_chase_object
[5.719s] writing list of installed files to '/home/burger/CS-7785/lab_3/build/team13_chase_object/install.log'
[5.875s] Invoked command in '/home/burger/CS-7785/lab_3/team13_chase_object' returned '0': PYTHONPATH=/home/burger/CS-7785/lab_3/build/team13_chase_object/prefix_override:/home/burger/CS-7785/lab_3/install/team13_chase_object/lib/python3.10/site-packages:${PYTHONPATH} /usr/bin/python3 setup.py egg_info --egg-base ../build/team13_chase_object build --build-base /home/burger/CS-7785/lab_3/build/team13_chase_object/build install --record /home/burger/CS-7785/lab_3/build/team13_chase_object/install.log --single-version-externally-managed
