[4.313s] Invoking command in '/home/burger/CS-7785/lab_3/team13_chase_object': PYTHONPATH=/home/burger/CS-7785/lab_3/team13_chase_object/build/team13_chase_object/prefix_override:/home/burger/CS-7785/lab_3/team13_chase_object/install/team13_chase_object/lib/python3.10/site-packages:${PYTHONPATH} /usr/bin/python3 setup.py egg_info --egg-base build/team13_chase_object build --build-base /home/burger/CS-7785/lab_3/team13_chase_object/build/team13_chase_object/build install --record /home/burger/CS-7785/lab_3/team13_chase_object/build/team13_chase_object/install.log --single-version-externally-managed
[5.655s] running egg_info
[5.726s] writing build/team13_chase_object/team13_chase_object.egg-info/PKG-INFO
[5.729s] writing dependency_links to build/team13_chase_object/team13_chase_object.egg-info/dependency_links.txt
[5.731s] writing entry points to build/team13_chase_object/team13_chase_object.egg-info/entry_points.txt
[5.732s] writing requirements to build/team13_chase_object/team13_chase_object.egg-info/requires.txt
[5.734s] writing top-level names to build/team13_chase_object/team13_chase_object.egg-info/top_level.txt
[5.894s] reading manifest file 'build/team13_chase_object/team13_chase_object.egg-info/SOURCES.txt'
[5.900s] writing manifest file 'build/team13_chase_object/team13_chase_object.egg-info/SOURCES.txt'
[5.903s] running build
[5.904s] running build_py
[5.904s] copying team13_chase_object/chase_object.py -> /home/burger/CS-7785/lab_3/team13_chase_object/build/team13_chase_object/build/lib/team13_chase_object
[5.908s] running install
[5.908s] /usr/local/lib/python3.10/dist-packages/setuptools/_distutils/cmd.py:66: SetuptoolsDeprecationWarning: setup.py install is deprecated.
[5.909s] !!
[5.910s] 
[5.910s]         ********************************************************************************
[5.911s]         Please avoid running ``setup.py`` directly.
[5.911s]         Instead, use pypa/build, pypa/installer or other
[5.912s]         standards-based tools.
[5.912s] 
[5.912s]         See https://blog.ganssle.io/articles/2021/10/setup-py-deprecated.html for details.
[5.913s]         ********************************************************************************
[5.913s] 
[5.913s] !!
[5.914s]   self.initialize_options()
[5.934s] running install_lib
[6.023s] copying /home/burger/CS-7785/lab_3/team13_chase_object/build/team13_chase_object/build/lib/team13_chase_object/chase_object.py -> /home/burger/CS-7785/lab_3/team13_chase_object/install/team13_chase_object/lib/python3.10/site-packages/team13_chase_object
[6.028s] byte-compiling /home/burger/CS-7785/lab_3/team13_chase_object/install/team13_chase_object/lib/python3.10/site-packages/team13_chase_object/chase_object.py to chase_object.cpython-310.pyc
[6.037s] byte-compiling /home/burger/CS-7785/lab_3/team13_chase_object/install/team13_chase_object/lib/python3.10/site-packages/team13_chase_object/__init__.py to __init__.cpython-310.pyc
[6.040s] running install_data
[6.142s] running install_egg_info
[6.228s] removing '/home/burger/CS-7785/lab_3/team13_chase_object/install/team13_chase_object/lib/python3.10/site-packages/team13_chase_object-0.0.0-py3.10.egg-info' (and everything under it)
[6.229s] Copying build/team13_chase_object/team13_chase_object.egg-info to /home/burger/CS-7785/lab_3/team13_chase_object/install/team13_chase_object/lib/python3.10/site-packages/team13_chase_object-0.0.0-py3.10.egg-info
[6.235s] running install_scripts
[7.118s] Installing chase_object script to /home/burger/CS-7785/lab_3/team13_chase_object/install/team13_chase_object/lib/team13_chase_object
[7.123s] Installing detect_object script to /home/burger/CS-7785/lab_3/team13_chase_object/install/team13_chase_object/lib/team13_chase_object
[7.124s] Installing get_object_range script to /home/burger/CS-7785/lab_3/team13_chase_object/install/team13_chase_object/lib/team13_chase_object
[7.126s] writing list of installed files to '/home/burger/CS-7785/lab_3/team13_chase_object/build/team13_chase_object/install.log'
[7.326s] Invoked command in '/home/burger/CS-7785/lab_3/team13_chase_object' returned '0': PYTHONPATH=/home/burger/CS-7785/lab_3/team13_chase_object/build/team13_chase_object/prefix_override:/home/burger/CS-7785/lab_3/team13_chase_object/install/team13_chase_object/lib/python3.10/site-packages:${PYTHONPATH} /usr/bin/python3 setup.py egg_info --egg-base build/team13_chase_object build --build-base /home/burger/CS-7785/lab_3/team13_chase_object/build/team13_chase_object/build install --record /home/burger/CS-7785/lab_3/team13_chase_object/build/team13_chase_object/install.log --single-version-externally-managed
