[4.656s] Invoking command in '/home/burger/CS-7785/lab_3/team13_chase_object': PYTHONPATH=/home/burger/CS-7785/lab_3/build/team13_chase_object/prefix_override:/home/burger/CS-7785/lab_3/install/team13_chase_object/lib/python3.10/site-packages:${PYTHONPATH} /usr/bin/python3 setup.py egg_info --egg-base ../build/team13_chase_object build --build-base /home/burger/CS-7785/lab_3/build/team13_chase_object/build install --record /home/burger/CS-7785/lab_3/build/team13_chase_object/install.log --single-version-externally-managed
[6.107s] running egg_info
[6.188s] writing ../build/team13_chase_object/team13_chase_object.egg-info/PKG-INFO
[6.195s] writing dependency_links to ../build/team13_chase_object/team13_chase_object.egg-info/dependency_links.txt
[6.201s] writing entry points to ../build/team13_chase_object/team13_chase_object.egg-info/entry_points.txt
[6.207s] writing requirements to ../build/team13_chase_object/team13_chase_object.egg-info/requires.txt
[6.208s] writing top-level names to ../build/team13_chase_object/team13_chase_object.egg-info/top_level.txt
[6.360s] reading manifest file '../build/team13_chase_object/team13_chase_object.egg-info/SOURCES.txt'
[6.366s] writing manifest file '../build/team13_chase_object/team13_chase_object.egg-info/SOURCES.txt'
[6.367s] running build
[6.367s] running build_py
[6.368s] copying team13_chase_object/chase_object.py -> /home/burger/CS-7785/lab_3/build/team13_chase_object/build/lib/team13_chase_object
[6.371s] copying team13_chase_object/detect_object.py -> /home/burger/CS-7785/lab_3/build/team13_chase_object/build/lib/team13_chase_object
[6.372s] copying team13_chase_object/get_object_range.py -> /home/burger/CS-7785/lab_3/build/team13_chase_object/build/lib/team13_chase_object
[6.374s] running install
[6.376s] /usr/local/lib/python3.10/dist-packages/setuptools/_distutils/cmd.py:66: SetuptoolsDeprecationWarning: setup.py install is deprecated.
[6.376s] !!
[6.376s] 
[6.377s]         ********************************************************************************
[6.377s]         Please avoid running ``setup.py`` directly.
[6.378s]         Instead, use pypa/build, pypa/installer or other
[6.378s]         standards-based tools.
[6.378s] 
[6.379s]         See https://blog.ganssle.io/articles/2021/10/setup-py-deprecated.html for details.
[6.379s]         ********************************************************************************
[6.379s] 
[6.380s] !!
[6.387s]   self.initialize_options()
[6.408s] running install_lib
[6.516s] copying /home/burger/CS-7785/lab_3/build/team13_chase_object/build/lib/team13_chase_object/chase_object.py -> /home/burger/CS-7785/lab_3/install/team13_chase_object/lib/python3.10/site-packages/team13_chase_object
[6.518s] copying /home/burger/CS-7785/lab_3/build/team13_chase_object/build/lib/team13_chase_object/detect_object.py -> /home/burger/CS-7785/lab_3/install/team13_chase_object/lib/python3.10/site-packages/team13_chase_object
[6.520s] copying /home/burger/CS-7785/lab_3/build/team13_chase_object/build/lib/team13_chase_object/get_object_range.py -> /home/burger/CS-7785/lab_3/install/team13_chase_object/lib/python3.10/site-packages/team13_chase_object
[6.528s] byte-compiling /home/burger/CS-7785/lab_3/install/team13_chase_object/lib/python3.10/site-packages/team13_chase_object/chase_object.py to chase_object.cpython-310.pyc
[6.534s] byte-compiling /home/burger/CS-7785/lab_3/install/team13_chase_object/lib/python3.10/site-packages/team13_chase_object/detect_object.py to detect_object.cpython-310.pyc
[6.541s] byte-compiling /home/burger/CS-7785/lab_3/install/team13_chase_object/lib/python3.10/site-packages/team13_chase_object/get_object_range.py to get_object_range.cpython-310.pyc
[6.544s]   File "/home/burger/CS-7785/lab_3/install/team13_chase_object/lib/python3.10/site-packages/team13_chase_object/get_object_range.py", line 66
[6.544s]     if count 
[6.545s]              ^
[6.545s] SyntaxError: expected ':'
[6.546s] 
[6.546s] running install_data
[6.634s] running install_egg_info
[6.735s] removing '/home/burger/CS-7785/lab_3/install/team13_chase_object/lib/python3.10/site-packages/team13_chase_object-0.0.0-py3.10.egg-info' (and everything under it)
[6.737s] Copying ../build/team13_chase_object/team13_chase_object.egg-info to /home/burger/CS-7785/lab_3/install/team13_chase_object/lib/python3.10/site-packages/team13_chase_object-0.0.0-py3.10.egg-info
[6.744s] running install_scripts
[7.646s] Installing chase_object script to /home/burger/CS-7785/lab_3/install/team13_chase_object/lib/team13_chase_object
[7.651s] Installing detect_object script to /home/burger/CS-7785/lab_3/install/team13_chase_object/lib/team13_chase_object
[7.651s] Installing get_object_range script to /home/burger/CS-7785/lab_3/install/team13_chase_object/lib/team13_chase_object
[7.652s] writing list of installed files to '/home/burger/CS-7785/lab_3/build/team13_chase_object/install.log'
[7.825s] Invoked command in '/home/burger/CS-7785/lab_3/team13_chase_object' returned '0': PYTHONPATH=/home/burger/CS-7785/lab_3/build/team13_chase_object/prefix_override:/home/burger/CS-7785/lab_3/install/team13_chase_object/lib/python3.10/site-packages:${PYTHONPATH} /usr/bin/python3 setup.py egg_info --egg-base ../build/team13_chase_object build --build-base /home/burger/CS-7785/lab_3/build/team13_chase_object/build install --record /home/burger/CS-7785/lab_3/build/team13_chase_object/install.log --single-version-externally-managed
