[2.376s] DEBUG:colcon:Command line arguments: ['/usr/bin/colcon', 'build', '--symlink-install']
[2.376s] DEBUG:colcon:Parsed command line arguments: Namespace(log_base=None, log_level=None, verb_name='build', build_base='build', install_base='install', merge_install=False, symlink_install=True, test_result_base=None, continue_on_error=False, executor='parallel', parallel_workers=4, event_handlers=None, ignore_user_meta=False, metas=['./colcon.meta'], base_paths=['.'], packages_ignore=None, packages_ignore_regex=None, paths=None, packages_up_to=None, packages_up_to_regex=None, packages_above=None, packages_above_and_dependencies=None, packages_above_depth=None, packages_select_by_dep=None, packages_skip_by_dep=None, packages_skip_up_to=None, packages_select_build_failed=False, packages_skip_build_finished=False, packages_select_test_failures=False, packages_skip_test_passed=False, packages_select=None, packages_skip=None, packages_select_regex=None, packages_skip_regex=None, packages_start=None, packages_end=None, allow_overriding=[], cmake_args=None, cmake_target=None, cmake_target_skip_unavailable=False, cmake_clean_cache=False, cmake_clean_first=False, cmake_force_configure=False, ament_cmake_args=None, catkin_cmake_args=None, catkin_skip_building_tests=False, verb_parser=<colcon_defaults.argument_parser.defaults.DefaultArgumentsDecorator object at 0xffffb52a36d0>, verb_extension=<colcon_core.verb.build.BuildVerb object at 0xffffb54b5270>, main=<bound method BuildVerb.main of <colcon_core.verb.build.BuildVerb object at 0xffffb54b5270>>)
[2.673s] Level 1:colcon.colcon_core.package_discovery:discover_packages(colcon_meta) check parameters
[2.674s] Level 1:colcon.colcon_core.package_discovery:discover_packages(recursive) check parameters
[2.674s] Level 1:colcon.colcon_core.package_discovery:discover_packages(ignore) check parameters
[2.674s] Level 1:colcon.colcon_core.package_discovery:discover_packages(path) check parameters
[2.674s] Level 1:colcon.colcon_core.package_discovery:discover_packages(colcon_meta) discover
[2.675s] Level 1:colcon.colcon_core.package_discovery:discover_packages(recursive) discover
[2.675s] INFO:colcon.colcon_core.package_discovery:Crawling recursively for packages in '/home/burger/CS-7785/lab_3'
[2.675s] Level 1:colcon.colcon_core.package_identification:_identify(.) by extensions ['ignore', 'ignore_ament_install']
[2.676s] Level 1:colcon.colcon_core.package_identification:_identify(.) by extension 'ignore'
[2.676s] Level 1:colcon.colcon_core.package_identification:_identify(.) by extension 'ignore_ament_install'
[2.676s] Level 1:colcon.colcon_core.package_identification:_identify(.) by extensions ['colcon_pkg']
[2.676s] Level 1:colcon.colcon_core.package_identification:_identify(.) by extension 'colcon_pkg'
[2.677s] Level 1:colcon.colcon_core.package_identification:_identify(.) by extensions ['colcon_meta']
[2.677s] Level 1:colcon.colcon_core.package_identification:_identify(.) by extension 'colcon_meta'
[2.677s] Level 1:colcon.colcon_core.package_identification:_identify(.) by extensions ['ros']
[2.677s] Level 1:colcon.colcon_core.package_identification:_identify(.) by extension 'ros'
[2.767s] Level 1:colcon.colcon_core.package_identification:_identify(.) by extensions ['cmake', 'python']
[2.768s] Level 1:colcon.colcon_core.package_identification:_identify(.) by extension 'cmake'
[2.768s] Level 1:colcon.colcon_core.package_identification:_identify(.) by extension 'python'
[2.768s] Level 1:colcon.colcon_core.package_identification:_identify(.) by extensions ['python_setup_py']
[2.768s] Level 1:colcon.colcon_core.package_identification:_identify(.) by extension 'python_setup_py'
[2.769s] Level 1:colcon.colcon_core.package_identification:_identify(build) by extensions ['ignore', 'ignore_ament_install']
[2.769s] Level 1:colcon.colcon_core.package_identification:_identify(build) by extension 'ignore'
[2.769s] Level 1:colcon.colcon_core.package_identification:_identify(build) ignored
[2.770s] Level 1:colcon.colcon_core.package_identification:_identify(install) by extensions ['ignore', 'ignore_ament_install']
[2.770s] Level 1:colcon.colcon_core.package_identification:_identify(install) by extension 'ignore'
[2.770s] Level 1:colcon.colcon_core.package_identification:_identify(install) ignored
[2.771s] Level 1:colcon.colcon_core.package_identification:_identify(log) by extensions ['ignore', 'ignore_ament_install']
[2.772s] Level 1:colcon.colcon_core.package_identification:_identify(log) by extension 'ignore'
[2.772s] Level 1:colcon.colcon_core.package_identification:_identify(log) ignored
[2.774s] Level 1:colcon.colcon_core.package_identification:_identify(team13_chase_object) by extensions ['ignore', 'ignore_ament_install']
[2.774s] Level 1:colcon.colcon_core.package_identification:_identify(team13_chase_object) by extension 'ignore'
[2.774s] Level 1:colcon.colcon_core.package_identification:_identify(team13_chase_object) by extension 'ignore_ament_install'
[2.775s] Level 1:colcon.colcon_core.package_identification:_identify(team13_chase_object) by extensions ['colcon_pkg']
[2.775s] Level 1:colcon.colcon_core.package_identification:_identify(team13_chase_object) by extension 'colcon_pkg'
[2.775s] Level 1:colcon.colcon_core.package_identification:_identify(team13_chase_object) by extensions ['colcon_meta']
[2.775s] Level 1:colcon.colcon_core.package_identification:_identify(team13_chase_object) by extension 'colcon_meta'
[2.775s] Level 1:colcon.colcon_core.package_identification:_identify(team13_chase_object) by extensions ['ros']
[2.775s] Level 1:colcon.colcon_core.package_identification:_identify(team13_chase_object) by extension 'ros'
[2.789s] DEBUG:colcon.colcon_core.package_identification:Package 'team13_chase_object' with type 'ros.ament_python' and name 'team13_chase_object'
[2.789s] Level 1:colcon.colcon_core.package_discovery:discover_packages(recursive) using defaults
[2.789s] Level 1:colcon.colcon_core.package_discovery:discover_packages(ignore) discover
[2.789s] Level 1:colcon.colcon_core.package_discovery:discover_packages(ignore) using defaults
[2.789s] Level 1:colcon.colcon_core.package_discovery:discover_packages(path) discover
[2.789s] Level 1:colcon.colcon_core.package_discovery:discover_packages(path) using defaults
[2.926s] Level 1:colcon.colcon_core.package_discovery:discover_packages(prefix_path) check parameters
[2.927s] Level 1:colcon.colcon_core.package_discovery:discover_packages(prefix_path) discover
[2.951s] DEBUG:colcon.colcon_installed_package_information.package_discovery:Found 8 installed packages in /home/burger/turtlebot3_ws/install
[2.962s] DEBUG:colcon.colcon_installed_package_information.package_discovery:Found 206 installed packages in /opt/ros/humble
[2.967s] Level 1:colcon.colcon_core.package_discovery:discover_packages(prefix_path) using defaults
[3.169s] Level 5:colcon.colcon_core.verb:set package 'team13_chase_object' build argument 'cmake_args' from command line to 'None'
[3.170s] Level 5:colcon.colcon_core.verb:set package 'team13_chase_object' build argument 'cmake_target' from command line to 'None'
[3.170s] Level 5:colcon.colcon_core.verb:set package 'team13_chase_object' build argument 'cmake_target_skip_unavailable' from command line to 'False'
[3.170s] Level 5:colcon.colcon_core.verb:set package 'team13_chase_object' build argument 'cmake_clean_cache' from command line to 'False'
[3.170s] Level 5:colcon.colcon_core.verb:set package 'team13_chase_object' build argument 'cmake_clean_first' from command line to 'False'
[3.170s] Level 5:colcon.colcon_core.verb:set package 'team13_chase_object' build argument 'cmake_force_configure' from command line to 'False'
[3.170s] Level 5:colcon.colcon_core.verb:set package 'team13_chase_object' build argument 'ament_cmake_args' from command line to 'None'
[3.170s] Level 5:colcon.colcon_core.verb:set package 'team13_chase_object' build argument 'catkin_cmake_args' from command line to 'None'
[3.170s] Level 5:colcon.colcon_core.verb:set package 'team13_chase_object' build argument 'catkin_skip_building_tests' from command line to 'False'
[3.171s] DEBUG:colcon.colcon_core.verb:Building package 'team13_chase_object' with the following arguments: {'ament_cmake_args': None, 'build_base': '/home/burger/CS-7785/lab_3/build/team13_chase_object', 'catkin_cmake_args': None, 'catkin_skip_building_tests': False, 'cmake_args': None, 'cmake_clean_cache': False, 'cmake_clean_first': False, 'cmake_force_configure': False, 'cmake_target': None, 'cmake_target_skip_unavailable': False, 'install_base': '/home/burger/CS-7785/lab_3/install/team13_chase_object', 'merge_install': False, 'path': '/home/burger/CS-7785/lab_3/team13_chase_object', 'symlink_install': True, 'test_result_base': None}
[3.173s] INFO:colcon.colcon_core.executor:Executing jobs using 'parallel' executor
[3.184s] DEBUG:colcon.colcon_parallel_executor.executor.parallel:run_until_complete
[3.185s] INFO:colcon.colcon_ros.task.ament_python.build:Building ROS package in '/home/burger/CS-7785/lab_3/team13_chase_object' with build type 'ament_python'
[3.185s] Level 1:colcon.colcon_core.shell:create_environment_hook('team13_chase_object', 'ament_prefix_path')
[3.221s] INFO:colcon.colcon_core.plugin_system:Skipping extension 'colcon_core.shell.bat': Not used on non-Windows systems
[3.222s] INFO:colcon.colcon_core.shell:Creating environment hook '/home/burger/CS-7785/lab_3/install/team13_chase_object/share/team13_chase_object/hook/ament_prefix_path.ps1'
[3.229s] INFO:colcon.colcon_core.shell:Creating environment descriptor '/home/burger/CS-7785/lab_3/install/team13_chase_object/share/team13_chase_object/hook/ament_prefix_path.dsv'
[3.234s] INFO:colcon.colcon_core.shell:Creating environment hook '/home/burger/CS-7785/lab_3/install/team13_chase_object/share/team13_chase_object/hook/ament_prefix_path.sh'
[3.246s] INFO:colcon.colcon_core.shell:Skip shell extension 'powershell' for command environment: Not usable outside of PowerShell
[3.246s] DEBUG:colcon.colcon_core.shell:Skip shell extension 'dsv' for command environment
[4.127s] INFO:colcon.colcon_core.task.python.build:Building Python package in '/home/burger/CS-7785/lab_3/team13_chase_object'
[4.186s] INFO:colcon.colcon_core.shell:Skip shell extension 'powershell' for command environment: Not usable outside of PowerShell
[4.187s] DEBUG:colcon.colcon_core.shell:Skip shell extension 'dsv' for command environment
[7.017s] DEBUG:colcon.colcon_core.task.python.build:While undoing a previous installation files outside the Python library path are being ignored: /home/burger/CS-7785/lab_3/install/team13_chase_object/share/ament_index/resource_index/packages/team13_chase_object
[7.017s] DEBUG:colcon.colcon_core.task.python.build:While undoing a previous installation files outside the Python library path are being ignored: /home/burger/CS-7785/lab_3/install/team13_chase_object/share/team13_chase_object/package.xml
[7.019s] DEBUG:colcon.colcon_core.task.python.build:While undoing a previous installation files outside the Python library path are being ignored: /home/burger/CS-7785/lab_3/install/team13_chase_object/lib/team13_chase_object/chase_object
[7.019s] DEBUG:colcon.colcon_core.task.python.build:While undoing a previous installation files outside the Python library path are being ignored: /home/burger/CS-7785/lab_3/install/team13_chase_object/lib/team13_chase_object/detect_object
[7.020s] DEBUG:colcon.colcon_core.task.python.build:While undoing a previous installation files outside the Python library path are being ignored: /home/burger/CS-7785/lab_3/install/team13_chase_object/lib/team13_chase_object/get_object_range
[7.027s] DEBUG:colcon.colcon_core.event_handler.log_command:Invoking command in '/home/burger/CS-7785/lab_3/build/team13_chase_object': PYTHONPATH=/home/burger/CS-7785/lab_3/build/team13_chase_object/prefix_override:/home/burger/CS-7785/lab_3/install/team13_chase_object/lib/python3.10/site-packages:${PYTHONPATH} /usr/bin/python3 setup.py develop --editable --build-directory /home/burger/CS-7785/lab_3/build/team13_chase_object/build --no-deps install_data
[9.693s] Level 1:colcon.colcon_core.shell:create_environment_hook('team13_chase_object', 'pythonpath_develop')
[9.699s] INFO:colcon.colcon_core.shell:Creating environment hook '/home/burger/CS-7785/lab_3/build/team13_chase_object/share/team13_chase_object/hook/pythonpath_develop.ps1'
[9.700s] DEBUG:colcon.colcon_core.event_handler.log_command:Invoked command in '/home/burger/CS-7785/lab_3/build/team13_chase_object' returned '0': PYTHONPATH=/home/burger/CS-7785/lab_3/build/team13_chase_object/prefix_override:/home/burger/CS-7785/lab_3/install/team13_chase_object/lib/python3.10/site-packages:${PYTHONPATH} /usr/bin/python3 setup.py develop --editable --build-directory /home/burger/CS-7785/lab_3/build/team13_chase_object/build --no-deps install_data
[9.772s] INFO:colcon.colcon_core.shell:Creating environment descriptor '/home/burger/CS-7785/lab_3/build/team13_chase_object/share/team13_chase_object/hook/pythonpath_develop.dsv'
[9.773s] INFO:colcon.colcon_core.shell:Creating environment hook '/home/burger/CS-7785/lab_3/build/team13_chase_object/share/team13_chase_object/hook/pythonpath_develop.sh'
[9.820s] Level 1:colcon.colcon_core.environment:checking '/home/burger/CS-7785/lab_3/install/team13_chase_object' for CMake module files
[9.823s] Level 1:colcon.colcon_core.environment:checking '/home/burger/CS-7785/lab_3/install/team13_chase_object' for CMake config files
[9.829s] Level 1:colcon.colcon_core.environment:checking '/home/burger/CS-7785/lab_3/install/team13_chase_object/lib'
[9.830s] Level 1:colcon.colcon_core.environment:checking '/home/burger/CS-7785/lab_3/install/team13_chase_object/bin'
[9.830s] Level 1:colcon.colcon_core.environment:checking '/home/burger/CS-7785/lab_3/install/team13_chase_object/lib/pkgconfig/team13_chase_object.pc'
[9.831s] Level 1:colcon.colcon_core.environment:checking '/home/burger/CS-7785/lab_3/install/team13_chase_object/lib/python3.10/site-packages'
[9.832s] Level 1:colcon.colcon_core.shell:create_environment_hook('team13_chase_object', 'pythonpath')
[9.838s] INFO:colcon.colcon_core.shell:Creating environment hook '/home/burger/CS-7785/lab_3/install/team13_chase_object/share/team13_chase_object/hook/pythonpath.ps1'
[9.840s] INFO:colcon.colcon_core.shell:Creating environment descriptor '/home/burger/CS-7785/lab_3/install/team13_chase_object/share/team13_chase_object/hook/pythonpath.dsv'
[9.841s] INFO:colcon.colcon_core.shell:Creating environment hook '/home/burger/CS-7785/lab_3/install/team13_chase_object/share/team13_chase_object/hook/pythonpath.sh'
[9.844s] Level 1:colcon.colcon_core.environment:checking '/home/burger/CS-7785/lab_3/install/team13_chase_object/bin'
[9.844s] Level 1:colcon.colcon_core.environment:create_environment_scripts_only(team13_chase_object)
[9.850s] INFO:colcon.colcon_core.shell:Creating package script '/home/burger/CS-7785/lab_3/install/team13_chase_object/share/team13_chase_object/package.ps1'
[9.893s] INFO:colcon.colcon_core.shell:Creating package descriptor '/home/burger/CS-7785/lab_3/install/team13_chase_object/share/team13_chase_object/package.dsv'
[9.899s] INFO:colcon.colcon_core.shell:Creating package script '/home/burger/CS-7785/lab_3/install/team13_chase_object/share/team13_chase_object/package.sh'
[9.906s] INFO:colcon.colcon_core.shell:Creating package script '/home/burger/CS-7785/lab_3/install/team13_chase_object/share/team13_chase_object/package.bash'
[9.915s] INFO:colcon.colcon_core.shell:Creating package script '/home/burger/CS-7785/lab_3/install/team13_chase_object/share/team13_chase_object/package.zsh'
[9.923s] Level 1:colcon.colcon_core.environment:create_file_with_runtime_dependencies(/home/burger/CS-7785/lab_3/install/team13_chase_object/share/colcon-core/packages/team13_chase_object)
[9.924s] DEBUG:colcon.colcon_parallel_executor.executor.parallel:closing loop
[9.926s] DEBUG:colcon.colcon_parallel_executor.executor.parallel:loop closed
[9.927s] DEBUG:colcon.colcon_parallel_executor.executor.parallel:run_until_complete finished with '0'
[9.927s] DEBUG:colcon.colcon_core.event_reactor:joining thread
[9.958s] INFO:colcon.colcon_core.plugin_system:Skipping extension 'colcon_notification.desktop_notification.notify_send': Could not find 'notify-send'
[9.959s] INFO:colcon.colcon_core.plugin_system:Skipping extension 'colcon_notification.desktop_notification.terminal_notifier': Not used on non-Darwin systems
[9.959s] INFO:colcon.colcon_core.plugin_system:Skipping extension 'colcon_notification.desktop_notification.win32': Not used on non-Windows systems
[9.959s] INFO:colcon.colcon_notification.desktop_notification:Sending desktop notification using 'notify2'
[9.993s] DEBUG:colcon.colcon_notification.desktop_notification.notify2:Failed to initialize notify2: org.freedesktop.DBus.Error.ServiceUnknown: The name org.freedesktop.Notifications was not provided by any .service files
[9.993s] DEBUG:colcon.colcon_core.event_reactor:joined thread
[10.000s] INFO:colcon.colcon_core.shell:Creating prefix script '/home/burger/CS-7785/lab_3/install/local_setup.ps1'
[10.006s] INFO:colcon.colcon_core.shell:Creating prefix util module '/home/burger/CS-7785/lab_3/install/_local_setup_util_ps1.py'
[10.016s] INFO:colcon.colcon_core.shell:Creating prefix chain script '/home/burger/CS-7785/lab_3/install/setup.ps1'
[10.026s] INFO:colcon.colcon_core.shell:Creating prefix script '/home/burger/CS-7785/lab_3/install/local_setup.sh'
[10.032s] INFO:colcon.colcon_core.shell:Creating prefix util module '/home/burger/CS-7785/lab_3/install/_local_setup_util_sh.py'
[10.034s] INFO:colcon.colcon_core.shell:Creating prefix chain script '/home/burger/CS-7785/lab_3/install/setup.sh'
[10.045s] INFO:colcon.colcon_core.shell:Creating prefix script '/home/burger/CS-7785/lab_3/install/local_setup.bash'
[10.050s] INFO:colcon.colcon_core.shell:Creating prefix chain script '/home/burger/CS-7785/lab_3/install/setup.bash'
[10.060s] INFO:colcon.colcon_core.shell:Creating prefix script '/home/burger/CS-7785/lab_3/install/local_setup.zsh'
[10.066s] INFO:colcon.colcon_core.shell:Creating prefix chain script '/home/burger/CS-7785/lab_3/install/setup.zsh'
