[4.389s] Invoking command in '/home/burger/CS-7785/lab_3/team13_chase_object': PYTHONPATH=/home/burger/CS-7785/lab_3/team13_chase_object/build/team13_chase_object/prefix_override:/home/burger/CS-7785/lab_3/team13_chase_object/install/team13_chase_object/lib/python3.10/site-packages:${PYTHONPATH} /usr/bin/python3 setup.py egg_info --egg-base build/team13_chase_object build --build-base /home/burger/CS-7785/lab_3/team13_chase_object/build/team13_chase_object/build install --record /home/burger/CS-7785/lab_3/team13_chase_object/build/team13_chase_object/install.log --single-version-externally-managed
[5.725s] running egg_info
[5.817s] writing build/team13_chase_object/team13_chase_object.egg-info/PKG-INFO
[5.819s] writing dependency_links to build/team13_chase_object/team13_chase_object.egg-info/dependency_links.txt
[5.821s] writing entry points to build/team13_chase_object/team13_chase_object.egg-info/entry_points.txt
[5.823s] writing requirements to build/team13_chase_object/team13_chase_object.egg-info/requires.txt
[5.825s] writing top-level names to build/team13_chase_object/team13_chase_object.egg-info/top_level.txt
[6.033s] reading manifest file 'build/team13_chase_object/team13_chase_object.egg-info/SOURCES.txt'
[6.039s] writing manifest file 'build/team13_chase_object/team13_chase_object.egg-info/SOURCES.txt'
[6.041s] running build
[6.042s] running build_py
[6.045s] copying team13_chase_object/chase_object.py -> /home/burger/CS-7785/lab_3/team13_chase_object/build/team13_chase_object/build/lib/team13_chase_object
[6.048s] running install
[6.049s] /usr/local/lib/python3.10/dist-packages/setuptools/_distutils/cmd.py:66: SetuptoolsDeprecationWarning: setup.py install is deprecated.
[6.050s] !!
[6.050s] 
[6.051s]         ********************************************************************************
[6.051s]         Please avoid running ``setup.py`` directly.
[6.052s]         Instead, use pypa/build, pypa/installer or other
[6.052s]         standards-based tools.
[6.053s] 
[6.053s]         See https://blog.ganssle.io/articles/2021/10/setup-py-deprecated.html for details.
[6.054s]         ********************************************************************************
[6.054s] 
[6.055s] !!
[6.055s]   self.initialize_options()
[6.087s] running install_lib
[6.170s] copying /home/burger/CS-7785/lab_3/team13_chase_object/build/team13_chase_object/build/lib/team13_chase_object/chase_object.py -> /home/burger/CS-7785/lab_3/team13_chase_object/install/team13_chase_object/lib/python3.10/site-packages/team13_chase_object
[6.179s] byte-compiling /home/burger/CS-7785/lab_3/team13_chase_object/install/team13_chase_object/lib/python3.10/site-packages/team13_chase_object/chase_object.py to chase_object.cpython-310.pyc
[6.183s] byte-compiling /home/burger/CS-7785/lab_3/team13_chase_object/install/team13_chase_object/lib/python3.10/site-packages/team13_chase_object/__init__.py to __init__.cpython-310.pyc
[6.185s] running install_data
[6.288s] running install_egg_info
[6.392s] removing '/home/burger/CS-7785/lab_3/team13_chase_object/install/team13_chase_object/lib/python3.10/site-packages/team13_chase_object-0.0.0-py3.10.egg-info' (and everything under it)
[6.394s] Copying build/team13_chase_object/team13_chase_object.egg-info to /home/burger/CS-7785/lab_3/team13_chase_object/install/team13_chase_object/lib/python3.10/site-packages/team13_chase_object-0.0.0-py3.10.egg-info
[6.400s] running install_scripts
[7.281s] Installing chase_object script to /home/burger/CS-7785/lab_3/team13_chase_object/install/team13_chase_object/lib/team13_chase_object
[7.284s] Installing detect_object script to /home/burger/CS-7785/lab_3/team13_chase_object/install/team13_chase_object/lib/team13_chase_object
[7.286s] Installing get_object_range script to /home/burger/CS-7785/lab_3/team13_chase_object/install/team13_chase_object/lib/team13_chase_object
[7.289s] writing list of installed files to '/home/burger/CS-7785/lab_3/team13_chase_object/build/team13_chase_object/install.log'
[7.460s] Invoked command in '/home/burger/CS-7785/lab_3/team13_chase_object' returned '0': PYTHONPATH=/home/burger/CS-7785/lab_3/team13_chase_object/build/team13_chase_object/prefix_override:/home/burger/CS-7785/lab_3/team13_chase_object/install/team13_chase_object/lib/python3.10/site-packages:${PYTHONPATH} /usr/bin/python3 setup.py egg_info --egg-base build/team13_chase_object build --build-base /home/burger/CS-7785/lab_3/team13_chase_object/build/team13_chase_object/build install --record /home/burger/CS-7785/lab_3/team13_chase_object/build/team13_chase_object/install.log --single-version-externally-managed
