[3.547s] Invoking command in '/home/burger/CS-7785/lab_3/team13_chase_object': PYTHONPATH=/home/burger/CS-7785/lab_3/build/team13_chase_object/prefix_override:/home/burger/CS-7785/lab_3/install/team13_chase_object/lib/python3.10/site-packages:${PYTHONPATH} /usr/bin/python3 setup.py egg_info --egg-base ../build/team13_chase_object build --build-base /home/burger/CS-7785/lab_3/build/team13_chase_object/build install --record /home/burger/CS-7785/lab_3/build/team13_chase_object/install.log --single-version-externally-managed
[4.585s] running egg_info
[4.657s] writing ../build/team13_chase_object/team13_chase_object.egg-info/PKG-INFO
[4.658s] writing dependency_links to ../build/team13_chase_object/team13_chase_object.egg-info/dependency_links.txt
[4.660s] writing entry points to ../build/team13_chase_object/team13_chase_object.egg-info/entry_points.txt
[4.662s] writing requirements to ../build/team13_chase_object/team13_chase_object.egg-info/requires.txt
[4.663s] writing top-level names to ../build/team13_chase_object/team13_chase_object.egg-info/top_level.txt
[4.789s] reading manifest file '../build/team13_chase_object/team13_chase_object.egg-info/SOURCES.txt'
[4.795s] writing manifest file '../build/team13_chase_object/team13_chase_object.egg-info/SOURCES.txt'
[4.796s] running build
[4.796s] running build_py
[4.800s] copying team13_chase_object/detect_object.py -> /home/burger/CS-7785/lab_3/build/team13_chase_object/build/lib/team13_chase_object
[4.802s] running install
[4.802s] /usr/local/lib/python3.10/dist-packages/setuptools/_distutils/cmd.py:66: SetuptoolsDeprecationWarning: setup.py install is deprecated.
[4.810s] !!
[4.811s] 
[4.817s]         ********************************************************************************
[4.818s]         Please avoid running ``setup.py`` directly.
[4.818s]         Instead, use pypa/build, pypa/installer or other
[4.819s]         standards-based tools.
[4.819s] 
[4.820s]         See https://blog.ganssle.io/articles/2021/10/setup-py-deprecated.html for details.
[4.820s]         ********************************************************************************
[4.820s] 
[4.828s] !!
[4.829s]   self.initialize_options()
[4.836s] running install_lib
[4.893s] copying /home/burger/CS-7785/lab_3/build/team13_chase_object/build/lib/team13_chase_object/detect_object.py -> /home/burger/CS-7785/lab_3/install/team13_chase_object/lib/python3.10/site-packages/team13_chase_object
[4.897s] byte-compiling /home/burger/CS-7785/lab_3/install/team13_chase_object/lib/python3.10/site-packages/team13_chase_object/detect_object.py to detect_object.cpython-310.pyc
[4.903s] running install_data
[4.963s] running install_egg_info
[5.035s] removing '/home/burger/CS-7785/lab_3/install/team13_chase_object/lib/python3.10/site-packages/team13_chase_object-0.0.0-py3.10.egg-info' (and everything under it)
[5.037s] Copying ../build/team13_chase_object/team13_chase_object.egg-info to /home/burger/CS-7785/lab_3/install/team13_chase_object/lib/python3.10/site-packages/team13_chase_object-0.0.0-py3.10.egg-info
[5.044s] running install_scripts
[5.703s] Installing chase_object script to /home/burger/CS-7785/lab_3/install/team13_chase_object/lib/team13_chase_object
[5.707s] Installing detect_object script to /home/burger/CS-7785/lab_3/install/team13_chase_object/lib/team13_chase_object
[5.707s] Installing get_object_range script to /home/burger/CS-7785/lab_3/install/team13_chase_object/lib/team13_chase_object
[5.708s] writing list of installed files to '/home/burger/CS-7785/lab_3/build/team13_chase_object/install.log'
[5.864s] Invoked command in '/home/burger/CS-7785/lab_3/team13_chase_object' returned '0': PYTHONPATH=/home/burger/CS-7785/lab_3/build/team13_chase_object/prefix_override:/home/burger/CS-7785/lab_3/install/team13_chase_object/lib/python3.10/site-packages:${PYTHONPATH} /usr/bin/python3 setup.py egg_info --egg-base ../build/team13_chase_object build --build-base /home/burger/CS-7785/lab_3/build/team13_chase_object/build install --record /home/burger/CS-7785/lab_3/build/team13_chase_object/install.log --single-version-externally-managed
