[5.219s] Invoking command in '/home/burger/CS-7785/lab_3/team13_chase_object': PYTHONPATH=/home/burger/CS-7785/lab_3/build/team13_chase_object/prefix_override:/home/burger/CS-7785/lab_3/install/team13_chase_object/lib/python3.10/site-packages:${PYTHONPATH} /usr/bin/python3 setup.py egg_info --egg-base ../build/team13_chase_object build --build-base /home/burger/CS-7785/lab_3/build/team13_chase_object/build install --record /home/burger/CS-7785/lab_3/build/team13_chase_object/install.log --single-version-externally-managed
[6.761s] running egg_info
[6.859s] writing ../build/team13_chase_object/team13_chase_object.egg-info/PKG-INFO
[6.862s] writing dependency_links to ../build/team13_chase_object/team13_chase_object.egg-info/dependency_links.txt
[6.865s] writing entry points to ../build/team13_chase_object/team13_chase_object.egg-info/entry_points.txt
[6.868s] writing requirements to ../build/team13_chase_object/team13_chase_object.egg-info/requires.txt
[6.868s] writing top-level names to ../build/team13_chase_object/team13_chase_object.egg-info/top_level.txt
[7.024s] reading manifest file '../build/team13_chase_object/team13_chase_object.egg-info/SOURCES.txt'
[7.031s] writing manifest file '../build/team13_chase_object/team13_chase_object.egg-info/SOURCES.txt'
[7.035s] running build
[7.039s] running build_py
[7.043s] copying team13_chase_object/chase_object.py -> /home/burger/CS-7785/lab_3/build/team13_chase_object/build/lib/team13_chase_object
[7.052s] running install
[7.055s] /usr/local/lib/python3.10/dist-packages/setuptools/_distutils/cmd.py:66: SetuptoolsDeprecationWarning: setup.py install is deprecated.
[7.057s] !!
[7.059s] 
[7.059s]         ********************************************************************************
[7.060s]         Please avoid running ``setup.py`` directly.
[7.060s]         Instead, use pypa/build, pypa/installer or other
[7.060s]         standards-based tools.
[7.061s] 
[7.065s]         See https://blog.ganssle.io/articles/2021/10/setup-py-deprecated.html for details.
[7.065s]         ********************************************************************************
[7.066s] 
[7.069s] !!
[7.069s]   self.initialize_options()
[7.089s] running install_lib
[7.218s] copying /home/burger/CS-7785/lab_3/build/team13_chase_object/build/lib/team13_chase_object/chase_object.py -> /home/burger/CS-7785/lab_3/install/team13_chase_object/lib/python3.10/site-packages/team13_chase_object
[7.225s] byte-compiling /home/burger/CS-7785/lab_3/install/team13_chase_object/lib/python3.10/site-packages/team13_chase_object/chase_object.py to chase_object.cpython-310.pyc
[7.235s] running install_data
[7.345s] running install_egg_info
[7.453s] removing '/home/burger/CS-7785/lab_3/install/team13_chase_object/lib/python3.10/site-packages/team13_chase_object-0.0.0-py3.10.egg-info' (and everything under it)
[7.456s] Copying ../build/team13_chase_object/team13_chase_object.egg-info to /home/burger/CS-7785/lab_3/install/team13_chase_object/lib/python3.10/site-packages/team13_chase_object-0.0.0-py3.10.egg-info
[7.467s] running install_scripts
[8.460s] Installing chase_object script to /home/burger/CS-7785/lab_3/install/team13_chase_object/lib/team13_chase_object
[8.464s] Installing detect_object script to /home/burger/CS-7785/lab_3/install/team13_chase_object/lib/team13_chase_object
[8.470s] Installing get_object_range script to /home/burger/CS-7785/lab_3/install/team13_chase_object/lib/team13_chase_object
[8.473s] writing list of installed files to '/home/burger/CS-7785/lab_3/build/team13_chase_object/install.log'
[8.692s] Invoked command in '/home/burger/CS-7785/lab_3/team13_chase_object' returned '0': PYTHONPATH=/home/burger/CS-7785/lab_3/build/team13_chase_object/prefix_override:/home/burger/CS-7785/lab_3/install/team13_chase_object/lib/python3.10/site-packages:${PYTHONPATH} /usr/bin/python3 setup.py egg_info --egg-base ../build/team13_chase_object build --build-base /home/burger/CS-7785/lab_3/build/team13_chase_object/build install --record /home/burger/CS-7785/lab_3/build/team13_chase_object/install.log --single-version-externally-managed
