[0.490s] Invoking command in '/home/aryan/CS-7785/Lab 2/team13_object_follower': PYTHONPATH=/home/aryan/CS-7785/Lab 2/build/team13_object_follower/prefix_override:/home/aryan/CS-7785/Lab 2/install/team13_object_follower/lib/python3.10/site-packages:${PYTHONPATH} /usr/bin/python3 setup.py egg_info --egg-base ../build/team13_object_follower build --build-base /home/aryan/CS-7785/Lab 2/build/team13_object_follower/build install --record /home/aryan/CS-7785/Lab 2/build/team13_object_follower/install.log --single-version-externally-managed
[0.679s] running egg_info
[0.680s] writing ../build/team13_object_follower/team13_object_follower.egg-info/PKG-INFO
[0.680s] writing dependency_links to ../build/team13_object_follower/team13_object_follower.egg-info/dependency_links.txt
[0.680s] writing entry points to ../build/team13_object_follower/team13_object_follower.egg-info/entry_points.txt
[0.681s] writing requirements to ../build/team13_object_follower/team13_object_follower.egg-info/requires.txt
[0.681s] writing top-level names to ../build/team13_object_follower/team13_object_follower.egg-info/top_level.txt
[0.683s] reading manifest file '../build/team13_object_follower/team13_object_follower.egg-info/SOURCES.txt'
[0.684s] writing manifest file '../build/team13_object_follower/team13_object_follower.egg-info/SOURCES.txt'
[0.684s] running build
[0.684s] running build_py
[0.684s] copying team13_object_follower/find_object.py -> /home/aryan/CS-7785/Lab 2/build/team13_object_follower/build/lib/team13_object_follower
[0.685s] copying team13_object_follower/rotate_robot.py -> /home/aryan/CS-7785/Lab 2/build/team13_object_follower/build/lib/team13_object_follower
[0.685s] copying team13_object_follower/view_image_raw.py -> /home/aryan/CS-7785/Lab 2/build/team13_object_follower/build/lib/team13_object_follower
[0.685s] copying team13_object_follower/view_image_raw2.py -> /home/aryan/CS-7785/Lab 2/build/team13_object_follower/build/lib/team13_object_follower
[0.685s] running install
[0.685s] /usr/lib/python3/dist-packages/setuptools/command/install.py:34: SetuptoolsDeprecationWarning: setup.py install is deprecated. Use build and pip and other standards-based tools.
[0.685s]   warnings.warn(
[0.685s] running install_lib
[0.686s] copying /home/aryan/CS-7785/Lab 2/build/team13_object_follower/build/lib/team13_object_follower/find_object.py -> /home/aryan/CS-7785/Lab 2/install/team13_object_follower/lib/python3.10/site-packages/team13_object_follower
[0.687s] copying /home/aryan/CS-7785/Lab 2/build/team13_object_follower/build/lib/team13_object_follower/rotate_robot.py -> /home/aryan/CS-7785/Lab 2/install/team13_object_follower/lib/python3.10/site-packages/team13_object_follower
[0.687s] copying /home/aryan/CS-7785/Lab 2/build/team13_object_follower/build/lib/team13_object_follower/view_image_raw.py -> /home/aryan/CS-7785/Lab 2/install/team13_object_follower/lib/python3.10/site-packages/team13_object_follower
[0.687s] copying /home/aryan/CS-7785/Lab 2/build/team13_object_follower/build/lib/team13_object_follower/view_image_raw2.py -> /home/aryan/CS-7785/Lab 2/install/team13_object_follower/lib/python3.10/site-packages/team13_object_follower
[0.687s] byte-compiling /home/aryan/CS-7785/Lab 2/install/team13_object_follower/lib/python3.10/site-packages/team13_object_follower/find_object.py to find_object.cpython-310.pyc
[0.689s] byte-compiling /home/aryan/CS-7785/Lab 2/install/team13_object_follower/lib/python3.10/site-packages/team13_object_follower/rotate_robot.py to rotate_robot.cpython-310.pyc
[0.689s] byte-compiling /home/aryan/CS-7785/Lab 2/install/team13_object_follower/lib/python3.10/site-packages/team13_object_follower/view_image_raw.py to view_image_raw.cpython-310.pyc
[0.690s] byte-compiling /home/aryan/CS-7785/Lab 2/install/team13_object_follower/lib/python3.10/site-packages/team13_object_follower/view_image_raw2.py to view_image_raw2.cpython-310.pyc
[0.691s] running install_data
[0.691s] running install_egg_info
[0.693s] removing '/home/aryan/CS-7785/Lab 2/install/team13_object_follower/lib/python3.10/site-packages/team13_object_follower-0.0.0-py3.10.egg-info' (and everything under it)
[0.694s] Copying ../build/team13_object_follower/team13_object_follower.egg-info to /home/aryan/CS-7785/Lab 2/install/team13_object_follower/lib/python3.10/site-packages/team13_object_follower-0.0.0-py3.10.egg-info
[0.695s] running install_scripts
[0.710s] writing list of installed files to '/home/aryan/CS-7785/Lab 2/build/team13_object_follower/install.log'
[0.725s] Invoked command in '/home/aryan/CS-7785/Lab 2/team13_object_follower' returned '0': PYTHONPATH=/home/aryan/CS-7785/Lab 2/build/team13_object_follower/prefix_override:/home/aryan/CS-7785/Lab 2/install/team13_object_follower/lib/python3.10/site-packages:${PYTHONPATH} /usr/bin/python3 setup.py egg_info --egg-base ../build/team13_object_follower build --build-base /home/aryan/CS-7785/Lab 2/build/team13_object_follower/build install --record /home/aryan/CS-7785/Lab 2/build/team13_object_follower/install.log --single-version-externally-managed
