running egg_info
creating ../build/team13_object_follower/team13_object_follower.egg-info
writing ../build/team13_object_follower/team13_object_follower.egg-info/PKG-INFO
writing dependency_links to ../build/team13_object_follower/team13_object_follower.egg-info/dependency_links.txt
writing entry points to ../build/team13_object_follower/team13_object_follower.egg-info/entry_points.txt
writing requirements to ../build/team13_object_follower/team13_object_follower.egg-info/requires.txt
writing top-level names to ../build/team13_object_follower/team13_object_follower.egg-info/top_level.txt
writing manifest file '../build/team13_object_follower/team13_object_follower.egg-info/SOURCES.txt'
reading manifest file '../build/team13_object_follower/team13_object_follower.egg-info/SOURCES.txt'
writing manifest file '../build/team13_object_follower/team13_object_follower.egg-info/SOURCES.txt'
running build
running build_py
creating /home/aryan/CS-7785/Lab 2/build/team13_object_follower/build
creating /home/aryan/CS-7785/Lab 2/build/team13_object_follower/build/lib
creating /home/aryan/CS-7785/Lab 2/build/team13_object_follower/build/lib/team13_object_follower
copying team13_object_follower/__init__.py -> /home/aryan/CS-7785/Lab 2/build/team13_object_follower/build/lib/team13_object_follower
running install
running install_lib
creating /home/aryan/CS-7785/Lab 2/install/team13_object_follower/lib/python3.10/site-packages/team13_object_follower
copying /home/aryan/CS-7785/Lab 2/build/team13_object_follower/build/lib/team13_object_follower/__init__.py -> /home/aryan/CS-7785/Lab 2/install/team13_object_follower/lib/python3.10/site-packages/team13_object_follower
byte-compiling /home/aryan/CS-7785/Lab 2/install/team13_object_follower/lib/python3.10/site-packages/team13_object_follower/__init__.py to __init__.cpython-310.pyc
running install_data
creating /home/aryan/CS-7785/Lab 2/install/team13_object_follower/share/ament_index
creating /home/aryan/CS-7785/Lab 2/install/team13_object_follower/share/ament_index/resource_index
creating /home/aryan/CS-7785/Lab 2/install/team13_object_follower/share/ament_index/resource_index/packages
copying resource/team13_object_follower -> /home/aryan/CS-7785/Lab 2/install/team13_object_follower/share/ament_index/resource_index/packages
copying package.xml -> /home/aryan/CS-7785/Lab 2/install/team13_object_follower/share/team13_object_follower
running install_egg_info
Copying ../build/team13_object_follower/team13_object_follower.egg-info to /home/aryan/CS-7785/Lab 2/install/team13_object_follower/lib/python3.10/site-packages/team13_object_follower-0.0.0-py3.10.egg-info
running install_scripts
writing list of installed files to '/home/aryan/CS-7785/Lab 2/build/team13_object_follower/install.log'
