[1.209s] DEBUG:colcon:Command line arguments: ['/usr/bin/colcon', 'build']
[1.209s] DEBUG:colcon:Parsed command line arguments: Namespace(log_base=None, log_level=None, verb_name='build', build_base='build', install_base='install', merge_install=False, symlink_install=False, test_result_base=None, continue_on_error=False, executor='parallel', parallel_workers=4, event_handlers=None, ignore_user_meta=False, metas=['./colcon.meta'], base_paths=['.'], packages_ignore=None, packages_ignore_regex=None, paths=None, packages_up_to=None, packages_up_to_regex=None, packages_above=None, packages_above_and_dependencies=None, packages_above_depth=None, packages_select_by_dep=None, packages_skip_by_dep=None, packages_skip_up_to=None, packages_select_build_failed=False, packages_skip_build_finished=False, packages_select_test_failures=False, packages_skip_test_passed=False, packages_select=None, packages_skip=None, packages_select_regex=None, packages_skip_regex=None, packages_start=None, packages_end=None, allow_overriding=[], cmake_args=None, cmake_target=None, cmake_target_skip_unavailable=False, cmake_clean_cache=False, cmake_clean_first=False, cmake_force_configure=False, ament_cmake_args=None, catkin_cmake_args=None, catkin_skip_building_tests=False, verb_parser=<colcon_defaults.argument_parser.defaults.DefaultArgumentsDecorator object at 0xffff9b813a90>, verb_extension=<colcon_core.verb.build.BuildVerb object at 0xffff9b9fd630>, main=<bound method BuildVerb.main of <colcon_core.verb.build.BuildVerb object at 0xffff9b9fd630>>)
[1.353s] Level 1:colcon.colcon_core.package_discovery:discover_packages(colcon_meta) check parameters
[1.354s] Level 1:colcon.colcon_core.package_discovery:discover_packages(recursive) check parameters
[1.354s] Level 1:colcon.colcon_core.package_discovery:discover_packages(ignore) check parameters
[1.354s] Level 1:colcon.colcon_core.package_discovery:discover_packages(path) check parameters
[1.354s] Level 1:colcon.colcon_core.package_discovery:discover_packages(colcon_meta) discover
[1.355s] Level 1:colcon.colcon_core.package_discovery:discover_packages(recursive) discover
[1.355s] INFO:colcon.colcon_core.package_discovery:Crawling recursively for packages in '/home/burger/CS-7785/lab_2'
[1.356s] Level 1:colcon.colcon_core.package_identification:_identify(.) by extensions ['ignore', 'ignore_ament_install']
[1.356s] Level 1:colcon.colcon_core.package_identification:_identify(.) by extension 'ignore'
[1.356s] Level 1:colcon.colcon_core.package_identification:_identify(.) by extension 'ignore_ament_install'
[1.357s] Level 1:colcon.colcon_core.package_identification:_identify(.) by extensions ['colcon_pkg']
[1.357s] Level 1:colcon.colcon_core.package_identification:_identify(.) by extension 'colcon_pkg'
[1.357s] Level 1:colcon.colcon_core.package_identification:_identify(.) by extensions ['colcon_meta']
[1.357s] Level 1:colcon.colcon_core.package_identification:_identify(.) by extension 'colcon_meta'
[1.358s] Level 1:colcon.colcon_core.package_identification:_identify(.) by extensions ['ros']
[1.358s] Level 1:colcon.colcon_core.package_identification:_identify(.) by extension 'ros'
[1.425s] Level 1:colcon.colcon_core.package_identification:_identify(.) by extensions ['cmake', 'python']
[1.425s] Level 1:colcon.colcon_core.package_identification:_identify(.) by extension 'cmake'
[1.426s] Level 1:colcon.colcon_core.package_identification:_identify(.) by extension 'python'
[1.426s] Level 1:colcon.colcon_core.package_identification:_identify(.) by extensions ['python_setup_py']
[1.426s] Level 1:colcon.colcon_core.package_identification:_identify(.) by extension 'python_setup_py'
[1.427s] Level 1:colcon.colcon_core.package_identification:_identify(build) by extensions ['ignore', 'ignore_ament_install']
[1.427s] Level 1:colcon.colcon_core.package_identification:_identify(build) by extension 'ignore'
[1.428s] Level 1:colcon.colcon_core.package_identification:_identify(build) ignored
[1.428s] Level 1:colcon.colcon_core.package_identification:_identify(install) by extensions ['ignore', 'ignore_ament_install']
[1.429s] Level 1:colcon.colcon_core.package_identification:_identify(install) by extension 'ignore'
[1.429s] Level 1:colcon.colcon_core.package_identification:_identify(install) ignored
[1.430s] Level 1:colcon.colcon_core.package_identification:_identify(log) by extensions ['ignore', 'ignore_ament_install']
[1.430s] Level 1:colcon.colcon_core.package_identification:_identify(log) by extension 'ignore'
[1.430s] Level 1:colcon.colcon_core.package_identification:_identify(log) ignored
[1.431s] Level 1:colcon.colcon_core.package_identification:_identify(team13_object_follower) by extensions ['ignore', 'ignore_ament_install']
[1.431s] Level 1:colcon.colcon_core.package_identification:_identify(team13_object_follower) by extension 'ignore'
[1.431s] Level 1:colcon.colcon_core.package_identification:_identify(team13_object_follower) by extension 'ignore_ament_install'
[1.432s] Level 1:colcon.colcon_core.package_identification:_identify(team13_object_follower) by extensions ['colcon_pkg']
[1.432s] Level 1:colcon.colcon_core.package_identification:_identify(team13_object_follower) by extension 'colcon_pkg'
[1.432s] Level 1:colcon.colcon_core.package_identification:_identify(team13_object_follower) by extensions ['colcon_meta']
[1.432s] Level 1:colcon.colcon_core.package_identification:_identify(team13_object_follower) by extension 'colcon_meta'
[1.432s] Level 1:colcon.colcon_core.package_identification:_identify(team13_object_follower) by extensions ['ros']
[1.432s] Level 1:colcon.colcon_core.package_identification:_identify(team13_object_follower) by extension 'ros'
[1.441s] DEBUG:colcon.colcon_core.package_identification:Package 'team13_object_follower' with type 'ros.ament_python' and name 'team13_object_follower'
[1.442s] Level 1:colcon.colcon_core.package_discovery:discover_packages(recursive) using defaults
[1.442s] Level 1:colcon.colcon_core.package_discovery:discover_packages(ignore) discover
[1.442s] Level 1:colcon.colcon_core.package_discovery:discover_packages(ignore) using defaults
[1.442s] Level 1:colcon.colcon_core.package_discovery:discover_packages(path) discover
[1.442s] Level 1:colcon.colcon_core.package_discovery:discover_packages(path) using defaults
[1.544s] Level 1:colcon.colcon_core.package_discovery:discover_packages(prefix_path) check parameters
[1.544s] Level 1:colcon.colcon_core.package_discovery:discover_packages(prefix_path) discover
[1.563s] DEBUG:colcon.colcon_installed_package_information.package_discovery:Found 1 installed packages in /home/burger/CS-7785/lab_2/install
[1.569s] DEBUG:colcon.colcon_installed_package_information.package_discovery:Found 8 installed packages in /home/burger/turtlebot3_ws/install
[1.579s] DEBUG:colcon.colcon_installed_package_information.package_discovery:Found 206 installed packages in /opt/ros/humble
[1.584s] Level 1:colcon.colcon_core.package_discovery:discover_packages(prefix_path) using defaults
[1.744s] Level 5:colcon.colcon_core.verb:set package 'team13_object_follower' build argument 'cmake_args' from command line to 'None'
[1.744s] Level 5:colcon.colcon_core.verb:set package 'team13_object_follower' build argument 'cmake_target' from command line to 'None'
[1.744s] Level 5:colcon.colcon_core.verb:set package 'team13_object_follower' build argument 'cmake_target_skip_unavailable' from command line to 'False'
[1.745s] Level 5:colcon.colcon_core.verb:set package 'team13_object_follower' build argument 'cmake_clean_cache' from command line to 'False'
[1.745s] Level 5:colcon.colcon_core.verb:set package 'team13_object_follower' build argument 'cmake_clean_first' from command line to 'False'
[1.745s] Level 5:colcon.colcon_core.verb:set package 'team13_object_follower' build argument 'cmake_force_configure' from command line to 'False'
[1.745s] Level 5:colcon.colcon_core.verb:set package 'team13_object_follower' build argument 'ament_cmake_args' from command line to 'None'
[1.745s] Level 5:colcon.colcon_core.verb:set package 'team13_object_follower' build argument 'catkin_cmake_args' from command line to 'None'
[1.745s] Level 5:colcon.colcon_core.verb:set package 'team13_object_follower' build argument 'catkin_skip_building_tests' from command line to 'False'
[1.745s] DEBUG:colcon.colcon_core.verb:Building package 'team13_object_follower' with the following arguments: {'ament_cmake_args': None, 'build_base': '/home/burger/CS-7785/lab_2/build/team13_object_follower', 'catkin_cmake_args': None, 'catkin_skip_building_tests': False, 'cmake_args': None, 'cmake_clean_cache': False, 'cmake_clean_first': False, 'cmake_force_configure': False, 'cmake_target': None, 'cmake_target_skip_unavailable': False, 'install_base': '/home/burger/CS-7785/lab_2/install/team13_object_follower', 'merge_install': False, 'path': '/home/burger/CS-7785/lab_2/team13_object_follower', 'symlink_install': False, 'test_result_base': None}
[1.748s] INFO:colcon.colcon_core.executor:Executing jobs using 'parallel' executor
[1.762s] DEBUG:colcon.colcon_parallel_executor.executor.parallel:run_until_complete
[1.763s] INFO:colcon.colcon_ros.task.ament_python.build:Building ROS package in '/home/burger/CS-7785/lab_2/team13_object_follower' with build type 'ament_python'
[1.763s] Level 1:colcon.colcon_core.shell:create_environment_hook('team13_object_follower', 'ament_prefix_path')
[1.779s] INFO:colcon.colcon_core.plugin_system:Skipping extension 'colcon_core.shell.bat': Not used on non-Windows systems
[1.780s] INFO:colcon.colcon_core.shell:Creating environment hook '/home/burger/CS-7785/lab_2/install/team13_object_follower/share/team13_object_follower/hook/ament_prefix_path.ps1'
[1.783s] INFO:colcon.colcon_core.shell:Creating environment descriptor '/home/burger/CS-7785/lab_2/install/team13_object_follower/share/team13_object_follower/hook/ament_prefix_path.dsv'
[1.786s] INFO:colcon.colcon_core.shell:Creating environment hook '/home/burger/CS-7785/lab_2/install/team13_object_follower/share/team13_object_follower/hook/ament_prefix_path.sh'
[1.795s] INFO:colcon.colcon_core.shell:Skip shell extension 'powershell' for command environment: Not usable outside of PowerShell
[1.796s] DEBUG:colcon.colcon_core.shell:Skip shell extension 'dsv' for command environment
[2.826s] INFO:colcon.colcon_core.task.python.build:Building Python package in '/home/burger/CS-7785/lab_2/team13_object_follower'
[2.832s] INFO:colcon.colcon_core.shell:Skip shell extension 'powershell' for command environment: Not usable outside of PowerShell
[2.832s] DEBUG:colcon.colcon_core.shell:Skip shell extension 'dsv' for command environment
[5.341s] DEBUG:colcon.colcon_core.event_handler.log_command:Invoking command in '/home/burger/CS-7785/lab_2/team13_object_follower': PYTHONPATH=/home/burger/CS-7785/lab_2/build/team13_object_follower/prefix_override:/home/burger/CS-7785/lab_2/install/team13_object_follower/lib/python3.10/site-packages:${PYTHONPATH} /usr/bin/python3 setup.py egg_info --egg-base ../build/team13_object_follower build --build-base /home/burger/CS-7785/lab_2/build/team13_object_follower/build install --record /home/burger/CS-7785/lab_2/build/team13_object_follower/install.log --single-version-externally-managed
[7.674s] DEBUG:colcon.colcon_core.event_handler.log_command:Invoked command in '/home/burger/CS-7785/lab_2/team13_object_follower' returned '0': PYTHONPATH=/home/burger/CS-7785/lab_2/build/team13_object_follower/prefix_override:/home/burger/CS-7785/lab_2/install/team13_object_follower/lib/python3.10/site-packages:${PYTHONPATH} /usr/bin/python3 setup.py egg_info --egg-base ../build/team13_object_follower build --build-base /home/burger/CS-7785/lab_2/build/team13_object_follower/build install --record /home/burger/CS-7785/lab_2/build/team13_object_follower/install.log --single-version-externally-managed
[7.697s] Level 1:colcon.colcon_core.environment:checking '/home/burger/CS-7785/lab_2/install/team13_object_follower' for CMake module files
[7.700s] Level 1:colcon.colcon_core.environment:checking '/home/burger/CS-7785/lab_2/install/team13_object_follower' for CMake config files
[7.705s] Level 1:colcon.colcon_core.environment:checking '/home/burger/CS-7785/lab_2/install/team13_object_follower/lib'
[7.706s] Level 1:colcon.colcon_core.environment:checking '/home/burger/CS-7785/lab_2/install/team13_object_follower/bin'
[7.706s] Level 1:colcon.colcon_core.environment:checking '/home/burger/CS-7785/lab_2/install/team13_object_follower/lib/pkgconfig/team13_object_follower.pc'
[7.707s] Level 1:colcon.colcon_core.environment:checking '/home/burger/CS-7785/lab_2/install/team13_object_follower/lib/python3.10/site-packages'
[7.707s] Level 1:colcon.colcon_core.shell:create_environment_hook('team13_object_follower', 'pythonpath')
[7.712s] INFO:colcon.colcon_core.shell:Creating environment hook '/home/burger/CS-7785/lab_2/install/team13_object_follower/share/team13_object_follower/hook/pythonpath.ps1'
[7.715s] INFO:colcon.colcon_core.shell:Creating environment descriptor '/home/burger/CS-7785/lab_2/install/team13_object_follower/share/team13_object_follower/hook/pythonpath.dsv'
[7.716s] INFO:colcon.colcon_core.shell:Creating environment hook '/home/burger/CS-7785/lab_2/install/team13_object_follower/share/team13_object_follower/hook/pythonpath.sh'
[7.720s] Level 1:colcon.colcon_core.environment:checking '/home/burger/CS-7785/lab_2/install/team13_object_follower/bin'
[7.720s] Level 1:colcon.colcon_core.environment:create_environment_scripts_only(team13_object_follower)
[7.728s] INFO:colcon.colcon_core.shell:Creating package script '/home/burger/CS-7785/lab_2/install/team13_object_follower/share/team13_object_follower/package.ps1'
[7.732s] INFO:colcon.colcon_core.shell:Creating package descriptor '/home/burger/CS-7785/lab_2/install/team13_object_follower/share/team13_object_follower/package.dsv'
[7.736s] INFO:colcon.colcon_core.shell:Creating package script '/home/burger/CS-7785/lab_2/install/team13_object_follower/share/team13_object_follower/package.sh'
[7.740s] INFO:colcon.colcon_core.shell:Creating package script '/home/burger/CS-7785/lab_2/install/team13_object_follower/share/team13_object_follower/package.bash'
[7.747s] INFO:colcon.colcon_core.shell:Creating package script '/home/burger/CS-7785/lab_2/install/team13_object_follower/share/team13_object_follower/package.zsh'
[7.750s] Level 1:colcon.colcon_core.environment:create_file_with_runtime_dependencies(/home/burger/CS-7785/lab_2/install/team13_object_follower/share/colcon-core/packages/team13_object_follower)
[7.752s] DEBUG:colcon.colcon_parallel_executor.executor.parallel:closing loop
[7.756s] DEBUG:colcon.colcon_parallel_executor.executor.parallel:loop closed
[7.756s] DEBUG:colcon.colcon_parallel_executor.executor.parallel:run_until_complete finished with '0'
[7.756s] DEBUG:colcon.colcon_core.event_reactor:joining thread
[7.777s] INFO:colcon.colcon_core.plugin_system:Skipping extension 'colcon_notification.desktop_notification.notify_send': Could not find 'notify-send'
[7.778s] INFO:colcon.colcon_core.plugin_system:Skipping extension 'colcon_notification.desktop_notification.terminal_notifier': Not used on non-Darwin systems
[7.778s] INFO:colcon.colcon_core.plugin_system:Skipping extension 'colcon_notification.desktop_notification.win32': Not used on non-Windows systems
[7.779s] INFO:colcon.colcon_notification.desktop_notification:Sending desktop notification using 'notify2'
[7.782s] DEBUG:colcon.colcon_notification.desktop_notification.notify2:Failed to initialize notify2: org.freedesktop.DBus.Error.ServiceUnknown: The name org.freedesktop.Notifications was not provided by any .service files
[7.782s] DEBUG:colcon.colcon_core.event_reactor:joined thread
[7.789s] INFO:colcon.colcon_core.shell:Creating prefix script '/home/burger/CS-7785/lab_2/install/local_setup.ps1'
[7.792s] INFO:colcon.colcon_core.shell:Creating prefix util module '/home/burger/CS-7785/lab_2/install/_local_setup_util_ps1.py'
[7.798s] INFO:colcon.colcon_core.shell:Creating prefix chain script '/home/burger/CS-7785/lab_2/install/setup.ps1'
[7.806s] INFO:colcon.colcon_core.shell:Creating prefix script '/home/burger/CS-7785/lab_2/install/local_setup.sh'
[7.808s] INFO:colcon.colcon_core.shell:Creating prefix util module '/home/burger/CS-7785/lab_2/install/_local_setup_util_sh.py'
[7.811s] INFO:colcon.colcon_core.shell:Creating prefix chain script '/home/burger/CS-7785/lab_2/install/setup.sh'
[7.819s] INFO:colcon.colcon_core.shell:Creating prefix script '/home/burger/CS-7785/lab_2/install/local_setup.bash'
[7.823s] INFO:colcon.colcon_core.shell:Creating prefix chain script '/home/burger/CS-7785/lab_2/install/setup.bash'
[7.831s] INFO:colcon.colcon_core.shell:Creating prefix script '/home/burger/CS-7785/lab_2/install/local_setup.zsh'
[7.833s] INFO:colcon.colcon_core.shell:Creating prefix chain script '/home/burger/CS-7785/lab_2/install/setup.zsh'
