[3.833s] Invoking command in '/home/burger/CS-7785/lab_3/team13_chase_object': PYTHONPATH=/home/burger/CS-7785/lab_3/team13_chase_object/build/team13_chase_object/prefix_override:/home/burger/CS-7785/lab_3/team13_chase_object/install/team13_chase_object/lib/python3.10/site-packages:${PYTHONPATH} /usr/bin/python3 setup.py egg_info --egg-base build/team13_chase_object build --build-base /home/burger/CS-7785/lab_3/team13_chase_object/build/team13_chase_object/build install --record /home/burger/CS-7785/lab_3/team13_chase_object/build/team13_chase_object/install.log --single-version-externally-managed
[5.089s] running egg_info
[5.164s] writing build/team13_chase_object/team13_chase_object.egg-info/PKG-INFO
[5.168s] writing dependency_links to build/team13_chase_object/team13_chase_object.egg-info/dependency_links.txt
[5.171s] writing entry points to build/team13_chase_object/team13_chase_object.egg-info/entry_points.txt
[5.172s] writing requirements to build/team13_chase_object/team13_chase_object.egg-info/requires.txt
[5.173s] writing top-level names to build/team13_chase_object/team13_chase_object.egg-info/top_level.txt
[5.327s] reading manifest file 'build/team13_chase_object/team13_chase_object.egg-info/SOURCES.txt'
[5.333s] writing manifest file 'build/team13_chase_object/team13_chase_object.egg-info/SOURCES.txt'
[5.334s] running build
[5.335s] running build_py
[5.336s] copying team13_chase_object/chase_object.py -> /home/burger/CS-7785/lab_3/team13_chase_object/build/team13_chase_object/build/lib/team13_chase_object
[5.339s] copying team13_chase_object/get_object_range.py -> /home/burger/CS-7785/lab_3/team13_chase_object/build/team13_chase_object/build/lib/team13_chase_object
[5.341s] running install
[5.342s] /usr/local/lib/python3.10/dist-packages/setuptools/_distutils/cmd.py:66: SetuptoolsDeprecationWarning: setup.py install is deprecated.
[5.342s] !!
[5.343s] 
[5.343s]         ********************************************************************************
[5.344s]         Please avoid running ``setup.py`` directly.
[5.344s]         Instead, use pypa/build, pypa/installer or other
[5.345s]         standards-based tools.
[5.346s] 
[5.347s]         See https://blog.ganssle.io/articles/2021/10/setup-py-deprecated.html for details.
[5.347s]         ********************************************************************************
[5.348s] 
[5.348s] !!
[5.361s]   self.initialize_options()
[5.382s] running install_lib
[5.452s] copying /home/burger/CS-7785/lab_3/team13_chase_object/build/team13_chase_object/build/lib/team13_chase_object/chase_object.py -> /home/burger/CS-7785/lab_3/team13_chase_object/install/team13_chase_object/lib/python3.10/site-packages/team13_chase_object
[5.454s] copying /home/burger/CS-7785/lab_3/team13_chase_object/build/team13_chase_object/build/lib/team13_chase_object/get_object_range.py -> /home/burger/CS-7785/lab_3/team13_chase_object/install/team13_chase_object/lib/python3.10/site-packages/team13_chase_object
[5.460s] byte-compiling /home/burger/CS-7785/lab_3/team13_chase_object/install/team13_chase_object/lib/python3.10/site-packages/team13_chase_object/chase_object.py to chase_object.cpython-310.pyc
[5.463s] byte-compiling /home/burger/CS-7785/lab_3/team13_chase_object/install/team13_chase_object/lib/python3.10/site-packages/team13_chase_object/get_object_range.py to get_object_range.cpython-310.pyc
[5.467s] running install_data
[5.535s] running install_egg_info
[5.619s] removing '/home/burger/CS-7785/lab_3/team13_chase_object/install/team13_chase_object/lib/python3.10/site-packages/team13_chase_object-0.0.0-py3.10.egg-info' (and everything under it)
[5.623s] Copying build/team13_chase_object/team13_chase_object.egg-info to /home/burger/CS-7785/lab_3/team13_chase_object/install/team13_chase_object/lib/python3.10/site-packages/team13_chase_object-0.0.0-py3.10.egg-info
[5.630s] running install_scripts
[6.342s] Installing chase_object script to /home/burger/CS-7785/lab_3/team13_chase_object/install/team13_chase_object/lib/team13_chase_object
[6.348s] Installing detect_object script to /home/burger/CS-7785/lab_3/team13_chase_object/install/team13_chase_object/lib/team13_chase_object
[6.351s] Installing get_object_range script to /home/burger/CS-7785/lab_3/team13_chase_object/install/team13_chase_object/lib/team13_chase_object
[6.357s] writing list of installed files to '/home/burger/CS-7785/lab_3/team13_chase_object/build/team13_chase_object/install.log'
[6.504s] Invoked command in '/home/burger/CS-7785/lab_3/team13_chase_object' returned '0': PYTHONPATH=/home/burger/CS-7785/lab_3/team13_chase_object/build/team13_chase_object/prefix_override:/home/burger/CS-7785/lab_3/team13_chase_object/install/team13_chase_object/lib/python3.10/site-packages:${PYTHONPATH} /usr/bin/python3 setup.py egg_info --egg-base build/team13_chase_object build --build-base /home/burger/CS-7785/lab_3/team13_chase_object/build/team13_chase_object/build install --record /home/burger/CS-7785/lab_3/team13_chase_object/build/team13_chase_object/install.log --single-version-externally-managed
