[4.332s] DEBUG:colcon:Command line arguments: ['/usr/bin/colcon', 'build', '--symlink-install']
[4.332s] DEBUG:colcon:Parsed command line arguments: Namespace(log_base=None, log_level=None, verb_name='build', build_base='build', install_base='install', merge_install=False, symlink_install=True, test_result_base=None, continue_on_error=False, executor='parallel', parallel_workers=4, event_handlers=None, ignore_user_meta=False, metas=['./colcon.meta'], base_paths=['.'], packages_ignore=None, packages_ignore_regex=None, paths=None, packages_up_to=None, packages_up_to_regex=None, packages_above=None, packages_above_and_dependencies=None, packages_above_depth=None, packages_select_by_dep=None, packages_skip_by_dep=None, packages_skip_up_to=None, packages_select_build_failed=False, packages_skip_build_finished=False, packages_select_test_failures=False, packages_skip_test_passed=False, packages_select=None, packages_skip=None, packages_select_regex=None, packages_skip_regex=None, packages_start=None, packages_end=None, allow_overriding=[], cmake_args=None, cmake_target=None, cmake_target_skip_unavailable=False, cmake_clean_cache=False, cmake_clean_first=False, cmake_force_configure=False, ament_cmake_args=None, catkin_cmake_args=None, catkin_skip_building_tests=False, verb_parser=<colcon_defaults.argument_parser.defaults.DefaultArgumentsDecorator object at 0xffff88553490>, verb_extension=<colcon_core.verb.build.BuildVerb object at 0xffff88765060>, main=<bound method BuildVerb.main of <colcon_core.verb.build.BuildVerb object at 0xffff88765060>>)
[4.626s] Level 1:colcon.colcon_core.package_discovery:discover_packages(colcon_meta) check parameters
[4.627s] Level 1:colcon.colcon_core.package_discovery:discover_packages(recursive) check parameters
[4.627s] Level 1:colcon.colcon_core.package_discovery:discover_packages(ignore) check parameters
[4.627s] Level 1:colcon.colcon_core.package_discovery:discover_packages(path) check parameters
[4.627s] Level 1:colcon.colcon_core.package_discovery:discover_packages(colcon_meta) discover
[4.628s] Level 1:colcon.colcon_core.package_discovery:discover_packages(recursive) discover
[4.628s] INFO:colcon.colcon_core.package_discovery:Crawling recursively for packages in '/home/burger/CS-7785/lab_6'
[4.628s] Level 1:colcon.colcon_core.package_identification:_identify(.) by extensions ['ignore', 'ignore_ament_install']
[4.629s] Level 1:colcon.colcon_core.package_identification:_identify(.) by extension 'ignore'
[4.629s] Level 1:colcon.colcon_core.package_identification:_identify(.) by extension 'ignore_ament_install'
[4.629s] Level 1:colcon.colcon_core.package_identification:_identify(.) by extensions ['colcon_pkg']
[4.630s] Level 1:colcon.colcon_core.package_identification:_identify(.) by extension 'colcon_pkg'
[4.630s] Level 1:colcon.colcon_core.package_identification:_identify(.) by extensions ['colcon_meta']
[4.630s] Level 1:colcon.colcon_core.package_identification:_identify(.) by extension 'colcon_meta'
[4.630s] Level 1:colcon.colcon_core.package_identification:_identify(.) by extensions ['ros']
[4.630s] Level 1:colcon.colcon_core.package_identification:_identify(.) by extension 'ros'
[4.721s] Level 1:colcon.colcon_core.package_identification:_identify(.) by extensions ['cmake', 'python']
[4.721s] Level 1:colcon.colcon_core.package_identification:_identify(.) by extension 'cmake'
[4.721s] Level 1:colcon.colcon_core.package_identification:_identify(.) by extension 'python'
[4.722s] Level 1:colcon.colcon_core.package_identification:_identify(.) by extensions ['python_setup_py']
[4.722s] Level 1:colcon.colcon_core.package_identification:_identify(.) by extension 'python_setup_py'
[4.786s] Level 1:colcon.colcon_core.package_identification:_identify(build) by extensions ['ignore', 'ignore_ament_install']
[4.786s] Level 1:colcon.colcon_core.package_identification:_identify(build) by extension 'ignore'
[4.787s] Level 1:colcon.colcon_core.package_identification:_identify(build) ignored
[4.787s] Level 1:colcon.colcon_core.package_identification:_identify(final_lab) by extensions ['ignore', 'ignore_ament_install']
[4.788s] Level 1:colcon.colcon_core.package_identification:_identify(final_lab) by extension 'ignore'
[4.788s] Level 1:colcon.colcon_core.package_identification:_identify(final_lab) by extension 'ignore_ament_install'
[4.788s] Level 1:colcon.colcon_core.package_identification:_identify(final_lab) by extensions ['colcon_pkg']
[4.788s] Level 1:colcon.colcon_core.package_identification:_identify(final_lab) by extension 'colcon_pkg'
[4.789s] Level 1:colcon.colcon_core.package_identification:_identify(final_lab) by extensions ['colcon_meta']
[4.789s] Level 1:colcon.colcon_core.package_identification:_identify(final_lab) by extension 'colcon_meta'
[4.789s] Level 1:colcon.colcon_core.package_identification:_identify(final_lab) by extensions ['ros']
[4.789s] Level 1:colcon.colcon_core.package_identification:_identify(final_lab) by extension 'ros'
[4.805s] DEBUG:colcon.colcon_core.package_identification:Package 'final_lab' with type 'ros.ament_python' and name 'final_lab'
[4.805s] Level 1:colcon.colcon_core.package_identification:_identify(install) by extensions ['ignore', 'ignore_ament_install']
[4.806s] Level 1:colcon.colcon_core.package_identification:_identify(install) by extension 'ignore'
[4.806s] Level 1:colcon.colcon_core.package_identification:_identify(install) ignored
[4.806s] Level 1:colcon.colcon_core.package_identification:_identify(lab6_supplemental) by extensions ['ignore', 'ignore_ament_install']
[4.807s] Level 1:colcon.colcon_core.package_identification:_identify(lab6_supplemental) by extension 'ignore'
[4.807s] Level 1:colcon.colcon_core.package_identification:_identify(lab6_supplemental) by extension 'ignore_ament_install'
[4.807s] Level 1:colcon.colcon_core.package_identification:_identify(lab6_supplemental) by extensions ['colcon_pkg']
[4.807s] Level 1:colcon.colcon_core.package_identification:_identify(lab6_supplemental) by extension 'colcon_pkg'
[4.808s] Level 1:colcon.colcon_core.package_identification:_identify(lab6_supplemental) by extensions ['colcon_meta']
[4.808s] Level 1:colcon.colcon_core.package_identification:_identify(lab6_supplemental) by extension 'colcon_meta'
[4.808s] Level 1:colcon.colcon_core.package_identification:_identify(lab6_supplemental) by extensions ['ros']
[4.808s] Level 1:colcon.colcon_core.package_identification:_identify(lab6_supplemental) by extension 'ros'
[4.809s] Level 1:colcon.colcon_core.package_identification:_identify(lab6_supplemental) by extensions ['cmake', 'python']
[4.809s] Level 1:colcon.colcon_core.package_identification:_identify(lab6_supplemental) by extension 'cmake'
[4.809s] Level 1:colcon.colcon_core.package_identification:_identify(lab6_supplemental) by extension 'python'
[4.809s] Level 1:colcon.colcon_core.package_identification:_identify(lab6_supplemental) by extensions ['python_setup_py']
[4.809s] Level 1:colcon.colcon_core.package_identification:_identify(lab6_supplemental) by extension 'python_setup_py'
[4.810s] Level 1:colcon.colcon_core.package_identification:_identify(log) by extensions ['ignore', 'ignore_ament_install']
[4.810s] Level 1:colcon.colcon_core.package_identification:_identify(log) by extension 'ignore'
[4.810s] Level 1:colcon.colcon_core.package_identification:_identify(log) ignored
[4.810s] Level 1:colcon.colcon_core.package_discovery:discover_packages(recursive) using defaults
[4.811s] Level 1:colcon.colcon_core.package_discovery:discover_packages(ignore) discover
[4.811s] Level 1:colcon.colcon_core.package_discovery:discover_packages(ignore) using defaults
[4.811s] Level 1:colcon.colcon_core.package_discovery:discover_packages(path) discover
[4.811s] Level 1:colcon.colcon_core.package_discovery:discover_packages(path) using defaults
[4.949s] Level 1:colcon.colcon_core.package_discovery:discover_packages(prefix_path) check parameters
[4.949s] Level 1:colcon.colcon_core.package_discovery:discover_packages(prefix_path) discover
[4.974s] DEBUG:colcon.colcon_installed_package_information.package_discovery:Found 8 installed packages in /home/burger/turtlebot3_ws/install
[4.984s] DEBUG:colcon.colcon_installed_package_information.package_discovery:Found 206 installed packages in /opt/ros/humble
[4.990s] Level 1:colcon.colcon_core.package_discovery:discover_packages(prefix_path) using defaults
[5.194s] Level 5:colcon.colcon_core.verb:set package 'final_lab' build argument 'cmake_args' from command line to 'None'
[5.195s] Level 5:colcon.colcon_core.verb:set package 'final_lab' build argument 'cmake_target' from command line to 'None'
[5.195s] Level 5:colcon.colcon_core.verb:set package 'final_lab' build argument 'cmake_target_skip_unavailable' from command line to 'False'
[5.195s] Level 5:colcon.colcon_core.verb:set package 'final_lab' build argument 'cmake_clean_cache' from command line to 'False'
[5.195s] Level 5:colcon.colcon_core.verb:set package 'final_lab' build argument 'cmake_clean_first' from command line to 'False'
[5.195s] Level 5:colcon.colcon_core.verb:set package 'final_lab' build argument 'cmake_force_configure' from command line to 'False'
[5.195s] Level 5:colcon.colcon_core.verb:set package 'final_lab' build argument 'ament_cmake_args' from command line to 'None'
[5.195s] Level 5:colcon.colcon_core.verb:set package 'final_lab' build argument 'catkin_cmake_args' from command line to 'None'
[5.195s] Level 5:colcon.colcon_core.verb:set package 'final_lab' build argument 'catkin_skip_building_tests' from command line to 'False'
[5.196s] DEBUG:colcon.colcon_core.verb:Building package 'final_lab' with the following arguments: {'ament_cmake_args': None, 'build_base': '/home/burger/CS-7785/lab_6/build/final_lab', 'catkin_cmake_args': None, 'catkin_skip_building_tests': False, 'cmake_args': None, 'cmake_clean_cache': False, 'cmake_clean_first': False, 'cmake_force_configure': False, 'cmake_target': None, 'cmake_target_skip_unavailable': False, 'install_base': '/home/burger/CS-7785/lab_6/install/final_lab', 'merge_install': False, 'path': '/home/burger/CS-7785/lab_6/final_lab', 'symlink_install': True, 'test_result_base': None}
[5.198s] INFO:colcon.colcon_core.executor:Executing jobs using 'parallel' executor
[5.210s] DEBUG:colcon.colcon_parallel_executor.executor.parallel:run_until_complete
[5.211s] INFO:colcon.colcon_ros.task.ament_python.build:Building ROS package in '/home/burger/CS-7785/lab_6/final_lab' with build type 'ament_python'
[5.212s] Level 1:colcon.colcon_core.shell:create_environment_hook('final_lab', 'ament_prefix_path')
[5.248s] INFO:colcon.colcon_core.plugin_system:Skipping extension 'colcon_core.shell.bat': Not used on non-Windows systems
[5.249s] INFO:colcon.colcon_core.shell:Creating environment hook '/home/burger/CS-7785/lab_6/install/final_lab/share/final_lab/hook/ament_prefix_path.ps1'
[5.253s] INFO:colcon.colcon_core.shell:Creating environment descriptor '/home/burger/CS-7785/lab_6/install/final_lab/share/final_lab/hook/ament_prefix_path.dsv'
[5.257s] INFO:colcon.colcon_core.shell:Creating environment hook '/home/burger/CS-7785/lab_6/install/final_lab/share/final_lab/hook/ament_prefix_path.sh'
[5.266s] INFO:colcon.colcon_core.shell:Skip shell extension 'powershell' for command environment: Not usable outside of PowerShell
[5.266s] DEBUG:colcon.colcon_core.shell:Skip shell extension 'dsv' for command environment
[6.130s] INFO:colcon.colcon_core.task.python.build:Building Python package in '/home/burger/CS-7785/lab_6/final_lab'
[6.135s] INFO:colcon.colcon_core.shell:Skip shell extension 'powershell' for command environment: Not usable outside of PowerShell
[6.135s] DEBUG:colcon.colcon_core.shell:Skip shell extension 'dsv' for command environment
[8.898s] DEBUG:colcon.colcon_core.event_handler.log_command:Invoking command in '/home/burger/CS-7785/lab_6/build/final_lab': PYTHONPATH=/home/burger/CS-7785/lab_6/build/final_lab/prefix_override:/home/burger/CS-7785/lab_6/install/final_lab/lib/python3.10/site-packages:${PYTHONPATH} /usr/bin/python3 setup.py develop --editable --build-directory /home/burger/CS-7785/lab_6/build/final_lab/build --no-deps install_data
[11.765s] Level 1:colcon.colcon_core.shell:create_environment_hook('final_lab', 'pythonpath_develop')
[11.770s] INFO:colcon.colcon_core.shell:Creating environment hook '/home/burger/CS-7785/lab_6/build/final_lab/share/final_lab/hook/pythonpath_develop.ps1'
[11.771s] DEBUG:colcon.colcon_core.event_handler.log_command:Invoked command in '/home/burger/CS-7785/lab_6/build/final_lab' returned '0': PYTHONPATH=/home/burger/CS-7785/lab_6/build/final_lab/prefix_override:/home/burger/CS-7785/lab_6/install/final_lab/lib/python3.10/site-packages:${PYTHONPATH} /usr/bin/python3 setup.py develop --editable --build-directory /home/burger/CS-7785/lab_6/build/final_lab/build --no-deps install_data
[11.773s] INFO:colcon.colcon_core.shell:Creating environment descriptor '/home/burger/CS-7785/lab_6/build/final_lab/share/final_lab/hook/pythonpath_develop.dsv'
[11.812s] INFO:colcon.colcon_core.shell:Creating environment hook '/home/burger/CS-7785/lab_6/build/final_lab/share/final_lab/hook/pythonpath_develop.sh'
[11.854s] Level 1:colcon.colcon_core.environment:checking '/home/burger/CS-7785/lab_6/install/final_lab' for CMake module files
[11.858s] Level 1:colcon.colcon_core.environment:checking '/home/burger/CS-7785/lab_6/install/final_lab' for CMake config files
[11.861s] Level 1:colcon.colcon_core.environment:checking '/home/burger/CS-7785/lab_6/install/final_lab/lib'
[11.862s] Level 1:colcon.colcon_core.environment:checking '/home/burger/CS-7785/lab_6/install/final_lab/bin'
[11.863s] Level 1:colcon.colcon_core.environment:checking '/home/burger/CS-7785/lab_6/install/final_lab/lib/pkgconfig/final_lab.pc'
[11.864s] Level 1:colcon.colcon_core.environment:checking '/home/burger/CS-7785/lab_6/install/final_lab/lib/python3.10/site-packages'
[11.864s] Level 1:colcon.colcon_core.shell:create_environment_hook('final_lab', 'pythonpath')
[11.869s] INFO:colcon.colcon_core.shell:Creating environment hook '/home/burger/CS-7785/lab_6/install/final_lab/share/final_lab/hook/pythonpath.ps1'
[11.871s] INFO:colcon.colcon_core.shell:Creating environment descriptor '/home/burger/CS-7785/lab_6/install/final_lab/share/final_lab/hook/pythonpath.dsv'
[11.872s] INFO:colcon.colcon_core.shell:Creating environment hook '/home/burger/CS-7785/lab_6/install/final_lab/share/final_lab/hook/pythonpath.sh'
[11.875s] Level 1:colcon.colcon_core.environment:checking '/home/burger/CS-7785/lab_6/install/final_lab/bin'
[11.875s] Level 1:colcon.colcon_core.environment:create_environment_scripts_only(final_lab)
[11.880s] INFO:colcon.colcon_core.shell:Creating package script '/home/burger/CS-7785/lab_6/install/final_lab/share/final_lab/package.ps1'
[11.884s] INFO:colcon.colcon_core.shell:Creating package descriptor '/home/burger/CS-7785/lab_6/install/final_lab/share/final_lab/package.dsv'
[11.888s] INFO:colcon.colcon_core.shell:Creating package script '/home/burger/CS-7785/lab_6/install/final_lab/share/final_lab/package.sh'
[11.891s] INFO:colcon.colcon_core.shell:Creating package script '/home/burger/CS-7785/lab_6/install/final_lab/share/final_lab/package.bash'
[11.897s] INFO:colcon.colcon_core.shell:Creating package script '/home/burger/CS-7785/lab_6/install/final_lab/share/final_lab/package.zsh'
[11.902s] Level 1:colcon.colcon_core.environment:create_file_with_runtime_dependencies(/home/burger/CS-7785/lab_6/install/final_lab/share/colcon-core/packages/final_lab)
[11.903s] DEBUG:colcon.colcon_parallel_executor.executor.parallel:closing loop
[11.905s] DEBUG:colcon.colcon_parallel_executor.executor.parallel:loop closed
[11.905s] DEBUG:colcon.colcon_parallel_executor.executor.parallel:run_until_complete finished with '0'
[11.906s] DEBUG:colcon.colcon_core.event_reactor:joining thread
[11.934s] INFO:colcon.colcon_core.plugin_system:Skipping extension 'colcon_notification.desktop_notification.notify_send': Could not find 'notify-send'
[11.934s] INFO:colcon.colcon_core.plugin_system:Skipping extension 'colcon_notification.desktop_notification.terminal_notifier': Not used on non-Darwin systems
[11.935s] INFO:colcon.colcon_core.plugin_system:Skipping extension 'colcon_notification.desktop_notification.win32': Not used on non-Windows systems
[11.935s] INFO:colcon.colcon_notification.desktop_notification:Sending desktop notification using 'notify2'
[11.976s] DEBUG:colcon.colcon_notification.desktop_notification.notify2:Failed to initialize notify2: org.freedesktop.DBus.Error.ServiceUnknown: The name org.freedesktop.Notifications was not provided by any .service files
[11.977s] DEBUG:colcon.colcon_core.event_reactor:joined thread
[11.984s] INFO:colcon.colcon_core.shell:Creating prefix script '/home/burger/CS-7785/lab_6/install/local_setup.ps1'
[11.989s] INFO:colcon.colcon_core.shell:Creating prefix util module '/home/burger/CS-7785/lab_6/install/_local_setup_util_ps1.py'
[11.998s] INFO:colcon.colcon_core.shell:Creating prefix chain script '/home/burger/CS-7785/lab_6/install/setup.ps1'
[12.008s] INFO:colcon.colcon_core.shell:Creating prefix script '/home/burger/CS-7785/lab_6/install/local_setup.sh'
[12.012s] INFO:colcon.colcon_core.shell:Creating prefix util module '/home/burger/CS-7785/lab_6/install/_local_setup_util_sh.py'
[12.014s] INFO:colcon.colcon_core.shell:Creating prefix chain script '/home/burger/CS-7785/lab_6/install/setup.sh'
[12.023s] INFO:colcon.colcon_core.shell:Creating prefix script '/home/burger/CS-7785/lab_6/install/local_setup.bash'
[12.026s] INFO:colcon.colcon_core.shell:Creating prefix chain script '/home/burger/CS-7785/lab_6/install/setup.bash'
[12.034s] INFO:colcon.colcon_core.shell:Creating prefix script '/home/burger/CS-7785/lab_6/install/local_setup.zsh'
[12.037s] INFO:colcon.colcon_core.shell:Creating prefix chain script '/home/burger/CS-7785/lab_6/install/setup.zsh'
