[3.561s] Invoking command in '/home/burger/CS-7785/lab_3/team13_chase_object': PYTHONPATH=/home/burger/CS-7785/lab_3/build/team13_chase_object/prefix_override:/home/burger/CS-7785/lab_3/install/team13_chase_object/lib/python3.10/site-packages:${PYTHONPATH} /usr/bin/python3 setup.py egg_info --egg-base ../build/team13_chase_object build --build-base /home/burger/CS-7785/lab_3/build/team13_chase_object/build install --record /home/burger/CS-7785/lab_3/build/team13_chase_object/install.log --single-version-externally-managed
[4.635s] running egg_info
[4.739s] writing ../build/team13_chase_object/team13_chase_object.egg-info/PKG-INFO
[4.741s] writing dependency_links to ../build/team13_chase_object/team13_chase_object.egg-info/dependency_links.txt
[4.746s] writing entry points to ../build/team13_chase_object/team13_chase_object.egg-info/entry_points.txt
[4.747s] writing requirements to ../build/team13_chase_object/team13_chase_object.egg-info/requires.txt
[4.747s] writing top-level names to ../build/team13_chase_object/team13_chase_object.egg-info/top_level.txt
[4.923s] reading manifest file '../build/team13_chase_object/team13_chase_object.egg-info/SOURCES.txt'
[4.929s] writing manifest file '../build/team13_chase_object/team13_chase_object.egg-info/SOURCES.txt'
[4.932s] running build
[4.933s] running build_py
[4.936s] running install
[4.937s] /usr/local/lib/python3.10/dist-packages/setuptools/_distutils/cmd.py:66: SetuptoolsDeprecationWarning: setup.py install is deprecated.
[4.938s] !!
[4.938s] 
[4.939s]         ********************************************************************************
[4.940s]         Please avoid running ``setup.py`` directly.
[4.940s]         Instead, use pypa/build, pypa/installer or other
[4.941s]         standards-based tools.
[4.942s] 
[4.942s]         See https://blog.ganssle.io/articles/2021/10/setup-py-deprecated.html for details.
[4.943s]         ********************************************************************************
[4.943s] 
[4.943s] !!
[4.944s]   self.initialize_options()
[4.965s] running install_lib
[5.043s] running install_data
[5.120s] running install_egg_info
[5.183s] removing '/home/burger/CS-7785/lab_3/install/team13_chase_object/lib/python3.10/site-packages/team13_chase_object-0.0.0-py3.10.egg-info' (and everything under it)
[5.185s] Copying ../build/team13_chase_object/team13_chase_object.egg-info to /home/burger/CS-7785/lab_3/install/team13_chase_object/lib/python3.10/site-packages/team13_chase_object-0.0.0-py3.10.egg-info
[5.193s] running install_scripts
[5.857s] Installing chase_object script to /home/burger/CS-7785/lab_3/install/team13_chase_object/lib/team13_chase_object
[5.858s] Installing detect_object script to /home/burger/CS-7785/lab_3/install/team13_chase_object/lib/team13_chase_object
[5.859s] Installing get_object_range script to /home/burger/CS-7785/lab_3/install/team13_chase_object/lib/team13_chase_object
[5.862s] writing list of installed files to '/home/burger/CS-7785/lab_3/build/team13_chase_object/install.log'
[6.015s] Invoked command in '/home/burger/CS-7785/lab_3/team13_chase_object' returned '0': PYTHONPATH=/home/burger/CS-7785/lab_3/build/team13_chase_object/prefix_override:/home/burger/CS-7785/lab_3/install/team13_chase_object/lib/python3.10/site-packages:${PYTHONPATH} /usr/bin/python3 setup.py egg_info --egg-base ../build/team13_chase_object build --build-base /home/burger/CS-7785/lab_3/build/team13_chase_object/build install --record /home/burger/CS-7785/lab_3/build/team13_chase_object/install.log --single-version-externally-managed
