[3.490s] Invoking command in '/home/burger/CS-7785/lab_3/team13_chase_object': PYTHONPATH=/home/burger/CS-7785/lab_3/build/team13_chase_object/prefix_override:/home/burger/CS-7785/lab_3/install/team13_chase_object/lib/python3.10/site-packages:${PYTHONPATH} /usr/bin/python3 setup.py egg_info --egg-base ../build/team13_chase_object build --build-base /home/burger/CS-7785/lab_3/build/team13_chase_object/build install --record /home/burger/CS-7785/lab_3/build/team13_chase_object/install.log --single-version-externally-managed
[4.486s] running egg_info
[4.555s] writing ../build/team13_chase_object/team13_chase_object.egg-info/PKG-INFO
[4.557s] writing dependency_links to ../build/team13_chase_object/team13_chase_object.egg-info/dependency_links.txt
[4.558s] writing entry points to ../build/team13_chase_object/team13_chase_object.egg-info/entry_points.txt
[4.559s] writing requirements to ../build/team13_chase_object/team13_chase_object.egg-info/requires.txt
[4.560s] writing top-level names to ../build/team13_chase_object/team13_chase_object.egg-info/top_level.txt
[4.693s] reading manifest file '../build/team13_chase_object/team13_chase_object.egg-info/SOURCES.txt'
[4.697s] writing manifest file '../build/team13_chase_object/team13_chase_object.egg-info/SOURCES.txt'
[4.698s] running build
[4.698s] running build_py
[4.700s] copying team13_chase_object/detect_object.py -> /home/burger/CS-7785/lab_3/build/team13_chase_object/build/lib/team13_chase_object
[4.701s] copying team13_chase_object/get_object_range.py -> /home/burger/CS-7785/lab_3/build/team13_chase_object/build/lib/team13_chase_object
[4.703s] running install
[4.705s] /usr/local/lib/python3.10/dist-packages/setuptools/_distutils/cmd.py:66: SetuptoolsDeprecationWarning: setup.py install is deprecated.
[4.705s] !!
[4.705s] 
[4.706s]         ********************************************************************************
[4.706s]         Please avoid running ``setup.py`` directly.
[4.706s]         Instead, use pypa/build, pypa/installer or other
[4.707s]         standards-based tools.
[4.707s] 
[4.708s]         See https://blog.ganssle.io/articles/2021/10/setup-py-deprecated.html for details.
[4.708s]         ********************************************************************************
[4.709s] 
[4.709s] !!
[4.710s]   self.initialize_options()
[4.732s] running install_lib
[4.793s] copying /home/burger/CS-7785/lab_3/build/team13_chase_object/build/lib/team13_chase_object/detect_object.py -> /home/burger/CS-7785/lab_3/install/team13_chase_object/lib/python3.10/site-packages/team13_chase_object
[4.794s] copying /home/burger/CS-7785/lab_3/build/team13_chase_object/build/lib/team13_chase_object/get_object_range.py -> /home/burger/CS-7785/lab_3/install/team13_chase_object/lib/python3.10/site-packages/team13_chase_object
[4.797s] byte-compiling /home/burger/CS-7785/lab_3/install/team13_chase_object/lib/python3.10/site-packages/team13_chase_object/detect_object.py to detect_object.cpython-310.pyc
[4.804s] byte-compiling /home/burger/CS-7785/lab_3/install/team13_chase_object/lib/python3.10/site-packages/team13_chase_object/get_object_range.py to get_object_range.cpython-310.pyc
[4.807s] running install_data
[4.877s] running install_egg_info
[4.939s] removing '/home/burger/CS-7785/lab_3/install/team13_chase_object/lib/python3.10/site-packages/team13_chase_object-0.0.0-py3.10.egg-info' (and everything under it)
[4.942s] Copying ../build/team13_chase_object/team13_chase_object.egg-info to /home/burger/CS-7785/lab_3/install/team13_chase_object/lib/python3.10/site-packages/team13_chase_object-0.0.0-py3.10.egg-info
[4.948s] running install_scripts
[5.615s] Installing chase_object script to /home/burger/CS-7785/lab_3/install/team13_chase_object/lib/team13_chase_object
[5.617s] Installing detect_object script to /home/burger/CS-7785/lab_3/install/team13_chase_object/lib/team13_chase_object
[5.619s] Installing get_object_range script to /home/burger/CS-7785/lab_3/install/team13_chase_object/lib/team13_chase_object
[5.621s] writing list of installed files to '/home/burger/CS-7785/lab_3/build/team13_chase_object/install.log'
[5.775s] Invoked command in '/home/burger/CS-7785/lab_3/team13_chase_object' returned '0': PYTHONPATH=/home/burger/CS-7785/lab_3/build/team13_chase_object/prefix_override:/home/burger/CS-7785/lab_3/install/team13_chase_object/lib/python3.10/site-packages:${PYTHONPATH} /usr/bin/python3 setup.py egg_info --egg-base ../build/team13_chase_object build --build-base /home/burger/CS-7785/lab_3/build/team13_chase_object/build install --record /home/burger/CS-7785/lab_3/build/team13_chase_object/install.log --single-version-externally-managed
