[3.504s] Invoking command in '/home/burger/CS-7785/lab_3/team13_chase_object': PYTHONPATH=/home/burger/CS-7785/lab_3/team13_chase_object/build/team13_chase_object/prefix_override:/home/burger/CS-7785/lab_3/team13_chase_object/install/team13_chase_object/lib/python3.10/site-packages:${PYTHONPATH} /usr/bin/python3 setup.py egg_info --egg-base build/team13_chase_object build --build-base /home/burger/CS-7785/lab_3/team13_chase_object/build/team13_chase_object/build install --record /home/burger/CS-7785/lab_3/team13_chase_object/build/team13_chase_object/install.log --single-version-externally-managed
[4.513s] running egg_info
[4.573s] writing build/team13_chase_object/team13_chase_object.egg-info/PKG-INFO
[4.575s] writing dependency_links to build/team13_chase_object/team13_chase_object.egg-info/dependency_links.txt
[4.578s] writing entry points to build/team13_chase_object/team13_chase_object.egg-info/entry_points.txt
[4.583s] writing requirements to build/team13_chase_object/team13_chase_object.egg-info/requires.txt
[4.584s] writing top-level names to build/team13_chase_object/team13_chase_object.egg-info/top_level.txt
[4.713s] reading manifest file 'build/team13_chase_object/team13_chase_object.egg-info/SOURCES.txt'
[4.718s] writing manifest file 'build/team13_chase_object/team13_chase_object.egg-info/SOURCES.txt'
[4.718s] running build
[4.720s] running build_py
[4.721s] copying team13_chase_object/get_object_range.py -> /home/burger/CS-7785/lab_3/team13_chase_object/build/team13_chase_object/build/lib/team13_chase_object
[4.722s] running install
[4.724s] /usr/local/lib/python3.10/dist-packages/setuptools/_distutils/cmd.py:66: SetuptoolsDeprecationWarning: setup.py install is deprecated.
[4.724s] !!
[4.725s] 
[4.725s]         ********************************************************************************
[4.726s]         Please avoid running ``setup.py`` directly.
[4.726s]         Instead, use pypa/build, pypa/installer or other
[4.727s]         standards-based tools.
[4.727s] 
[4.727s]         See https://blog.ganssle.io/articles/2021/10/setup-py-deprecated.html for details.
[4.728s]         ********************************************************************************
[4.728s] 
[4.728s] !!
[4.729s]   self.initialize_options()
[4.746s] running install_lib
[4.814s] copying /home/burger/CS-7785/lab_3/team13_chase_object/build/team13_chase_object/build/lib/team13_chase_object/get_object_range.py -> /home/burger/CS-7785/lab_3/team13_chase_object/install/team13_chase_object/lib/python3.10/site-packages/team13_chase_object
[4.817s] byte-compiling /home/burger/CS-7785/lab_3/team13_chase_object/install/team13_chase_object/lib/python3.10/site-packages/team13_chase_object/__init__.py to __init__.cpython-310.pyc
[4.819s] byte-compiling /home/burger/CS-7785/lab_3/team13_chase_object/install/team13_chase_object/lib/python3.10/site-packages/team13_chase_object/get_object_range.py to get_object_range.cpython-310.pyc
[4.823s] running install_data
[4.882s] running install_egg_info
[4.946s] removing '/home/burger/CS-7785/lab_3/team13_chase_object/install/team13_chase_object/lib/python3.10/site-packages/team13_chase_object-0.0.0-py3.10.egg-info' (and everything under it)
[4.951s] Copying build/team13_chase_object/team13_chase_object.egg-info to /home/burger/CS-7785/lab_3/team13_chase_object/install/team13_chase_object/lib/python3.10/site-packages/team13_chase_object-0.0.0-py3.10.egg-info
[4.957s] running install_scripts
[5.609s] Installing chase_object script to /home/burger/CS-7785/lab_3/team13_chase_object/install/team13_chase_object/lib/team13_chase_object
[5.610s] Installing detect_object script to /home/burger/CS-7785/lab_3/team13_chase_object/install/team13_chase_object/lib/team13_chase_object
[5.611s] Installing get_object_range script to /home/burger/CS-7785/lab_3/team13_chase_object/install/team13_chase_object/lib/team13_chase_object
[5.620s] writing list of installed files to '/home/burger/CS-7785/lab_3/team13_chase_object/build/team13_chase_object/install.log'
[5.767s] Invoked command in '/home/burger/CS-7785/lab_3/team13_chase_object' returned '0': PYTHONPATH=/home/burger/CS-7785/lab_3/team13_chase_object/build/team13_chase_object/prefix_override:/home/burger/CS-7785/lab_3/team13_chase_object/install/team13_chase_object/lib/python3.10/site-packages:${PYTHONPATH} /usr/bin/python3 setup.py egg_info --egg-base build/team13_chase_object build --build-base /home/burger/CS-7785/lab_3/team13_chase_object/build/team13_chase_object/build install --record /home/burger/CS-7785/lab_3/team13_chase_object/build/team13_chase_object/install.log --single-version-externally-managed
