[3.495s] Invoking command in '/home/burger/CS-7785/lab_3/team13_chase_object': PYTHONPATH=/home/burger/CS-7785/lab_3/build/team13_chase_object/prefix_override:/home/burger/CS-7785/lab_3/install/team13_chase_object/lib/python3.10/site-packages:${PYTHONPATH} /usr/bin/python3 setup.py egg_info --egg-base ../build/team13_chase_object build --build-base /home/burger/CS-7785/lab_3/build/team13_chase_object/build install --record /home/burger/CS-7785/lab_3/build/team13_chase_object/install.log --single-version-externally-managed
[4.495s] running egg_info
[4.560s] writing ../build/team13_chase_object/team13_chase_object.egg-info/PKG-INFO
[4.562s] writing dependency_links to ../build/team13_chase_object/team13_chase_object.egg-info/dependency_links.txt
[4.564s] writing entry points to ../build/team13_chase_object/team13_chase_object.egg-info/entry_points.txt
[4.566s] writing requirements to ../build/team13_chase_object/team13_chase_object.egg-info/requires.txt
[4.567s] writing top-level names to ../build/team13_chase_object/team13_chase_object.egg-info/top_level.txt
[4.695s] reading manifest file '../build/team13_chase_object/team13_chase_object.egg-info/SOURCES.txt'
[4.701s] writing manifest file '../build/team13_chase_object/team13_chase_object.egg-info/SOURCES.txt'
[4.702s] running build
[4.702s] running build_py
[4.704s] running install
[4.706s] /usr/local/lib/python3.10/dist-packages/setuptools/_distutils/cmd.py:66: SetuptoolsDeprecationWarning: setup.py install is deprecated.
[4.706s] !!
[4.707s] 
[4.708s]         ********************************************************************************
[4.708s]         Please avoid running ``setup.py`` directly.
[4.709s]         Instead, use pypa/build, pypa/installer or other
[4.710s]         standards-based tools.
[4.710s] 
[4.710s]         See https://blog.ganssle.io/articles/2021/10/setup-py-deprecated.html for details.
[4.711s]         ********************************************************************************
[4.712s] 
[4.712s] !!
[4.712s]   self.initialize_options()
[4.732s] running install_lib
[4.801s] running install_data
[4.867s] running install_egg_info
[4.932s] removing '/home/burger/CS-7785/lab_3/install/team13_chase_object/lib/python3.10/site-packages/team13_chase_object-0.0.0-py3.10.egg-info' (and everything under it)
[4.934s] Copying ../build/team13_chase_object/team13_chase_object.egg-info to /home/burger/CS-7785/lab_3/install/team13_chase_object/lib/python3.10/site-packages/team13_chase_object-0.0.0-py3.10.egg-info
[4.942s] running install_scripts
[5.616s] Installing chase_object script to /home/burger/CS-7785/lab_3/install/team13_chase_object/lib/team13_chase_object
[5.617s] Installing detect_object script to /home/burger/CS-7785/lab_3/install/team13_chase_object/lib/team13_chase_object
[5.619s] Installing get_object_range script to /home/burger/CS-7785/lab_3/install/team13_chase_object/lib/team13_chase_object
[5.621s] writing list of installed files to '/home/burger/CS-7785/lab_3/build/team13_chase_object/install.log'
[5.781s] Invoked command in '/home/burger/CS-7785/lab_3/team13_chase_object' returned '0': PYTHONPATH=/home/burger/CS-7785/lab_3/build/team13_chase_object/prefix_override:/home/burger/CS-7785/lab_3/install/team13_chase_object/lib/python3.10/site-packages:${PYTHONPATH} /usr/bin/python3 setup.py egg_info --egg-base ../build/team13_chase_object build --build-base /home/burger/CS-7785/lab_3/build/team13_chase_object/build install --record /home/burger/CS-7785/lab_3/build/team13_chase_object/install.log --single-version-externally-managed
