[0.525s] Invoking command in '/home/aryan/CS-7785/Lab 2/team13_object_follower': PYTHONPATH=/home/aryan/CS-7785/Lab 2/build/team13_object_follower/prefix_override:/home/aryan/CS-7785/Lab 2/install/team13_object_follower/lib/python3.10/site-packages:${PYTHONPATH} /usr/bin/python3 setup.py egg_info --egg-base ../build/team13_object_follower build --build-base /home/aryan/CS-7785/Lab 2/build/team13_object_follower/build install --record /home/aryan/CS-7785/Lab 2/build/team13_object_follower/install.log --single-version-externally-managed
[0.728s] running egg_info
[0.728s] writing ../build/team13_object_follower/team13_object_follower.egg-info/PKG-INFO
[0.728s] writing dependency_links to ../build/team13_object_follower/team13_object_follower.egg-info/dependency_links.txt
[0.728s] writing entry points to ../build/team13_object_follower/team13_object_follower.egg-info/entry_points.txt
[0.728s] writing requirements to ../build/team13_object_follower/team13_object_follower.egg-info/requires.txt
[0.728s] writing top-level names to ../build/team13_object_follower/team13_object_follower.egg-info/top_level.txt
[0.730s] reading manifest file '../build/team13_object_follower/team13_object_follower.egg-info/SOURCES.txt'
[0.731s] writing manifest file '../build/team13_object_follower/team13_object_follower.egg-info/SOURCES.txt'
[0.731s] running build
[0.731s] running build_py
[0.731s] running install
[0.731s] /usr/lib/python3/dist-packages/setuptools/command/install.py:34: SetuptoolsDeprecationWarning: setup.py install is deprecated. Use build and pip and other standards-based tools.
[0.731s]   warnings.warn(
[0.732s] running install_lib
[0.733s] running install_data
[0.733s] running install_egg_info
[0.735s] removing '/home/aryan/CS-7785/Lab 2/install/team13_object_follower/lib/python3.10/site-packages/team13_object_follower-0.0.0-py3.10.egg-info' (and everything under it)
[0.735s] Copying ../build/team13_object_follower/team13_object_follower.egg-info to /home/aryan/CS-7785/Lab 2/install/team13_object_follower/lib/python3.10/site-packages/team13_object_follower-0.0.0-py3.10.egg-info
[0.736s] running install_scripts
[0.751s] writing list of installed files to '/home/aryan/CS-7785/Lab 2/build/team13_object_follower/install.log'
[0.766s] Invoked command in '/home/aryan/CS-7785/Lab 2/team13_object_follower' returned '0': PYTHONPATH=/home/aryan/CS-7785/Lab 2/build/team13_object_follower/prefix_override:/home/aryan/CS-7785/Lab 2/install/team13_object_follower/lib/python3.10/site-packages:${PYTHONPATH} /usr/bin/python3 setup.py egg_info --egg-base ../build/team13_object_follower build --build-base /home/aryan/CS-7785/Lab 2/build/team13_object_follower/build install --record /home/aryan/CS-7785/Lab 2/build/team13_object_follower/install.log --single-version-externally-managed
