[3.576s] Invoking command in '/home/burger/CS-7785/lab_2/team13_object_follower': PYTHONPATH=/home/burger/CS-7785/lab_2/build/team13_object_follower/prefix_override:/home/burger/CS-7785/lab_2/install/team13_object_follower/lib/python3.10/site-packages:${PYTHONPATH} /usr/bin/python3 setup.py egg_info --egg-base ../build/team13_object_follower build --build-base /home/burger/CS-7785/lab_2/build/team13_object_follower/build install --record /home/burger/CS-7785/lab_2/build/team13_object_follower/install.log --single-version-externally-managed
[4.616s] running egg_info
[4.679s] writing ../build/team13_object_follower/team13_object_follower.egg-info/PKG-INFO
[4.683s] writing dependency_links to ../build/team13_object_follower/team13_object_follower.egg-info/dependency_links.txt
[4.687s] writing entry points to ../build/team13_object_follower/team13_object_follower.egg-info/entry_points.txt
[4.690s] writing requirements to ../build/team13_object_follower/team13_object_follower.egg-info/requires.txt
[4.691s] writing top-level names to ../build/team13_object_follower/team13_object_follower.egg-info/top_level.txt
[4.819s] reading manifest file '../build/team13_object_follower/team13_object_follower.egg-info/SOURCES.txt'
[4.825s] writing manifest file '../build/team13_object_follower/team13_object_follower.egg-info/SOURCES.txt'
[4.826s] running build
[4.826s] running build_py
[4.828s] copying team13_object_follower/find_object.py -> /home/burger/CS-7785/lab_2/build/team13_object_follower/build/lib/team13_object_follower
[4.830s] running install
[4.831s] /usr/local/lib/python3.10/dist-packages/setuptools/_distutils/cmd.py:66: SetuptoolsDeprecationWarning: setup.py install is deprecated.
[4.831s] !!
[4.832s] 
[4.832s]         ********************************************************************************
[4.833s]         Please avoid running ``setup.py`` directly.
[4.833s]         Instead, use pypa/build, pypa/installer or other
[4.834s]         standards-based tools.
[4.834s] 
[4.834s]         See https://blog.ganssle.io/articles/2021/10/setup-py-deprecated.html for details.
[4.835s]         ********************************************************************************
[4.835s] 
[4.836s] !!
[4.836s]   self.initialize_options()
[4.860s] running install_lib
[4.927s] copying /home/burger/CS-7785/lab_2/build/team13_object_follower/build/lib/team13_object_follower/find_object.py -> /home/burger/CS-7785/lab_2/install/team13_object_follower/lib/python3.10/site-packages/team13_object_follower
[4.931s] byte-compiling /home/burger/CS-7785/lab_2/install/team13_object_follower/lib/python3.10/site-packages/team13_object_follower/find_object.py to find_object.cpython-310.pyc
[4.937s] running install_data
[4.998s] running install_egg_info
[5.072s] removing '/home/burger/CS-7785/lab_2/install/team13_object_follower/lib/python3.10/site-packages/team13_object_follower-0.0.0-py3.10.egg-info' (and everything under it)
[5.075s] Copying ../build/team13_object_follower/team13_object_follower.egg-info to /home/burger/CS-7785/lab_2/install/team13_object_follower/lib/python3.10/site-packages/team13_object_follower-0.0.0-py3.10.egg-info
[5.082s] running install_scripts
[5.748s] Installing find_object script to /home/burger/CS-7785/lab_2/install/team13_object_follower/lib/team13_object_follower
[5.749s] Installing rotate_robot script to /home/burger/CS-7785/lab_2/install/team13_object_follower/lib/team13_object_follower
[5.753s] writing list of installed files to '/home/burger/CS-7785/lab_2/build/team13_object_follower/install.log'
[5.910s] Invoked command in '/home/burger/CS-7785/lab_2/team13_object_follower' returned '0': PYTHONPATH=/home/burger/CS-7785/lab_2/build/team13_object_follower/prefix_override:/home/burger/CS-7785/lab_2/install/team13_object_follower/lib/python3.10/site-packages:${PYTHONPATH} /usr/bin/python3 setup.py egg_info --egg-base ../build/team13_object_follower build --build-base /home/burger/CS-7785/lab_2/build/team13_object_follower/build install --record /home/burger/CS-7785/lab_2/build/team13_object_follower/install.log --single-version-externally-managed
