[5.216s] Invoking command in '/home/burger/CS-7785/lab_3/team13_chase_object': PYTHONPATH=/home/burger/CS-7785/lab_3/build/team13_chase_object/prefix_override:/home/burger/CS-7785/lab_3/install/team13_chase_object/lib/python3.10/site-packages:${PYTHONPATH} /usr/bin/python3 setup.py egg_info --egg-base ../build/team13_chase_object build --build-base /home/burger/CS-7785/lab_3/build/team13_chase_object/build install --record /home/burger/CS-7785/lab_3/build/team13_chase_object/install.log --single-version-externally-managed
[6.205s] running egg_info
[6.267s] writing ../build/team13_chase_object/team13_chase_object.egg-info/PKG-INFO
[6.269s] writing dependency_links to ../build/team13_chase_object/team13_chase_object.egg-info/dependency_links.txt
[6.270s] writing entry points to ../build/team13_chase_object/team13_chase_object.egg-info/entry_points.txt
[6.272s] writing requirements to ../build/team13_chase_object/team13_chase_object.egg-info/requires.txt
[6.273s] writing top-level names to ../build/team13_chase_object/team13_chase_object.egg-info/top_level.txt
[6.399s] reading manifest file '../build/team13_chase_object/team13_chase_object.egg-info/SOURCES.txt'
[6.407s] writing manifest file '../build/team13_chase_object/team13_chase_object.egg-info/SOURCES.txt'
[6.407s] running build
[6.407s] running build_py
[6.408s] copying team13_chase_object/chase_object.py -> /home/burger/CS-7785/lab_3/build/team13_chase_object/build/lib/team13_chase_object
[6.411s] running install
[6.412s] /usr/local/lib/python3.10/dist-packages/setuptools/_distutils/cmd.py:66: SetuptoolsDeprecationWarning: setup.py install is deprecated.
[6.412s] !!
[6.413s] 
[6.413s]         ********************************************************************************
[6.413s]         Please avoid running ``setup.py`` directly.
[6.414s]         Instead, use pypa/build, pypa/installer or other
[6.414s]         standards-based tools.
[6.414s] 
[6.415s]         See https://blog.ganssle.io/articles/2021/10/setup-py-deprecated.html for details.
[6.415s]         ********************************************************************************
[6.415s] 
[6.415s] !!
[6.416s]   self.initialize_options()
[6.434s] running install_lib
[6.511s] copying /home/burger/CS-7785/lab_3/build/team13_chase_object/build/lib/team13_chase_object/chase_object.py -> /home/burger/CS-7785/lab_3/install/team13_chase_object/lib/python3.10/site-packages/team13_chase_object
[6.512s] byte-compiling /home/burger/CS-7785/lab_3/install/team13_chase_object/lib/python3.10/site-packages/team13_chase_object/chase_object.py to chase_object.cpython-310.pyc
[6.514s] running install_data
[6.579s] running install_egg_info
[6.643s] removing '/home/burger/CS-7785/lab_3/install/team13_chase_object/lib/python3.10/site-packages/team13_chase_object-0.0.0-py3.10.egg-info' (and everything under it)
[6.646s] Copying ../build/team13_chase_object/team13_chase_object.egg-info to /home/burger/CS-7785/lab_3/install/team13_chase_object/lib/python3.10/site-packages/team13_chase_object-0.0.0-py3.10.egg-info
[6.654s] running install_scripts
[7.307s] Installing chase_object script to /home/burger/CS-7785/lab_3/install/team13_chase_object/lib/team13_chase_object
[7.312s] Installing detect_object script to /home/burger/CS-7785/lab_3/install/team13_chase_object/lib/team13_chase_object
[7.313s] Installing get_object_range script to /home/burger/CS-7785/lab_3/install/team13_chase_object/lib/team13_chase_object
[7.315s] writing list of installed files to '/home/burger/CS-7785/lab_3/build/team13_chase_object/install.log'
[7.459s] Invoked command in '/home/burger/CS-7785/lab_3/team13_chase_object' returned '0': PYTHONPATH=/home/burger/CS-7785/lab_3/build/team13_chase_object/prefix_override:/home/burger/CS-7785/lab_3/install/team13_chase_object/lib/python3.10/site-packages:${PYTHONPATH} /usr/bin/python3 setup.py egg_info --egg-base ../build/team13_chase_object build --build-base /home/burger/CS-7785/lab_3/build/team13_chase_object/build install --record /home/burger/CS-7785/lab_3/build/team13_chase_object/install.log --single-version-externally-managed
