[3.565s] Invoking command in '/home/burger/CS-7785/lab_2/team13_object_follower': PYTHONPATH=/home/burger/CS-7785/lab_2/build/team13_object_follower/prefix_override:/home/burger/CS-7785/lab_2/install/team13_object_follower/lib/python3.10/site-packages:${PYTHONPATH} /usr/bin/python3 setup.py egg_info --egg-base ../build/team13_object_follower build --build-base /home/burger/CS-7785/lab_2/build/team13_object_follower/build install --record /home/burger/CS-7785/lab_2/build/team13_object_follower/install.log --single-version-externally-managed
[4.577s] running egg_info
[4.644s] writing ../build/team13_object_follower/team13_object_follower.egg-info/PKG-INFO
[4.646s] writing dependency_links to ../build/team13_object_follower/team13_object_follower.egg-info/dependency_links.txt
[4.647s] writing requirements to ../build/team13_object_follower/team13_object_follower.egg-info/requires.txt
[4.648s] writing top-level names to ../build/team13_object_follower/team13_object_follower.egg-info/top_level.txt
[4.777s] reading manifest file '../build/team13_object_follower/team13_object_follower.egg-info/SOURCES.txt'
[4.781s] writing manifest file '../build/team13_object_follower/team13_object_follower.egg-info/SOURCES.txt'
[4.782s] running build
[4.783s] running build_py
[4.785s] running install
[4.786s] /usr/local/lib/python3.10/dist-packages/setuptools/_distutils/cmd.py:66: SetuptoolsDeprecationWarning: setup.py install is deprecated.
[4.787s] !!
[4.787s] 
[4.787s]         ********************************************************************************
[4.794s]         Please avoid running ``setup.py`` directly.
[4.794s]         Instead, use pypa/build, pypa/installer or other
[4.795s]         standards-based tools.
[4.795s] 
[4.795s]         See https://blog.ganssle.io/articles/2021/10/setup-py-deprecated.html for details.
[4.796s]         ********************************************************************************
[4.796s] 
[4.796s] !!
[4.797s]   self.initialize_options()
[4.814s] running install_lib
[4.882s] running install_data
[4.943s] running install_egg_info
[5.031s] removing '/home/burger/CS-7785/lab_2/install/team13_object_follower/lib/python3.10/site-packages/team13_object_follower-0.0.0-py3.10.egg-info' (and everything under it)
[5.033s] Copying ../build/team13_object_follower/team13_object_follower.egg-info to /home/burger/CS-7785/lab_2/install/team13_object_follower/lib/python3.10/site-packages/team13_object_follower-0.0.0-py3.10.egg-info
[5.040s] running install_scripts
[5.726s] writing list of installed files to '/home/burger/CS-7785/lab_2/build/team13_object_follower/install.log'
[5.875s] Invoked command in '/home/burger/CS-7785/lab_2/team13_object_follower' returned '0': PYTHONPATH=/home/burger/CS-7785/lab_2/build/team13_object_follower/prefix_override:/home/burger/CS-7785/lab_2/install/team13_object_follower/lib/python3.10/site-packages:${PYTHONPATH} /usr/bin/python3 setup.py egg_info --egg-base ../build/team13_object_follower build --build-base /home/burger/CS-7785/lab_2/build/team13_object_follower/build install --record /home/burger/CS-7785/lab_2/build/team13_object_follower/install.log --single-version-externally-managed
