[4.766s] Invoking command in '/home/burger/CS-7785/lab_3/team13_chase_object': PYTHONPATH=/home/burger/CS-7785/lab_3/team13_chase_object/build/team13_chase_object/prefix_override:/home/burger/CS-7785/lab_3/team13_chase_object/install/team13_chase_object/lib/python3.10/site-packages:${PYTHONPATH} /usr/bin/python3 setup.py egg_info --egg-base build/team13_chase_object build --build-base /home/burger/CS-7785/lab_3/team13_chase_object/build/team13_chase_object/build install --record /home/burger/CS-7785/lab_3/team13_chase_object/build/team13_chase_object/install.log --single-version-externally-managed
[6.044s] running egg_info
[6.116s] writing build/team13_chase_object/team13_chase_object.egg-info/PKG-INFO
[6.120s] writing dependency_links to build/team13_chase_object/team13_chase_object.egg-info/dependency_links.txt
[6.120s] writing entry points to build/team13_chase_object/team13_chase_object.egg-info/entry_points.txt
[6.122s] writing requirements to build/team13_chase_object/team13_chase_object.egg-info/requires.txt
[6.123s] writing top-level names to build/team13_chase_object/team13_chase_object.egg-info/top_level.txt
[6.287s] reading manifest file 'build/team13_chase_object/team13_chase_object.egg-info/SOURCES.txt'
[6.292s] writing manifest file 'build/team13_chase_object/team13_chase_object.egg-info/SOURCES.txt'
[6.294s] running build
[6.295s] running build_py
[6.295s] copying team13_chase_object/chase_object.py -> /home/burger/CS-7785/lab_3/team13_chase_object/build/team13_chase_object/build/lib/team13_chase_object
[6.297s] running install
[6.302s] /usr/local/lib/python3.10/dist-packages/setuptools/_distutils/cmd.py:66: SetuptoolsDeprecationWarning: setup.py install is deprecated.
[6.303s] !!
[6.304s] 
[6.307s]         ********************************************************************************
[6.307s]         Please avoid running ``setup.py`` directly.
[6.307s]         Instead, use pypa/build, pypa/installer or other
[6.308s]         standards-based tools.
[6.313s] 
[6.313s]         See https://blog.ganssle.io/articles/2021/10/setup-py-deprecated.html for details.
[6.313s]         ********************************************************************************
[6.314s] 
[6.314s] !!
[6.315s]   self.initialize_options()
[6.324s] running install_lib
[6.406s] copying /home/burger/CS-7785/lab_3/team13_chase_object/build/team13_chase_object/build/lib/team13_chase_object/chase_object.py -> /home/burger/CS-7785/lab_3/team13_chase_object/install/team13_chase_object/lib/python3.10/site-packages/team13_chase_object
[6.417s] byte-compiling /home/burger/CS-7785/lab_3/team13_chase_object/install/team13_chase_object/lib/python3.10/site-packages/team13_chase_object/chase_object.py to chase_object.cpython-310.pyc
[6.420s] byte-compiling /home/burger/CS-7785/lab_3/team13_chase_object/install/team13_chase_object/lib/python3.10/site-packages/team13_chase_object/__init__.py to __init__.cpython-310.pyc
[6.421s] running install_data
[6.502s] running install_egg_info
[6.590s] removing '/home/burger/CS-7785/lab_3/team13_chase_object/install/team13_chase_object/lib/python3.10/site-packages/team13_chase_object-0.0.0-py3.10.egg-info' (and everything under it)
[6.592s] Copying build/team13_chase_object/team13_chase_object.egg-info to /home/burger/CS-7785/lab_3/team13_chase_object/install/team13_chase_object/lib/python3.10/site-packages/team13_chase_object-0.0.0-py3.10.egg-info
[6.600s] running install_scripts
[7.474s] Installing chase_object script to /home/burger/CS-7785/lab_3/team13_chase_object/install/team13_chase_object/lib/team13_chase_object
[7.476s] Installing detect_object script to /home/burger/CS-7785/lab_3/team13_chase_object/install/team13_chase_object/lib/team13_chase_object
[7.477s] Installing get_object_range script to /home/burger/CS-7785/lab_3/team13_chase_object/install/team13_chase_object/lib/team13_chase_object
[7.480s] writing list of installed files to '/home/burger/CS-7785/lab_3/team13_chase_object/build/team13_chase_object/install.log'
[7.640s] Invoked command in '/home/burger/CS-7785/lab_3/team13_chase_object' returned '0': PYTHONPATH=/home/burger/CS-7785/lab_3/team13_chase_object/build/team13_chase_object/prefix_override:/home/burger/CS-7785/lab_3/team13_chase_object/install/team13_chase_object/lib/python3.10/site-packages:${PYTHONPATH} /usr/bin/python3 setup.py egg_info --egg-base build/team13_chase_object build --build-base /home/burger/CS-7785/lab_3/team13_chase_object/build/team13_chase_object/build install --record /home/burger/CS-7785/lab_3/team13_chase_object/build/team13_chase_object/install.log --single-version-externally-managed
