[0.617s] Invoking command in '/home/aryan/CS-7785/lab_3/team13_chase_object': PYTHONPATH=/home/aryan/CS-7785/lab_3/team13_chase_object/build/team13_chase_object/prefix_override:/home/aryan/CS-7785/lab_3/team13_chase_object/install/team13_chase_object/lib/python3.10/site-packages:${PYTHONPATH} /usr/bin/python3 setup.py egg_info --egg-base build/team13_chase_object build --build-base /home/aryan/CS-7785/lab_3/team13_chase_object/build/team13_chase_object/build install --record /home/aryan/CS-7785/lab_3/team13_chase_object/build/team13_chase_object/install.log --single-version-externally-managed
[0.804s] running egg_info
[0.805s] creating build/team13_chase_object/team13_chase_object.egg-info
[0.805s] writing build/team13_chase_object/team13_chase_object.egg-info/PKG-INFO
[0.805s] writing dependency_links to build/team13_chase_object/team13_chase_object.egg-info/dependency_links.txt
[0.805s] writing entry points to build/team13_chase_object/team13_chase_object.egg-info/entry_points.txt
[0.805s] writing requirements to build/team13_chase_object/team13_chase_object.egg-info/requires.txt
[0.805s] writing top-level names to build/team13_chase_object/team13_chase_object.egg-info/top_level.txt
[0.806s] writing manifest file 'build/team13_chase_object/team13_chase_object.egg-info/SOURCES.txt'
[0.806s] reading manifest file 'build/team13_chase_object/team13_chase_object.egg-info/SOURCES.txt'
[0.807s] writing manifest file 'build/team13_chase_object/team13_chase_object.egg-info/SOURCES.txt'
[0.808s] running build
[0.808s] running build_py
[0.808s] creating /home/aryan/CS-7785/lab_3/team13_chase_object/build/team13_chase_object/build
[0.808s] creating /home/aryan/CS-7785/lab_3/team13_chase_object/build/team13_chase_object/build/lib
[0.808s] creating /home/aryan/CS-7785/lab_3/team13_chase_object/build/team13_chase_object/build/lib/team13_chase_object
[0.808s] copying team13_chase_object/find_object.py -> /home/aryan/CS-7785/lab_3/team13_chase_object/build/team13_chase_object/build/lib/team13_chase_object
[0.808s] copying team13_chase_object/rotate_robot.py -> /home/aryan/CS-7785/lab_3/team13_chase_object/build/team13_chase_object/build/lib/team13_chase_object
[0.808s] copying team13_chase_object/__init__.py -> /home/aryan/CS-7785/lab_3/team13_chase_object/build/team13_chase_object/build/lib/team13_chase_object
[0.808s] running install
[0.808s] /usr/lib/python3/dist-packages/setuptools/command/install.py:34: SetuptoolsDeprecationWarning: setup.py install is deprecated. Use build and pip and other standards-based tools.
[0.808s]   warnings.warn(
[0.808s] running install_lib
[0.809s] creating /home/aryan/CS-7785/lab_3/team13_chase_object/install/team13_chase_object/lib/python3.10/site-packages/team13_chase_object
[0.809s] copying /home/aryan/CS-7785/lab_3/team13_chase_object/build/team13_chase_object/build/lib/team13_chase_object/find_object.py -> /home/aryan/CS-7785/lab_3/team13_chase_object/install/team13_chase_object/lib/python3.10/site-packages/team13_chase_object
[0.809s] copying /home/aryan/CS-7785/lab_3/team13_chase_object/build/team13_chase_object/build/lib/team13_chase_object/rotate_robot.py -> /home/aryan/CS-7785/lab_3/team13_chase_object/install/team13_chase_object/lib/python3.10/site-packages/team13_chase_object
[0.809s] copying /home/aryan/CS-7785/lab_3/team13_chase_object/build/team13_chase_object/build/lib/team13_chase_object/__init__.py -> /home/aryan/CS-7785/lab_3/team13_chase_object/install/team13_chase_object/lib/python3.10/site-packages/team13_chase_object
[0.810s] byte-compiling /home/aryan/CS-7785/lab_3/team13_chase_object/install/team13_chase_object/lib/python3.10/site-packages/team13_chase_object/find_object.py to find_object.cpython-310.pyc
[0.811s] byte-compiling /home/aryan/CS-7785/lab_3/team13_chase_object/install/team13_chase_object/lib/python3.10/site-packages/team13_chase_object/rotate_robot.py to rotate_robot.cpython-310.pyc
[0.811s] byte-compiling /home/aryan/CS-7785/lab_3/team13_chase_object/install/team13_chase_object/lib/python3.10/site-packages/team13_chase_object/__init__.py to __init__.cpython-310.pyc
[0.811s] running install_data
[0.812s] creating /home/aryan/CS-7785/lab_3/team13_chase_object/install/team13_chase_object/share/ament_index
[0.812s] creating /home/aryan/CS-7785/lab_3/team13_chase_object/install/team13_chase_object/share/ament_index/resource_index
[0.812s] creating /home/aryan/CS-7785/lab_3/team13_chase_object/install/team13_chase_object/share/ament_index/resource_index/packages
[0.812s] copying resource/team13_chase_object -> /home/aryan/CS-7785/lab_3/team13_chase_object/install/team13_chase_object/share/ament_index/resource_index/packages
[0.812s] copying package.xml -> /home/aryan/CS-7785/lab_3/team13_chase_object/install/team13_chase_object/share/team13_chase_object
[0.812s] running install_egg_info
[0.813s] Copying build/team13_chase_object/team13_chase_object.egg-info to /home/aryan/CS-7785/lab_3/team13_chase_object/install/team13_chase_object/lib/python3.10/site-packages/team13_chase_object-0.0.0-py3.10.egg-info
[0.814s] running install_scripts
[0.828s] writing list of installed files to '/home/aryan/CS-7785/lab_3/team13_chase_object/build/team13_chase_object/install.log'
[0.845s] Invoked command in '/home/aryan/CS-7785/lab_3/team13_chase_object' returned '0': PYTHONPATH=/home/aryan/CS-7785/lab_3/team13_chase_object/build/team13_chase_object/prefix_override:/home/aryan/CS-7785/lab_3/team13_chase_object/install/team13_chase_object/lib/python3.10/site-packages:${PYTHONPATH} /usr/bin/python3 setup.py egg_info --egg-base build/team13_chase_object build --build-base /home/aryan/CS-7785/lab_3/team13_chase_object/build/team13_chase_object/build install --record /home/aryan/CS-7785/lab_3/team13_chase_object/build/team13_chase_object/install.log --single-version-externally-managed
