[3.403s] Invoking command in '/home/burger/CS-7785/lab_3/team13_chase_object': PYTHONPATH=/home/burger/CS-7785/lab_3/build/team13_chase_object/prefix_override:/home/burger/CS-7785/lab_3/install/team13_chase_object/lib/python3.10/site-packages:${PYTHONPATH} /usr/bin/python3 setup.py egg_info --egg-base ../build/team13_chase_object build --build-base /home/burger/CS-7785/lab_3/build/team13_chase_object/build install --record /home/burger/CS-7785/lab_3/build/team13_chase_object/install.log --single-version-externally-managed
[4.406s] running egg_info
[4.468s] writing ../build/team13_chase_object/team13_chase_object.egg-info/PKG-INFO
[4.470s] writing dependency_links to ../build/team13_chase_object/team13_chase_object.egg-info/dependency_links.txt
[4.471s] writing entry points to ../build/team13_chase_object/team13_chase_object.egg-info/entry_points.txt
[4.471s] writing requirements to ../build/team13_chase_object/team13_chase_object.egg-info/requires.txt
[4.472s] writing top-level names to ../build/team13_chase_object/team13_chase_object.egg-info/top_level.txt
[4.601s] reading manifest file '../build/team13_chase_object/team13_chase_object.egg-info/SOURCES.txt'
[4.606s] writing manifest file '../build/team13_chase_object/team13_chase_object.egg-info/SOURCES.txt'
[4.608s] running build
[4.608s] running build_py
[4.610s] copying team13_chase_object/chase_object.py -> /home/burger/CS-7785/lab_3/build/team13_chase_object/build/lib/team13_chase_object
[4.611s] running install
[4.612s] /usr/local/lib/python3.10/dist-packages/setuptools/_distutils/cmd.py:66: SetuptoolsDeprecationWarning: setup.py install is deprecated.
[4.613s] !!
[4.613s] 
[4.616s]         ********************************************************************************
[4.617s]         Please avoid running ``setup.py`` directly.
[4.617s]         Instead, use pypa/build, pypa/installer or other
[4.617s]         standards-based tools.
[4.618s] 
[4.618s]         See https://blog.ganssle.io/articles/2021/10/setup-py-deprecated.html for details.
[4.618s]         ********************************************************************************
[4.619s] 
[4.619s] !!
[4.632s]   self.initialize_options()
[4.638s] running install_lib
[4.697s] copying /home/burger/CS-7785/lab_3/build/team13_chase_object/build/lib/team13_chase_object/chase_object.py -> /home/burger/CS-7785/lab_3/install/team13_chase_object/lib/python3.10/site-packages/team13_chase_object
[4.701s] byte-compiling /home/burger/CS-7785/lab_3/install/team13_chase_object/lib/python3.10/site-packages/team13_chase_object/chase_object.py to chase_object.cpython-310.pyc
[4.705s] running install_data
[4.771s] running install_egg_info
[4.837s] removing '/home/burger/CS-7785/lab_3/install/team13_chase_object/lib/python3.10/site-packages/team13_chase_object-0.0.0-py3.10.egg-info' (and everything under it)
[4.837s] Copying ../build/team13_chase_object/team13_chase_object.egg-info to /home/burger/CS-7785/lab_3/install/team13_chase_object/lib/python3.10/site-packages/team13_chase_object-0.0.0-py3.10.egg-info
[4.845s] running install_scripts
[5.510s] Installing chase_object script to /home/burger/CS-7785/lab_3/install/team13_chase_object/lib/team13_chase_object
[5.512s] Installing detect_object script to /home/burger/CS-7785/lab_3/install/team13_chase_object/lib/team13_chase_object
[5.514s] Installing get_object_range script to /home/burger/CS-7785/lab_3/install/team13_chase_object/lib/team13_chase_object
[5.518s] writing list of installed files to '/home/burger/CS-7785/lab_3/build/team13_chase_object/install.log'
[5.702s] Invoked command in '/home/burger/CS-7785/lab_3/team13_chase_object' returned '0': PYTHONPATH=/home/burger/CS-7785/lab_3/build/team13_chase_object/prefix_override:/home/burger/CS-7785/lab_3/install/team13_chase_object/lib/python3.10/site-packages:${PYTHONPATH} /usr/bin/python3 setup.py egg_info --egg-base ../build/team13_chase_object build --build-base /home/burger/CS-7785/lab_3/build/team13_chase_object/build install --record /home/burger/CS-7785/lab_3/build/team13_chase_object/install.log --single-version-externally-managed
