[4.504s] Invoking command in '/home/burger/CS-7785/lab_3/team13_chase_object': PYTHONPATH=/home/burger/CS-7785/lab_3/team13_chase_object/build/team13_chase_object/prefix_override:/home/burger/CS-7785/lab_3/team13_chase_object/install/team13_chase_object/lib/python3.10/site-packages:${PYTHONPATH} /usr/bin/python3 setup.py egg_info --egg-base build/team13_chase_object build --build-base /home/burger/CS-7785/lab_3/team13_chase_object/build/team13_chase_object/build install --record /home/burger/CS-7785/lab_3/team13_chase_object/build/team13_chase_object/install.log --single-version-externally-managed
[5.722s] running egg_info
[5.810s] writing build/team13_chase_object/team13_chase_object.egg-info/PKG-INFO
[5.812s] writing dependency_links to build/team13_chase_object/team13_chase_object.egg-info/dependency_links.txt
[5.814s] writing entry points to build/team13_chase_object/team13_chase_object.egg-info/entry_points.txt
[5.816s] writing requirements to build/team13_chase_object/team13_chase_object.egg-info/requires.txt
[5.818s] writing top-level names to build/team13_chase_object/team13_chase_object.egg-info/top_level.txt
[5.987s] reading manifest file 'build/team13_chase_object/team13_chase_object.egg-info/SOURCES.txt'
[5.990s] writing manifest file 'build/team13_chase_object/team13_chase_object.egg-info/SOURCES.txt'
[5.993s] running build
[5.996s] running build_py
[5.997s] copying team13_chase_object/get_object_range.py -> /home/burger/CS-7785/lab_3/team13_chase_object/build/team13_chase_object/build/lib/team13_chase_object
[5.998s] running install
[5.998s] /usr/local/lib/python3.10/dist-packages/setuptools/_distutils/cmd.py:66: SetuptoolsDeprecationWarning: setup.py install is deprecated.
[6.004s] !!
[6.005s] 
[6.005s]         ********************************************************************************
[6.005s]         Please avoid running ``setup.py`` directly.
[6.006s]         Instead, use pypa/build, pypa/installer or other
[6.006s]         standards-based tools.
[6.006s] 
[6.007s]         See https://blog.ganssle.io/articles/2021/10/setup-py-deprecated.html for details.
[6.007s]         ********************************************************************************
[6.008s] 
[6.008s] !!
[6.009s]   self.initialize_options()
[6.027s] running install_lib
[6.105s] copying /home/burger/CS-7785/lab_3/team13_chase_object/build/team13_chase_object/build/lib/team13_chase_object/get_object_range.py -> /home/burger/CS-7785/lab_3/team13_chase_object/install/team13_chase_object/lib/python3.10/site-packages/team13_chase_object
[6.110s] byte-compiling /home/burger/CS-7785/lab_3/team13_chase_object/install/team13_chase_object/lib/python3.10/site-packages/team13_chase_object/__init__.py to __init__.cpython-310.pyc
[6.112s] byte-compiling /home/burger/CS-7785/lab_3/team13_chase_object/install/team13_chase_object/lib/python3.10/site-packages/team13_chase_object/get_object_range.py to get_object_range.cpython-310.pyc
[6.115s] running install_data
[6.200s] running install_egg_info
[6.293s] removing '/home/burger/CS-7785/lab_3/team13_chase_object/install/team13_chase_object/lib/python3.10/site-packages/team13_chase_object-0.0.0-py3.10.egg-info' (and everything under it)
[6.297s] Copying build/team13_chase_object/team13_chase_object.egg-info to /home/burger/CS-7785/lab_3/team13_chase_object/install/team13_chase_object/lib/python3.10/site-packages/team13_chase_object-0.0.0-py3.10.egg-info
[6.308s] running install_scripts
[7.142s] Installing chase_object script to /home/burger/CS-7785/lab_3/team13_chase_object/install/team13_chase_object/lib/team13_chase_object
[7.145s] Installing detect_object script to /home/burger/CS-7785/lab_3/team13_chase_object/install/team13_chase_object/lib/team13_chase_object
[7.145s] Installing get_object_range script to /home/burger/CS-7785/lab_3/team13_chase_object/install/team13_chase_object/lib/team13_chase_object
[7.147s] writing list of installed files to '/home/burger/CS-7785/lab_3/team13_chase_object/build/team13_chase_object/install.log'
[7.318s] Invoked command in '/home/burger/CS-7785/lab_3/team13_chase_object' returned '0': PYTHONPATH=/home/burger/CS-7785/lab_3/team13_chase_object/build/team13_chase_object/prefix_override:/home/burger/CS-7785/lab_3/team13_chase_object/install/team13_chase_object/lib/python3.10/site-packages:${PYTHONPATH} /usr/bin/python3 setup.py egg_info --egg-base build/team13_chase_object build --build-base /home/burger/CS-7785/lab_3/team13_chase_object/build/team13_chase_object/build install --record /home/burger/CS-7785/lab_3/team13_chase_object/build/team13_chase_object/install.log --single-version-externally-managed
