[3.828s] Invoking command in '/home/burger/CS-7785/lab_3/team13_chase_object': PYTHONPATH=/home/burger/CS-7785/lab_3/build/team13_chase_object/prefix_override:/home/burger/CS-7785/lab_3/install/team13_chase_object/lib/python3.10/site-packages:${PYTHONPATH} /usr/bin/python3 setup.py egg_info --egg-base ../build/team13_chase_object build --build-base /home/burger/CS-7785/lab_3/build/team13_chase_object/build install --record /home/burger/CS-7785/lab_3/build/team13_chase_object/install.log --single-version-externally-managed
[4.744s] running egg_info
[4.800s] writing ../build/team13_chase_object/team13_chase_object.egg-info/PKG-INFO
[4.801s] writing dependency_links to ../build/team13_chase_object/team13_chase_object.egg-info/dependency_links.txt
[4.803s] writing entry points to ../build/team13_chase_object/team13_chase_object.egg-info/entry_points.txt
[4.804s] writing requirements to ../build/team13_chase_object/team13_chase_object.egg-info/requires.txt
[4.805s] writing top-level names to ../build/team13_chase_object/team13_chase_object.egg-info/top_level.txt
[4.924s] reading manifest file '../build/team13_chase_object/team13_chase_object.egg-info/SOURCES.txt'
[4.928s] writing manifest file '../build/team13_chase_object/team13_chase_object.egg-info/SOURCES.txt'
[4.929s] running build
[4.929s] running build_py
[4.932s] running install
[4.935s] /usr/local/lib/python3.10/dist-packages/setuptools/_distutils/cmd.py:66: SetuptoolsDeprecationWarning: setup.py install is deprecated.
[4.935s] !!
[4.936s] 
[4.936s]         ********************************************************************************
[4.937s]         Please avoid running ``setup.py`` directly.
[4.938s]         Instead, use pypa/build, pypa/installer or other
[4.938s]         standards-based tools.
[4.938s] 
[4.939s]         See https://blog.ganssle.io/articles/2021/10/setup-py-deprecated.html for details.
[4.939s]         ********************************************************************************
[4.939s] 
[4.940s] !!
[4.940s]   self.initialize_options()
[4.957s] running install_lib
[5.016s] byte-compiling /home/burger/CS-7785/lab_3/install/team13_chase_object/lib/python3.10/site-packages/team13_chase_object/get_object_range.py to get_object_range.cpython-310.pyc
[5.020s]   File "/home/burger/CS-7785/lab_3/install/team13_chase_object/lib/python3.10/site-packages/team13_chase_object/get_object_range.py", line 66
[5.020s]     if count 
[5.020s]              ^
[5.021s] SyntaxError: expected ':'
[5.021s] 
[5.022s] running install_data
[5.081s] running install_egg_info
[5.141s] removing '/home/burger/CS-7785/lab_3/install/team13_chase_object/lib/python3.10/site-packages/team13_chase_object-0.0.0-py3.10.egg-info' (and everything under it)
[5.143s] Copying ../build/team13_chase_object/team13_chase_object.egg-info to /home/burger/CS-7785/lab_3/install/team13_chase_object/lib/python3.10/site-packages/team13_chase_object-0.0.0-py3.10.egg-info
[5.149s] running install_scripts
[5.747s] Installing chase_object script to /home/burger/CS-7785/lab_3/install/team13_chase_object/lib/team13_chase_object
[5.748s] Installing detect_object script to /home/burger/CS-7785/lab_3/install/team13_chase_object/lib/team13_chase_object
[5.749s] Installing get_object_range script to /home/burger/CS-7785/lab_3/install/team13_chase_object/lib/team13_chase_object
[5.751s] writing list of installed files to '/home/burger/CS-7785/lab_3/build/team13_chase_object/install.log'
[5.885s] Invoked command in '/home/burger/CS-7785/lab_3/team13_chase_object' returned '0': PYTHONPATH=/home/burger/CS-7785/lab_3/build/team13_chase_object/prefix_override:/home/burger/CS-7785/lab_3/install/team13_chase_object/lib/python3.10/site-packages:${PYTHONPATH} /usr/bin/python3 setup.py egg_info --egg-base ../build/team13_chase_object build --build-base /home/burger/CS-7785/lab_3/build/team13_chase_object/build install --record /home/burger/CS-7785/lab_3/build/team13_chase_object/install.log --single-version-externally-managed
