[0.534s] Invoking command in '/home/aryan/CS-7785/Lab 2/team13_object_follower': PYTHONPATH=/home/aryan/CS-7785/Lab 2/build/team13_object_follower/prefix_override:/home/aryan/CS-7785/Lab 2/install/team13_object_follower/lib/python3.10/site-packages:${PYTHONPATH} /usr/bin/python3 setup.py egg_info --egg-base ../build/team13_object_follower build --build-base /home/aryan/CS-7785/Lab 2/build/team13_object_follower/build install --record /home/aryan/CS-7785/Lab 2/build/team13_object_follower/install.log --single-version-externally-managed
[0.715s] running egg_info
[0.715s] creating ../build/team13_object_follower/team13_object_follower.egg-info
[0.715s] writing ../build/team13_object_follower/team13_object_follower.egg-info/PKG-INFO
[0.716s] writing dependency_links to ../build/team13_object_follower/team13_object_follower.egg-info/dependency_links.txt
[0.716s] writing entry points to ../build/team13_object_follower/team13_object_follower.egg-info/entry_points.txt
[0.716s] writing requirements to ../build/team13_object_follower/team13_object_follower.egg-info/requires.txt
[0.716s] writing top-level names to ../build/team13_object_follower/team13_object_follower.egg-info/top_level.txt
[0.716s] writing manifest file '../build/team13_object_follower/team13_object_follower.egg-info/SOURCES.txt'
[0.717s] reading manifest file '../build/team13_object_follower/team13_object_follower.egg-info/SOURCES.txt'
[0.718s] writing manifest file '../build/team13_object_follower/team13_object_follower.egg-info/SOURCES.txt'
[0.718s] running build
[0.718s] running build_py
[0.718s] creating /home/aryan/CS-7785/Lab 2/build/team13_object_follower/build
[0.718s] creating /home/aryan/CS-7785/Lab 2/build/team13_object_follower/build/lib
[0.719s] creating /home/aryan/CS-7785/Lab 2/build/team13_object_follower/build/lib/team13_object_follower
[0.719s] copying team13_object_follower/__init__.py -> /home/aryan/CS-7785/Lab 2/build/team13_object_follower/build/lib/team13_object_follower
[0.719s] running install
[0.719s] /usr/lib/python3/dist-packages/setuptools/command/install.py:34: SetuptoolsDeprecationWarning: setup.py install is deprecated. Use build and pip and other standards-based tools.
[0.719s]   warnings.warn(
[0.720s] running install_lib
[0.720s] creating /home/aryan/CS-7785/Lab 2/install/team13_object_follower/lib/python3.10/site-packages/team13_object_follower
[0.720s] copying /home/aryan/CS-7785/Lab 2/build/team13_object_follower/build/lib/team13_object_follower/__init__.py -> /home/aryan/CS-7785/Lab 2/install/team13_object_follower/lib/python3.10/site-packages/team13_object_follower
[0.720s] byte-compiling /home/aryan/CS-7785/Lab 2/install/team13_object_follower/lib/python3.10/site-packages/team13_object_follower/__init__.py to __init__.cpython-310.pyc
[0.721s] running install_data
[0.721s] creating /home/aryan/CS-7785/Lab 2/install/team13_object_follower/share/ament_index
[0.721s] creating /home/aryan/CS-7785/Lab 2/install/team13_object_follower/share/ament_index/resource_index
[0.721s] creating /home/aryan/CS-7785/Lab 2/install/team13_object_follower/share/ament_index/resource_index/packages
[0.721s] copying resource/team13_object_follower -> /home/aryan/CS-7785/Lab 2/install/team13_object_follower/share/ament_index/resource_index/packages
[0.721s] copying package.xml -> /home/aryan/CS-7785/Lab 2/install/team13_object_follower/share/team13_object_follower
[0.721s] running install_egg_info
[0.723s] Copying ../build/team13_object_follower/team13_object_follower.egg-info to /home/aryan/CS-7785/Lab 2/install/team13_object_follower/lib/python3.10/site-packages/team13_object_follower-0.0.0-py3.10.egg-info
[0.723s] running install_scripts
[0.738s] writing list of installed files to '/home/aryan/CS-7785/Lab 2/build/team13_object_follower/install.log'
[0.752s] Invoked command in '/home/aryan/CS-7785/Lab 2/team13_object_follower' returned '0': PYTHONPATH=/home/aryan/CS-7785/Lab 2/build/team13_object_follower/prefix_override:/home/aryan/CS-7785/Lab 2/install/team13_object_follower/lib/python3.10/site-packages:${PYTHONPATH} /usr/bin/python3 setup.py egg_info --egg-base ../build/team13_object_follower build --build-base /home/aryan/CS-7785/Lab 2/build/team13_object_follower/build install --record /home/aryan/CS-7785/Lab 2/build/team13_object_follower/install.log --single-version-externally-managed
