[3.506s] Invoking command in '/home/burger/CS-7785/lab_3/team13_chase_object': PYTHONPATH=/home/burger/CS-7785/lab_3/build/team13_chase_object/prefix_override:/home/burger/CS-7785/lab_3/install/team13_chase_object/lib/python3.10/site-packages:${PYTHONPATH} /usr/bin/python3 setup.py egg_info --egg-base ../build/team13_chase_object build --build-base /home/burger/CS-7785/lab_3/build/team13_chase_object/build install --record /home/burger/CS-7785/lab_3/build/team13_chase_object/install.log --single-version-externally-managed
[4.507s] running egg_info
[4.573s] writing ../build/team13_chase_object/team13_chase_object.egg-info/PKG-INFO
[4.574s] writing dependency_links to ../build/team13_chase_object/team13_chase_object.egg-info/dependency_links.txt
[4.576s] writing entry points to ../build/team13_chase_object/team13_chase_object.egg-info/entry_points.txt
[4.577s] writing requirements to ../build/team13_chase_object/team13_chase_object.egg-info/requires.txt
[4.578s] writing top-level names to ../build/team13_chase_object/team13_chase_object.egg-info/top_level.txt
[4.706s] reading manifest file '../build/team13_chase_object/team13_chase_object.egg-info/SOURCES.txt'
[4.712s] writing manifest file '../build/team13_chase_object/team13_chase_object.egg-info/SOURCES.txt'
[4.712s] running build
[4.713s] running build_py
[4.715s] running install
[4.717s] /usr/local/lib/python3.10/dist-packages/setuptools/_distutils/cmd.py:66: SetuptoolsDeprecationWarning: setup.py install is deprecated.
[4.717s] !!
[4.718s] 
[4.719s]         ********************************************************************************
[4.721s]         Please avoid running ``setup.py`` directly.
[4.722s]         Instead, use pypa/build, pypa/installer or other
[4.722s]         standards-based tools.
[4.723s] 
[4.723s]         See https://blog.ganssle.io/articles/2021/10/setup-py-deprecated.html for details.
[4.724s]         ********************************************************************************
[4.724s] 
[4.725s] !!
[4.725s]   self.initialize_options()
[4.741s] running install_lib
[4.804s] byte-compiling /home/burger/CS-7785/lab_3/install/team13_chase_object/lib/python3.10/site-packages/team13_chase_object/get_object_range.py to get_object_range.cpython-310.pyc
[4.807s]   File "/home/burger/CS-7785/lab_3/install/team13_chase_object/lib/python3.10/site-packages/team13_chase_object/get_object_range.py", line 66
[4.807s]     if count 
[4.807s]              ^
[4.808s] SyntaxError: expected ':'
[4.808s] 
[4.808s] running install_data
[4.867s] running install_egg_info
[4.936s] removing '/home/burger/CS-7785/lab_3/install/team13_chase_object/lib/python3.10/site-packages/team13_chase_object-0.0.0-py3.10.egg-info' (and everything under it)
[4.938s] Copying ../build/team13_chase_object/team13_chase_object.egg-info to /home/burger/CS-7785/lab_3/install/team13_chase_object/lib/python3.10/site-packages/team13_chase_object-0.0.0-py3.10.egg-info
[4.947s] running install_scripts
[5.595s] Installing chase_object script to /home/burger/CS-7785/lab_3/install/team13_chase_object/lib/team13_chase_object
[5.597s] Installing detect_object script to /home/burger/CS-7785/lab_3/install/team13_chase_object/lib/team13_chase_object
[5.598s] Installing get_object_range script to /home/burger/CS-7785/lab_3/install/team13_chase_object/lib/team13_chase_object
[5.610s] writing list of installed files to '/home/burger/CS-7785/lab_3/build/team13_chase_object/install.log'
[5.747s] Invoked command in '/home/burger/CS-7785/lab_3/team13_chase_object' returned '0': PYTHONPATH=/home/burger/CS-7785/lab_3/build/team13_chase_object/prefix_override:/home/burger/CS-7785/lab_3/install/team13_chase_object/lib/python3.10/site-packages:${PYTHONPATH} /usr/bin/python3 setup.py egg_info --egg-base ../build/team13_chase_object build --build-base /home/burger/CS-7785/lab_3/build/team13_chase_object/build install --record /home/burger/CS-7785/lab_3/build/team13_chase_object/install.log --single-version-externally-managed
