[1.048s] DEBUG:colcon:Command line arguments: ['/usr/bin/colcon', 'build', '--symlink-install']
[1.048s] DEBUG:colcon:Parsed command line arguments: Namespace(log_base=None, log_level=None, verb_name='build', build_base='build', install_base='install', merge_install=False, symlink_install=True, test_result_base=None, continue_on_error=False, executor='parallel', parallel_workers=12, event_handlers=None, ignore_user_meta=False, metas=['./colcon.meta'], base_paths=['.'], packages_ignore=None, packages_ignore_regex=None, paths=None, packages_up_to=None, packages_up_to_regex=None, packages_above=None, packages_above_and_dependencies=None, packages_above_depth=None, packages_select_by_dep=None, packages_skip_by_dep=None, packages_skip_up_to=None, packages_select_build_failed=False, packages_skip_build_finished=False, packages_select_test_failures=False, packages_skip_test_passed=False, packages_select=None, packages_skip=None, packages_select_regex=None, packages_skip_regex=None, packages_start=None, packages_end=None, allow_overriding=[], cmake_args=None, cmake_target=None, cmake_target_skip_unavailable=False, cmake_clean_cache=False, cmake_clean_first=False, cmake_force_configure=False, ament_cmake_args=None, catkin_cmake_args=None, catkin_skip_building_tests=False, verb_parser=<colcon_defaults.argument_parser.defaults.DefaultArgumentsDecorator object at 0x7f68a31a6920>, verb_extension=<colcon_core.verb.build.BuildVerb object at 0x7f68a3199d20>, main=<bound method BuildVerb.main of <colcon_core.verb.build.BuildVerb object at 0x7f68a3199d20>>)
[1.100s] Level 1:colcon.colcon_core.package_discovery:discover_packages(colcon_meta) check parameters
[1.100s] Level 1:colcon.colcon_core.package_discovery:discover_packages(recursive) check parameters
[1.100s] Level 1:colcon.colcon_core.package_discovery:discover_packages(ignore) check parameters
[1.100s] Level 1:colcon.colcon_core.package_discovery:discover_packages(path) check parameters
[1.100s] Level 1:colcon.colcon_core.package_discovery:discover_packages(colcon_meta) discover
[1.100s] Level 1:colcon.colcon_core.package_discovery:discover_packages(recursive) discover
[1.100s] INFO:colcon.colcon_core.package_discovery:Crawling recursively for packages in '/home/aryan/CS-7785/lab_6/final_lab'
[1.100s] Level 1:colcon.colcon_core.package_identification:_identify(.) by extensions ['ignore', 'ignore_ament_install']
[1.100s] Level 1:colcon.colcon_core.package_identification:_identify(.) by extension 'ignore'
[1.100s] Level 1:colcon.colcon_core.package_identification:_identify(.) by extension 'ignore_ament_install'
[1.100s] Level 1:colcon.colcon_core.package_identification:_identify(.) by extensions ['colcon_pkg']
[1.100s] Level 1:colcon.colcon_core.package_identification:_identify(.) by extension 'colcon_pkg'
[1.100s] Level 1:colcon.colcon_core.package_identification:_identify(.) by extensions ['colcon_meta']
[1.100s] Level 1:colcon.colcon_core.package_identification:_identify(.) by extension 'colcon_meta'
[1.101s] Level 1:colcon.colcon_core.package_identification:_identify(.) by extensions ['ros']
[1.101s] Level 1:colcon.colcon_core.package_identification:_identify(.) by extension 'ros'
[1.110s] DEBUG:colcon.colcon_core.package_identification:Package '.' with type 'ros.ament_python' and name 'final_lab'
[1.110s] Level 1:colcon.colcon_core.package_discovery:discover_packages(recursive) using defaults
[1.110s] Level 1:colcon.colcon_core.package_discovery:discover_packages(ignore) discover
[1.110s] Level 1:colcon.colcon_core.package_discovery:discover_packages(ignore) using defaults
[1.110s] Level 1:colcon.colcon_core.package_discovery:discover_packages(path) discover
[1.110s] Level 1:colcon.colcon_core.package_discovery:discover_packages(path) using defaults
[1.212s] Level 1:colcon.colcon_core.package_discovery:discover_packages(prefix_path) check parameters
[1.212s] Level 1:colcon.colcon_core.package_discovery:discover_packages(prefix_path) discover
[1.245s] DEBUG:colcon.colcon_installed_package_information.package_discovery:Found 15 installed packages in /home/aryan/turtlebot3_ws/install
[1.261s] DEBUG:colcon.colcon_installed_package_information.package_discovery:Found 380 installed packages in /opt/ros/humble
[1.263s] Level 1:colcon.colcon_core.package_discovery:discover_packages(prefix_path) using defaults
[1.358s] Level 5:colcon.colcon_core.verb:set package 'final_lab' build argument 'cmake_args' from command line to 'None'
[1.358s] Level 5:colcon.colcon_core.verb:set package 'final_lab' build argument 'cmake_target' from command line to 'None'
[1.358s] Level 5:colcon.colcon_core.verb:set package 'final_lab' build argument 'cmake_target_skip_unavailable' from command line to 'False'
[1.358s] Level 5:colcon.colcon_core.verb:set package 'final_lab' build argument 'cmake_clean_cache' from command line to 'False'
[1.358s] Level 5:colcon.colcon_core.verb:set package 'final_lab' build argument 'cmake_clean_first' from command line to 'False'
[1.358s] Level 5:colcon.colcon_core.verb:set package 'final_lab' build argument 'cmake_force_configure' from command line to 'False'
[1.358s] Level 5:colcon.colcon_core.verb:set package 'final_lab' build argument 'ament_cmake_args' from command line to 'None'
[1.358s] Level 5:colcon.colcon_core.verb:set package 'final_lab' build argument 'catkin_cmake_args' from command line to 'None'
[1.358s] Level 5:colcon.colcon_core.verb:set package 'final_lab' build argument 'catkin_skip_building_tests' from command line to 'False'
[1.358s] DEBUG:colcon.colcon_core.verb:Building package 'final_lab' with the following arguments: {'ament_cmake_args': None, 'build_base': '/home/aryan/CS-7785/lab_6/final_lab/build/final_lab', 'catkin_cmake_args': None, 'catkin_skip_building_tests': False, 'cmake_args': None, 'cmake_clean_cache': False, 'cmake_clean_first': False, 'cmake_force_configure': False, 'cmake_target': None, 'cmake_target_skip_unavailable': False, 'install_base': '/home/aryan/CS-7785/lab_6/final_lab/install/final_lab', 'merge_install': False, 'path': '/home/aryan/CS-7785/lab_6/final_lab', 'symlink_install': True, 'test_result_base': None}
[1.374s] INFO:colcon.colcon_core.executor:Executing jobs using 'parallel' executor
[1.389s] DEBUG:colcon.colcon_parallel_executor.executor.parallel:run_until_complete
[1.389s] INFO:colcon.colcon_ros.task.ament_python.build:Building ROS package in '/home/aryan/CS-7785/lab_6/final_lab' with build type 'ament_python'
[1.389s] Level 1:colcon.colcon_core.shell:create_environment_hook('final_lab', 'ament_prefix_path')
[1.410s] INFO:colcon.colcon_core.plugin_system:Skipping extension 'colcon_core.shell.bat': Not used on non-Windows systems
[1.410s] INFO:colcon.colcon_core.shell:Creating environment hook '/home/aryan/CS-7785/lab_6/final_lab/install/final_lab/share/final_lab/hook/ament_prefix_path.ps1'
[1.411s] INFO:colcon.colcon_core.shell:Creating environment descriptor '/home/aryan/CS-7785/lab_6/final_lab/install/final_lab/share/final_lab/hook/ament_prefix_path.dsv'
[1.411s] INFO:colcon.colcon_core.shell:Creating environment hook '/home/aryan/CS-7785/lab_6/final_lab/install/final_lab/share/final_lab/hook/ament_prefix_path.sh'
[1.428s] INFO:colcon.colcon_core.shell:Skip shell extension 'powershell' for command environment: Not usable outside of PowerShell
[1.428s] DEBUG:colcon.colcon_core.shell:Skip shell extension 'dsv' for command environment
[1.702s] INFO:colcon.colcon_core.task.python.build:Building Python package in '/home/aryan/CS-7785/lab_6/final_lab'
[1.721s] INFO:colcon.colcon_core.shell:Skip shell extension 'powershell' for command environment: Not usable outside of PowerShell
[1.721s] DEBUG:colcon.colcon_core.shell:Skip shell extension 'dsv' for command environment
[2.080s] DEBUG:colcon.colcon_core.event_handler.log_command:Invoking command in '/home/aryan/CS-7785/lab_6/final_lab/build/final_lab': PYTHONPATH=/home/aryan/CS-7785/lab_6/final_lab/build/final_lab/prefix_override:/home/aryan/CS-7785/lab_6/final_lab/install/final_lab/lib/python3.10/site-packages:${PYTHONPATH} /usr/bin/python3 setup.py develop --editable --build-directory /home/aryan/CS-7785/lab_6/final_lab/build/final_lab/build --no-deps install_data
[2.524s] Level 1:colcon.colcon_core.shell:create_environment_hook('final_lab', 'pythonpath_develop')
[2.524s] DEBUG:colcon.colcon_core.event_handler.log_command:Invoked command in '/home/aryan/CS-7785/lab_6/final_lab/build/final_lab' returned '0': PYTHONPATH=/home/aryan/CS-7785/lab_6/final_lab/build/final_lab/prefix_override:/home/aryan/CS-7785/lab_6/final_lab/install/final_lab/lib/python3.10/site-packages:${PYTHONPATH} /usr/bin/python3 setup.py develop --editable --build-directory /home/aryan/CS-7785/lab_6/final_lab/build/final_lab/build --no-deps install_data
[2.540s] INFO:colcon.colcon_core.shell:Creating environment hook '/home/aryan/CS-7785/lab_6/final_lab/build/final_lab/share/final_lab/hook/pythonpath_develop.ps1'
[2.541s] INFO:colcon.colcon_core.shell:Creating environment descriptor '/home/aryan/CS-7785/lab_6/final_lab/build/final_lab/share/final_lab/hook/pythonpath_develop.dsv'
[2.541s] INFO:colcon.colcon_core.shell:Creating environment hook '/home/aryan/CS-7785/lab_6/final_lab/build/final_lab/share/final_lab/hook/pythonpath_develop.sh'
[2.562s] Level 1:colcon.colcon_core.environment:checking '/home/aryan/CS-7785/lab_6/final_lab/install/final_lab' for CMake module files
[2.563s] Level 1:colcon.colcon_core.environment:checking '/home/aryan/CS-7785/lab_6/final_lab/install/final_lab' for CMake config files
[2.563s] Level 1:colcon.colcon_core.environment:checking '/home/aryan/CS-7785/lab_6/final_lab/install/final_lab/lib'
[2.563s] Level 1:colcon.colcon_core.environment:checking '/home/aryan/CS-7785/lab_6/final_lab/install/final_lab/bin'
[2.563s] Level 1:colcon.colcon_core.environment:checking '/home/aryan/CS-7785/lab_6/final_lab/install/final_lab/lib/pkgconfig/final_lab.pc'
[2.563s] Level 1:colcon.colcon_core.environment:checking '/home/aryan/CS-7785/lab_6/final_lab/install/final_lab/lib/python3.10/site-packages'
[2.563s] Level 1:colcon.colcon_core.shell:create_environment_hook('final_lab', 'pythonpath')
[2.579s] INFO:colcon.colcon_core.shell:Creating environment hook '/home/aryan/CS-7785/lab_6/final_lab/install/final_lab/share/final_lab/hook/pythonpath.ps1'
[2.580s] INFO:colcon.colcon_core.shell:Creating environment descriptor '/home/aryan/CS-7785/lab_6/final_lab/install/final_lab/share/final_lab/hook/pythonpath.dsv'
[2.580s] INFO:colcon.colcon_core.shell:Creating environment hook '/home/aryan/CS-7785/lab_6/final_lab/install/final_lab/share/final_lab/hook/pythonpath.sh'
[2.580s] Level 1:colcon.colcon_core.environment:checking '/home/aryan/CS-7785/lab_6/final_lab/install/final_lab/bin'
[2.580s] Level 1:colcon.colcon_core.environment:create_environment_scripts_only(final_lab)
[2.597s] INFO:colcon.colcon_core.shell:Creating package script '/home/aryan/CS-7785/lab_6/final_lab/install/final_lab/share/final_lab/package.ps1'
[2.597s] INFO:colcon.colcon_core.shell:Creating package descriptor '/home/aryan/CS-7785/lab_6/final_lab/install/final_lab/share/final_lab/package.dsv'
[2.598s] INFO:colcon.colcon_core.shell:Creating package script '/home/aryan/CS-7785/lab_6/final_lab/install/final_lab/share/final_lab/package.sh'
[2.598s] INFO:colcon.colcon_core.shell:Creating package script '/home/aryan/CS-7785/lab_6/final_lab/install/final_lab/share/final_lab/package.bash'
[2.599s] INFO:colcon.colcon_core.shell:Creating package script '/home/aryan/CS-7785/lab_6/final_lab/install/final_lab/share/final_lab/package.zsh'
[2.600s] Level 1:colcon.colcon_core.environment:create_file_with_runtime_dependencies(/home/aryan/CS-7785/lab_6/final_lab/install/final_lab/share/colcon-core/packages/final_lab)
[2.600s] DEBUG:colcon.colcon_parallel_executor.executor.parallel:closing loop
[2.600s] DEBUG:colcon.colcon_parallel_executor.executor.parallel:loop closed
[2.600s] DEBUG:colcon.colcon_parallel_executor.executor.parallel:run_until_complete finished with '0'
[2.600s] DEBUG:colcon.colcon_core.event_reactor:joining thread
[2.622s] INFO:colcon.colcon_core.plugin_system:Skipping extension 'colcon_notification.desktop_notification.terminal_notifier': Not used on non-Darwin systems
[2.622s] INFO:colcon.colcon_core.plugin_system:Skipping extension 'colcon_notification.desktop_notification.win32': Not used on non-Windows systems
[2.622s] INFO:colcon.colcon_notification.desktop_notification:Sending desktop notification using 'notify2'
[2.639s] DEBUG:colcon.colcon_core.event_reactor:joined thread
[2.658s] INFO:colcon.colcon_core.shell:Creating prefix script '/home/aryan/CS-7785/lab_6/final_lab/install/local_setup.ps1'
[2.659s] INFO:colcon.colcon_core.shell:Creating prefix util module '/home/aryan/CS-7785/lab_6/final_lab/install/_local_setup_util_ps1.py'
[2.660s] INFO:colcon.colcon_core.shell:Creating prefix chain script '/home/aryan/CS-7785/lab_6/final_lab/install/setup.ps1'
[2.681s] INFO:colcon.colcon_core.shell:Creating prefix script '/home/aryan/CS-7785/lab_6/final_lab/install/local_setup.sh'
[2.681s] INFO:colcon.colcon_core.shell:Creating prefix util module '/home/aryan/CS-7785/lab_6/final_lab/install/_local_setup_util_sh.py'
[2.682s] INFO:colcon.colcon_core.shell:Creating prefix chain script '/home/aryan/CS-7785/lab_6/final_lab/install/setup.sh'
[2.699s] INFO:colcon.colcon_core.shell:Creating prefix script '/home/aryan/CS-7785/lab_6/final_lab/install/local_setup.bash'
[2.700s] INFO:colcon.colcon_core.shell:Creating prefix chain script '/home/aryan/CS-7785/lab_6/final_lab/install/setup.bash'
[2.718s] INFO:colcon.colcon_core.shell:Creating prefix script '/home/aryan/CS-7785/lab_6/final_lab/install/local_setup.zsh'
[2.718s] INFO:colcon.colcon_core.shell:Creating prefix chain script '/home/aryan/CS-7785/lab_6/final_lab/install/setup.zsh'
