running egg_info
writing ../build/team13_object_follower/team13_object_follower.egg-info/PKG-INFO
writing dependency_links to ../build/team13_object_follower/team13_object_follower.egg-info/dependency_links.txt
writing entry points to ../build/team13_object_follower/team13_object_follower.egg-info/entry_points.txt
writing requirements to ../build/team13_object_follower/team13_object_follower.egg-info/requires.txt
writing top-level names to ../build/team13_object_follower/team13_object_follower.egg-info/top_level.txt
reading manifest file '../build/team13_object_follower/team13_object_follower.egg-info/SOURCES.txt'
writing manifest file '../build/team13_object_follower/team13_object_follower.egg-info/SOURCES.txt'
running build
running build_py
copying team13_object_follower/find_object.py -> /home/burger/CS-7785/lab_2/build/team13_object_follower/build/lib/team13_object_follower
running install
running install_lib
copying /home/burger/CS-7785/lab_2/build/team13_object_follower/build/lib/team13_object_follower/find_object.py -> /home/burger/CS-7785/lab_2/install/team13_object_follower/lib/python3.10/site-packages/team13_object_follower
byte-compiling /home/burger/CS-7785/lab_2/install/team13_object_follower/lib/python3.10/site-packages/team13_object_follower/find_object.py to find_object.cpython-310.pyc
running install_data
running install_egg_info
removing '/home/burger/CS-7785/lab_2/install/team13_object_follower/lib/python3.10/site-packages/team13_object_follower-0.0.0-py3.10.egg-info' (and everything under it)
Copying ../build/team13_object_follower/team13_object_follower.egg-info to /home/burger/CS-7785/lab_2/install/team13_object_follower/lib/python3.10/site-packages/team13_object_follower-0.0.0-py3.10.egg-info
running install_scripts
Installing find_object script to /home/burger/CS-7785/lab_2/install/team13_object_follower/lib/team13_object_follower
Installing rotate_robot script to /home/burger/CS-7785/lab_2/install/team13_object_follower/lib/team13_object_follower
writing list of installed files to '/home/burger/CS-7785/lab_2/build/team13_object_follower/install.log'
